2024-06-08 03:18:48.822 [info] Added views:workbench.panel.markers.view in workbench.panel.markers
2024-06-08 03:18:48.822 [info] Added views:workbench.panel.output in workbench.panel.output
2024-06-08 03:18:48.822 [info] Added views:terminal in terminal
2024-06-08 03:18:48.822 [info] Added views:outline in workbench.view.explorer
2024-06-08 03:18:48.822 [info] Added views:workbench.scm in workbench.view.scm
2024-06-08 03:18:48.823 [info] Added views:workbench.view.search in workbench.view.search
2024-06-08 03:18:48.823 [info] Added views:timeline in workbench.view.explorer
2024-06-08 03:18:48.823 [info] Added views:workbench.explorer.fileView in workbench.view.explorer
2024-06-08 03:18:49.327 [info] Added views:workbench.debug.welcome in workbench.view.debug
2024-06-08 03:18:50.162 [info] Added views:workbench.panel.repl.view in workbench.panel.repl
2024-06-08 03:18:51.167 [info] Added views:~remote.forwardedPorts in ~remote.forwardedPortsContainer
2024-06-08 03:18:57.942 [info] Added views:workbench.views.extensions.installed,workbench.views.extensions.popular,extensions.recommendedList in workbench.view.extensions
2024-06-08 03:18:57.946 [info] Removed views:workbench.views.extensions.popular from workbench.view.extensions
2024-06-08 03:19:05.726 [info] Removed views:workbench.panel.repl.view from workbench.panel.repl
2024-06-08 03:19:05.929 [info] Added views:workbench.panel.repl.view in workbench.panel.repl
2024-06-08 03:29:52.731 [info] Removed views:extensions.recommendedList,workbench.views.extensions.installed from workbench.view.extensions
2024-06-08 03:29:52.743 [info] Added views:workbench.views.extensions.marketplace in workbench.view.extensions
2024-06-08 03:30:07.829 [info] Removed views:workbench.views.extensions.marketplace from workbench.view.extensions
2024-06-08 03:30:07.849 [info] Added views:workbench.views.extensions.installed,extensions.recommendedList in workbench.view.extensions
2024-06-08 03:30:09.208 [info] Removed views:extensions.recommendedList,workbench.views.extensions.installed from workbench.view.extensions
2024-06-08 03:30:09.233 [info] Added views:workbench.views.extensions.marketplace in workbench.view.extensions
2024-06-08 03:30:20.453 [info] Removed views:workbench.views.extensions.marketplace from workbench.view.extensions
2024-06-08 03:30:20.479 [info] Added views:workbench.views.extensions.installed,extensions.recommendedList in workbench.view.extensions
2024-06-08 03:30:23.183 [info] Removed views:extensions.recommendedList,workbench.views.extensions.installed from workbench.view.extensions
2024-06-08 03:30:23.204 [info] Added views:workbench.views.extensions.marketplace in workbench.view.extensions
2024-06-08 03:30:43.100 [info] Removed views:workbench.views.extensions.marketplace from workbench.view.extensions
2024-06-08 03:30:43.129 [info] Added views:workbench.views.extensions.installed,extensions.recommendedList in workbench.view.extensions
2024-06-08 03:30:44.906 [info] Removed views:extensions.recommendedList,workbench.views.extensions.installed from workbench.view.extensions
2024-06-08 03:30:44.921 [info] Added views:workbench.views.extensions.marketplace in workbench.view.extensions
