2024-06-09 17:26:04.090 [info] Log level: Info
2024-06-09 17:26:04.090 [info] Validating found git in: "git"
2024-06-09 17:26:04.090 [info] Using git "2.45.2" from "git"
2024-06-09 17:27:35.224 [info] Log level: Info
2024-06-09 17:27:35.224 [info] Validating found git in: "git"
2024-06-09 17:27:35.224 [info] Using git "2.45.2" from "git"
2024-06-09 17:27:35.224 [info] > git rev-parse --show-toplevel [171ms]
2024-06-09 17:27:35.224 [info] fatal: not a git repository (or any parent up to mount point /)
Stopping at filesystem boundary (GIT_DISCOVERY_ACROSS_FILESYSTEM not set).
2024-06-09 17:27:35.224 [info] > git rev-parse --show-toplevel [1731ms]
2024-06-09 17:27:35.224 [info] fatal: not a git repository (or any parent up to mount point /)
Stopping at filesystem boundary (GIT_DISCOVERY_ACROSS_FILESYSTEM not set).
2024-06-09 17:27:35.245 [info] > git rev-parse --show-toplevel [313ms]
2024-06-09 17:27:35.245 [info] fatal: not a git repository (or any parent up to mount point /)
Stopping at filesystem boundary (GIT_DISCOVERY_ACROSS_FILESYSTEM not set).
2024-06-09 17:27:35.786 [info] > git rev-parse --show-toplevel [391ms]
2024-06-09 17:27:35.786 [info] fatal: not a git repository (or any parent up to mount point /)
Stopping at filesystem boundary (GIT_DISCOVERY_ACROSS_FILESYSTEM not set).
2024-06-09 17:27:35.891 [info] > git rev-parse --show-toplevel [12ms]
2024-06-09 17:27:35.891 [info] fatal: not a git repository (or any parent up to mount point /)
Stopping at filesystem boundary (GIT_DISCOVERY_ACROSS_FILESYSTEM not set).
2024-06-09 17:27:36.245 [info] > git rev-parse --show-toplevel [303ms]
2024-06-09 17:27:36.245 [info] fatal: not a git repository (or any parent up to mount point /)
Stopping at filesystem boundary (GIT_DISCOVERY_ACROSS_FILESYSTEM not set).
2024-06-09 17:27:36.860 [info] > git rev-parse --show-toplevel [591ms]
2024-06-09 17:27:36.860 [info] fatal: not a git repository (or any parent up to mount point /)
Stopping at filesystem boundary (GIT_DISCOVERY_ACROSS_FILESYSTEM not set).
2024-06-09 17:27:37.049 [info] > git rev-parse --show-toplevel [92ms]
2024-06-09 17:27:37.049 [info] fatal: not a git repository (or any parent up to mount point /)
Stopping at filesystem boundary (GIT_DISCOVERY_ACROSS_FILESYSTEM not set).
2024-06-09 17:27:37.314 [info] > git rev-parse --show-toplevel [212ms]
2024-06-09 17:27:37.323 [info] fatal: not a git repository (or any parent up to mount point /)
Stopping at filesystem boundary (GIT_DISCOVERY_ACROSS_FILESYSTEM not set).
2024-06-09 17:27:37.426 [info] > git rev-parse --show-toplevel [40ms]
2024-06-09 17:27:37.426 [info] fatal: not a git repository (or any parent up to mount point /)
Stopping at filesystem boundary (GIT_DISCOVERY_ACROSS_FILESYSTEM not set).
2024-06-09 17:27:37.581 [info] > git rev-parse --show-toplevel [18ms]
2024-06-09 17:27:37.581 [info] fatal: not a git repository (or any parent up to mount point /)
Stopping at filesystem boundary (GIT_DISCOVERY_ACROSS_FILESYSTEM not set).
2024-06-09 17:27:37.735 [info] > git rev-parse --show-toplevel [115ms]
2024-06-09 17:27:37.735 [info] fatal: not a git repository (or any parent up to mount point /)
Stopping at filesystem boundary (GIT_DISCOVERY_ACROSS_FILESYSTEM not set).
2024-06-09 17:27:37.826 [info] > git rev-parse --show-toplevel [44ms]
2024-06-09 17:27:37.826 [info] fatal: not a git repository (or any parent up to mount point /)
Stopping at filesystem boundary (GIT_DISCOVERY_ACROSS_FILESYSTEM not set).
2024-06-09 17:28:13.428 [info] > git rev-parse --show-toplevel [3ms]
2024-06-09 17:28:13.428 [info] fatal: not a git repository (or any parent up to mount point /)
Stopping at filesystem boundary (GIT_DISCOVERY_ACROSS_FILESYSTEM not set).
2024-06-09 17:34:35.407 [info] > git rev-parse --show-toplevel [7ms]
2024-06-09 17:34:35.407 [info] fatal: not a git repository (or any parent up to mount point /)
Stopping at filesystem boundary (GIT_DISCOVERY_ACROSS_FILESYSTEM not set).
2024-06-09 17:49:45.246 [info] > git rev-parse --show-toplevel [10ms]
2024-06-09 17:49:45.246 [info] fatal: not a git repository (or any parent up to mount point /)
Stopping at filesystem boundary (GIT_DISCOVERY_ACROSS_FILESYSTEM not set).
2024-06-09 17:54:35.787 [info] > git rev-parse --show-toplevel [6ms]
2024-06-09 17:54:35.787 [info] fatal: not a git repository (or any parent up to mount point /)
Stopping at filesystem boundary (GIT_DISCOVERY_ACROSS_FILESYSTEM not set).
