2024-06-11 00:12:00.808 [info] Reading sessions from keychain...
2024-06-11 00:12:00.808 [info] Getting sessions for all scopes...
2024-06-11 00:12:00.808 [info] Getting sessions for all scopes...
2024-06-11 00:12:00.808 [info] Getting sessions for user:email...
2024-06-11 00:12:00.808 [info] Got stored sessions!
2024-06-11 00:12:00.808 [info] Got 1 verified sessions.
2024-06-11 00:12:00.808 [info] Got 1 sessions for ...
2024-06-11 00:12:00.808 [info] Got 1 sessions for ...
2024-06-11 00:12:00.808 [info] Got 1 sessions for user:email...
2024-06-11 00:12:00.808 [info] Getting sessions for read:user,repo,user:email...
2024-06-11 00:12:00.808 [info] Got 0 sessions for read:user,repo,user:email...
2024-06-11 00:12:00.808 [info] Getting sessions for project,read:org,read:user,repo,user:email,workflow...
2024-06-11 00:12:00.808 [info] Got 0 sessions for project,read:org,read:user,repo,user:email,workflow...
2024-06-11 00:12:01.014 [info] Getting sessions for read:user,repo,user:email,workflow...
2024-06-11 00:12:01.014 [info] Got 0 sessions for read:user,repo,user:email,workflow...
2024-06-11 00:12:01.545 [info] Getting sessions for read:user,repo,user:email...
2024-06-11 00:12:01.545 [info] Got 0 sessions for read:user,repo,user:email...
2024-06-11 00:12:01.647 [info] Getting sessions for read:user,repo,user:email,workflow...
2024-06-11 00:12:01.647 [info] Got 0 sessions for read:user,repo,user:email,workflow...
2024-06-11 00:12:01.677 [info] Getting sessions for read:user,repo,user:email,workflow...
2024-06-11 00:12:01.677 [info] Got 0 sessions for read:user,repo,user:email,workflow...
