2024-06-13 23:15:36.849 [warning] [remote-ssh]: Couldn't find message for key setting.usseExecServer.description.
2024-06-13 23:15:36.860 [warning] [remote-ssh]: Couldn't find message for key setting.usseExecServer.description.
2024-06-13 23:15:36.898 [warning] [remote-ssh]: Couldn't find message for key setting.usseExecServer.description.
2024-06-13 23:15:36.910 [warning] [remote-ssh]: Couldn't find message for key setting.usseExecServer.description.
2024-06-13 23:15:36.928 [warning] [remote-ssh]: Couldn't find message for key setting.usseExecServer.description.
2024-06-13 23:15:36.940 [warning] [remote-ssh]: Couldn't find message for key setting.usseExecServer.description.
2024-06-13 23:15:36.970 [warning] [remote-ssh]: Couldn't find message for key setting.usseExecServer.description.
2024-06-13 23:15:37.003 [warning] [remote-ssh]: Couldn't find message for key setting.usseExecServer.description.
2024-06-13 23:15:37.528 [warning] [remote-ssh]: Couldn't find message for key setting.usseExecServer.description.
2024-06-13 23:15:37.534 [warning] [remote-ssh]: Couldn't find message for key setting.usseExecServer.description.
2024-06-13 23:15:37.534 [warning] [remote-ssh]: Couldn't find message for key setting.usseExecServer.description.
2024-06-13 23:15:38.385 [warning] [remote-ssh]: Couldn't find message for key setting.usseExecServer.description.
2024-06-13 23:15:38.463 [warning] [remote-ssh]: Couldn't find message for key setting.usseExecServer.description.
2024-06-13 23:15:38.562 [warning] [remote-ssh]: Couldn't find message for key setting.usseExecServer.description.
2024-06-13 23:15:38.939 [warning] [remote-ssh]: Couldn't find message for key setting.usseExecServer.description.
2024-06-13 23:15:39.141 [warning] [remote-ssh]: Couldn't find message for key setting.usseExecServer.description.
2024-06-13 23:15:39.408 [warning] [remote-ssh]: Couldn't find message for key setting.usseExecServer.description.
2024-06-13 23:15:39.684 [warning] [remote-ssh]: Couldn't find message for key setting.usseExecServer.description.
2024-06-13 23:15:39.963 [warning] [remote-ssh]: Couldn't find message for key setting.usseExecServer.description.
2024-06-13 23:15:40.235 [warning] [remote-ssh]: Couldn't find message for key setting.usseExecServer.description.
2024-06-13 23:15:42.524 [warning] [remote-ssh]: Couldn't find message for key setting.usseExecServer.description.
2024-06-13 23:15:43.849 [warning] [remote-ssh]: Couldn't find message for key setting.usseExecServer.description.
2024-06-13 23:15:55.144 [warning] [remote-ssh]: Couldn't find message for key setting.usseExecServer.description.
2024-06-13 23:17:46.059 [info] Getting Manifest... ecmel.vscode-html-css
2024-06-13 23:17:46.066 [info] Getting Manifest... ms-vsliveshare.vsliveshare
2024-06-13 23:17:46.167 [info] Installing extension: ecmel.vscode-html-css vscode-userdata:/home/jeet/.vscode/extensions/extensions.json
2024-06-13 23:17:46.200 [info] Installing extension: ms-vsliveshare.vsliveshare vscode-userdata:/home/jeet/.vscode/extensions/extensions.json
2024-06-13 23:17:46.478 [warning] [remote-ssh]: Couldn't find message for key setting.usseExecServer.description.
2024-06-13 23:17:46.563 [warning] [remote-ssh]: Couldn't find message for key setting.usseExecServer.description.
2024-06-13 23:17:46.868 [warning] [remote-ssh]: Couldn't find message for key setting.usseExecServer.description.
2024-06-13 23:17:46.932 [warning] [remote-ssh]: Couldn't find message for key setting.usseExecServer.description.
2024-06-13 23:17:47.231 [warning] [remote-ssh]: Couldn't find message for key setting.usseExecServer.description.
2024-06-13 23:17:47.298 [warning] [remote-ssh]: Couldn't find message for key setting.usseExecServer.description.
2024-06-13 23:18:00.068 [info] Extension signature verification result for ms-vsliveshare.vsliveshare: UnknownError. Executed: true. Duration: 343ms.
2024-06-13 23:18:00.948 [info] Extracted extension to file:///home/jeet/.vscode/extensions/ms-vsliveshare.vsliveshare-1.0.5932: ms-vsliveshare.vsliveshare
2024-06-13 23:18:01.038 [info] Renamed to /home/jeet/.vscode/extensions/ms-vsliveshare.vsliveshare-1.0.5932
2024-06-13 23:18:01.151 [error] [uncaught exception in sharedProcess]: Error: ENOENT: no such file or directory, stat '/home/jeet/.vscode/extensions/extensions.json.vsctmp': EntryNotFound (FileSystemError): Error: ENOENT: no such file or directory, stat '/home/jeet/.vscode/extensions/extensions.json.vsctmp'
    at c.create (/opt/visual-studio-code/resources/app/out/vs/code/node/sharedProcess/sharedProcessMain.js:53:19235)
    at m (/opt/visual-studio-code/resources/app/out/vs/code/node/sharedProcess/sharedProcessMain.js:53:19345)
    at t.hb (/opt/visual-studio-code/resources/app/out/vs/code/node/sharedProcess/sharedProcessMain.js:58:36685)
    at t.stat (/opt/visual-studio-code/resources/app/out/vs/code/node/sharedProcess/sharedProcessMain.js:58:29033)
    at async b.stat (/opt/visual-studio-code/resources/app/out/vs/code/node/sharedProcess/sharedProcessMain.js:58:14899)
    at async H.vb (/opt/visual-studio-code/resources/app/out/vs/code/node/sharedProcess/sharedProcessMain.js:104:117665)
2024-06-13 23:18:01.343 [warning] [remote-ssh]: Couldn't find message for key setting.usseExecServer.description.
2024-06-13 23:18:01.362 [info] Marked extension as uninstalled ms-vsliveshare.vsliveshare-1.0.5918
2024-06-13 23:18:01.416 [info] Extension installed successfully: ms-vsliveshare.vsliveshare vscode-userdata:/home/jeet/.vscode/extensions/extensions.json
2024-06-13 23:18:01.599 [warning] [remote-ssh]: Couldn't find message for key setting.usseExecServer.description.
2024-06-13 23:18:46.804 [info] Extension signature verification result for ecmel.vscode-html-css: UnknownError. Executed: true. Duration: 11ms.
2024-06-13 23:18:46.820 [info] Extracted extension to file:///home/jeet/.vscode/extensions/ecmel.vscode-html-css-2.0.10: ecmel.vscode-html-css
2024-06-13 23:18:46.882 [info] Renamed to /home/jeet/.vscode/extensions/ecmel.vscode-html-css-2.0.10
2024-06-13 23:18:47.012 [error] [uncaught exception in sharedProcess]: Error: ENOENT: no such file or directory, stat '/home/jeet/.vscode/extensions/extensions.json.vsctmp': EntryNotFound (FileSystemError): Error: ENOENT: no such file or directory, stat '/home/jeet/.vscode/extensions/extensions.json.vsctmp'
    at c.create (/opt/visual-studio-code/resources/app/out/vs/code/node/sharedProcess/sharedProcessMain.js:53:19235)
    at m (/opt/visual-studio-code/resources/app/out/vs/code/node/sharedProcess/sharedProcessMain.js:53:19345)
    at t.hb (/opt/visual-studio-code/resources/app/out/vs/code/node/sharedProcess/sharedProcessMain.js:58:36685)
    at t.stat (/opt/visual-studio-code/resources/app/out/vs/code/node/sharedProcess/sharedProcessMain.js:58:29033)
    at async b.stat (/opt/visual-studio-code/resources/app/out/vs/code/node/sharedProcess/sharedProcessMain.js:58:14899)
    at async H.vb (/opt/visual-studio-code/resources/app/out/vs/code/node/sharedProcess/sharedProcessMain.js:104:117665)
2024-06-13 23:18:47.167 [info] Marked extension as uninstalled ecmel.vscode-html-css-2.0.9
2024-06-13 23:18:47.176 [warning] [remote-ssh]: Couldn't find message for key setting.usseExecServer.description.
2024-06-13 23:18:47.277 [info] Extension installed successfully: ecmel.vscode-html-css vscode-userdata:/home/jeet/.vscode/extensions/extensions.json
2024-06-13 23:18:47.509 [warning] [remote-ssh]: Couldn't find message for key setting.usseExecServer.description.
2024-06-13 23:20:38.727 [warning] [remote-ssh]: Couldn't find message for key setting.usseExecServer.description.
2024-06-13 23:20:55.916 [warning] [remote-ssh]: Couldn't find message for key setting.usseExecServer.description.
2024-06-13 23:21:58.567 [warning] [remote-ssh]: Couldn't find message for key setting.usseExecServer.description.
2024-06-13 23:25:38.983 [warning] [remote-ssh]: Couldn't find message for key setting.usseExecServer.description.
2024-06-13 23:26:59.215 [warning] [remote-ssh]: Couldn't find message for key setting.usseExecServer.description.
2024-06-13 23:30:39.215 [warning] [remote-ssh]: Couldn't find message for key setting.usseExecServer.description.
2024-06-13 23:31:59.846 [warning] [remote-ssh]: Couldn't find message for key setting.usseExecServer.description.
2024-06-13 23:35:39.462 [warning] [remote-ssh]: Couldn't find message for key setting.usseExecServer.description.
2024-06-13 23:37:00.496 [warning] [remote-ssh]: Couldn't find message for key setting.usseExecServer.description.
2024-06-13 23:40:39.695 [warning] [remote-ssh]: Couldn't find message for key setting.usseExecServer.description.
2024-06-13 23:42:01.174 [warning] [remote-ssh]: Couldn't find message for key setting.usseExecServer.description.
2024-06-13 23:45:39.943 [warning] [remote-ssh]: Couldn't find message for key setting.usseExecServer.description.
2024-06-13 23:47:01.790 [warning] [remote-ssh]: Couldn't find message for key setting.usseExecServer.description.
2024-06-13 23:50:40.169 [warning] [remote-ssh]: Couldn't find message for key setting.usseExecServer.description.
2024-06-13 23:52:02.441 [warning] [remote-ssh]: Couldn't find message for key setting.usseExecServer.description.
2024-06-13 23:55:40.439 [warning] [remote-ssh]: Couldn't find message for key setting.usseExecServer.description.
2024-06-13 23:57:03.086 [warning] [remote-ssh]: Couldn't find message for key setting.usseExecServer.description.
2024-06-14 00:00:40.733 [warning] [remote-ssh]: Couldn't find message for key setting.usseExecServer.description.
2024-06-14 00:02:04.382 [warning] [remote-ssh]: Couldn't find message for key setting.usseExecServer.description.
2024-06-14 00:05:40.946 [warning] [remote-ssh]: Couldn't find message for key setting.usseExecServer.description.
2024-06-14 00:07:04.994 [warning] [remote-ssh]: Couldn't find message for key setting.usseExecServer.description.
2024-06-14 00:10:41.134 [warning] [remote-ssh]: Couldn't find message for key setting.usseExecServer.description.
2024-06-14 00:12:05.589 [warning] [remote-ssh]: Couldn't find message for key setting.usseExecServer.description.
2024-06-14 00:15:41.405 [warning] [remote-ssh]: Couldn't find message for key setting.usseExecServer.description.
2024-06-14 00:17:06.223 [warning] [remote-ssh]: Couldn't find message for key setting.usseExecServer.description.
2024-06-14 00:20:41.637 [warning] [remote-ssh]: Couldn't find message for key setting.usseExecServer.description.
2024-06-14 00:22:06.874 [warning] [remote-ssh]: Couldn't find message for key setting.usseExecServer.description.
2024-06-14 00:25:41.855 [warning] [remote-ssh]: Couldn't find message for key setting.usseExecServer.description.
2024-06-14 00:36:23.419 [warning] [remote-ssh]: Couldn't find message for key setting.usseExecServer.description.
2024-06-14 00:39:55.377 [warning] [remote-ssh]: Couldn't find message for key setting.usseExecServer.description.
2024-06-14 00:41:24.056 [warning] [remote-ssh]: Couldn't find message for key setting.usseExecServer.description.
2024-06-14 00:44:55.623 [warning] [remote-ssh]: Couldn't find message for key setting.usseExecServer.description.
2024-06-14 00:46:24.660 [warning] [remote-ssh]: Couldn't find message for key setting.usseExecServer.description.
2024-06-14 00:49:55.869 [warning] [remote-ssh]: Couldn't find message for key setting.usseExecServer.description.
2024-06-14 00:51:25.309 [warning] [remote-ssh]: Couldn't find message for key setting.usseExecServer.description.
2024-06-14 00:54:56.107 [warning] [remote-ssh]: Couldn't find message for key setting.usseExecServer.description.
2024-06-14 00:56:25.944 [warning] [remote-ssh]: Couldn't find message for key setting.usseExecServer.description.
