2024-06-09 20:53:36.012 [error] Cannot read properties of undefined (reading 'activate'): TypeError: Cannot read properties of undefined (reading 'activate')
    at B.centerLayout (vscode-file://vscode-app/opt/visual-studio-code/resources/app/out/vs/workbench/workbench.desktop.main.js:2313:50386)
    at H.centerMainEditorLayout (vscode-file://vscode-app/opt/visual-studio-code/resources/app/out/vs/workbench/workbench.desktop.main.js:2363:95276)
    at u.value (vscode-file://vscode-app/opt/visual-studio-code/resources/app/out/vs/workbench/workbench.desktop.main.js:2363:73552)
    at h.y (vscode-file://vscode-app/opt/visual-studio-code/resources/app/out/vs/workbench/workbench.desktop.main.js:89:659)
    at h.z (vscode-file://vscode-app/opt/visual-studio-code/resources/app/out/vs/workbench/workbench.desktop.main.js:89:729)
    at h.fire (vscode-file://vscode-app/opt/visual-studio-code/resources/app/out/vs/workbench/workbench.desktop.main.js:89:945)
    at B.qc (vscode-file://vscode-app/opt/visual-studio-code/resources/app/out/vs/workbench/workbench.desktop.main.js:2313:51419)
    at B.pc (vscode-file://vscode-app/opt/visual-studio-code/resources/app/out/vs/workbench/workbench.desktop.main.js:2313:51148)
    at B.oc (vscode-file://vscode-app/opt/visual-studio-code/resources/app/out/vs/workbench/workbench.desktop.main.js:2313:50681)
    at B.nc (vscode-file://vscode-app/opt/visual-studio-code/resources/app/out/vs/workbench/workbench.desktop.main.js:2313:50505)
    at B.Q (vscode-file://vscode-app/opt/visual-studio-code/resources/app/out/vs/workbench/workbench.desktop.main.js:2313:48326)
    at B.create (vscode-file://vscode-app/opt/visual-studio-code/resources/app/out/vs/workbench/workbench.desktop.main.js:802:76545)
    at H.rc (vscode-file://vscode-app/opt/visual-studio-code/resources/app/out/vs/workbench/workbench.desktop.main.js:2363:124810)
    at vscode-file://vscode-app/opt/visual-studio-code/resources/app/out/vs/workbench/workbench.desktop.main.js:2363:121783
    at b.invokeFunction (vscode-file://vscode-app/opt/visual-studio-code/resources/app/out/vs/workbench/workbench.desktop.main.js:650:684)
    at H.startup (vscode-file://vscode-app/opt/visual-studio-code/resources/app/out/vs/workbench/workbench.desktop.main.js:2363:121430)
    at te.open (vscode-file://vscode-app/opt/visual-studio-code/resources/app/out/vs/workbench/workbench.desktop.main.js:2387:126237)
    at async vscode-file://vscode-app/opt/visual-studio-code/resources/app/out/vs/code/electron-sandbox/workbench/workbench.js:4:9483
2024-06-09 20:53:39.147 [info] Started local extension host with pid 10644.
