2024-06-09 21:48:34.400 [info] Reading sessions from keychain...
2024-06-09 21:48:34.400 [info] Getting sessions for all scopes...
2024-06-09 21:48:34.400 [info] Getting sessions for all scopes...
2024-06-09 21:48:34.400 [info] Got stored sessions!
2024-06-09 21:48:34.400 [info] Got 1 verified sessions.
2024-06-09 21:48:34.400 [info] Got 1 sessions for ...
2024-06-09 21:48:34.400 [info] Got 1 sessions for ...
2024-06-09 21:48:34.400 [info] Getting sessions for user:email...
2024-06-09 21:48:34.400 [info] Got 1 sessions for user:email...
2024-06-09 21:48:34.400 [info] Getting sessions for read:user,repo,user:email...
2024-06-09 21:48:34.400 [info] Got 0 sessions for read:user,repo,user:email...
2024-06-09 21:48:34.400 [info] Getting sessions for project,read:org,read:user,repo,user:email,workflow...
2024-06-09 21:48:34.400 [info] Got 0 sessions for project,read:org,read:user,repo,user:email,workflow...
2024-06-09 21:48:34.670 [info] Getting sessions for read:user,repo,user:email,workflow...
2024-06-09 21:48:34.670 [info] Got 0 sessions for read:user,repo,user:email,workflow...
2024-06-09 21:48:34.879 [info] Getting sessions for read:user,repo,user:email...
2024-06-09 21:48:34.879 [info] Got 0 sessions for read:user,repo,user:email...
2024-06-09 21:48:35.022 [info] Getting sessions for read:user,repo,user:email,workflow...
2024-06-09 21:48:35.022 [info] Got 0 sessions for read:user,repo,user:email,workflow...
2024-06-09 21:48:35.146 [info] Getting sessions for read:user,repo,user:email,workflow...
2024-06-09 21:48:35.146 [info] Got 0 sessions for read:user,repo,user:email,workflow...
