2024-06-11 21:36:50.227 [info] Reading sessions from keychain...
2024-06-11 21:36:50.227 [info] Getting sessions for all scopes...
2024-06-11 21:36:50.227 [info] Getting sessions for all scopes...
2024-06-11 21:36:50.227 [info] Getting sessions for user:email...
2024-06-11 21:36:50.227 [info] Got stored sessions!
2024-06-11 21:36:50.227 [info] Got 1 verified sessions.
2024-06-11 21:36:50.227 [info] Got 1 sessions for ...
2024-06-11 21:36:50.227 [info] Got 1 sessions for ...
2024-06-11 21:36:50.227 [info] Got 1 sessions for user:email...
2024-06-11 21:36:50.227 [info] Getting sessions for read:user,repo,user:email...
2024-06-11 21:36:50.227 [info] Got 0 sessions for read:user,repo,user:email...
2024-06-11 21:36:52.489 [info] Getting sessions for project,read:org,read:user,repo,user:email,workflow...
2024-06-11 21:36:52.489 [info] Got 0 sessions for project,read:org,read:user,repo,user:email,workflow...
2024-06-11 21:36:52.674 [info] Getting sessions for read:user,repo,user:email,workflow...
2024-06-11 21:36:52.674 [info] Got 0 sessions for read:user,repo,user:email,workflow...
2024-06-11 21:36:52.706 [info] Getting sessions for read:user,repo,user:email...
2024-06-11 21:36:52.707 [info] Got 0 sessions for read:user,repo,user:email...
2024-06-11 21:36:52.812 [info] Getting sessions for read:user,repo,user:email,workflow...
2024-06-11 21:36:52.812 [info] Got 0 sessions for read:user,repo,user:email,workflow...
2024-06-11 21:36:52.897 [info] Getting sessions for read:user,repo,user:email,workflow...
2024-06-11 21:36:52.897 [info] Got 0 sessions for read:user,repo,user:email,workflow...
