2024-06-13 23:15:34.698 [info] Extension host with pid 3051 started
2024-06-13 23:15:34.698 [info] Skipping acquiring lock for /home/jeet/.config/Code/User/workspaceStorage/77a2c75fe4b5c8e8c7d62b2c4d036d60.
2024-06-13 23:15:34.719 [info] ExtensionService#_doActivateExtension vscode.github-authentication, startup: false, activationEvent: 'onAuthenticationRequest:github'
2024-06-13 23:15:35.350 [info] ExtensionService#_doActivateExtension vscode.git-base, startup: true, activationEvent: '*'
2024-06-13 23:15:35.519 [info] ExtensionService#_doActivateExtension formulahendry.auto-close-tag, startup: true, activationEvent: '*'
2024-06-13 23:15:36.078 [info] ExtensionService#_doActivateExtension formulahendry.auto-rename-tag, startup: true, activationEvent: '*'
2024-06-13 23:15:37.060 [info] ExtensionService#_doActivateExtension vscode.github, startup: true, activationEvent: '*'
2024-06-13 23:15:38.419 [info] ExtensionService#_doActivateExtension vscode.json-language-features, startup: false, activationEvent: 'onLanguage:jsonc'
2024-06-13 23:15:38.787 [info] ExtensionService#_doActivateExtension vscode.typescript-language-features, startup: false, activationEvent: 'onLanguage:jsonc'
2024-06-13 23:15:39.219 [info] ExtensionService#_doActivateExtension vscode.emmet, startup: false, activationEvent: 'onLanguage'
2024-06-13 23:15:39.320 [info] Eager extensions activated
2024-06-13 23:15:39.341 [info] ExtensionService#_doActivateExtension vscode.debug-auto-launch, startup: false, activationEvent: 'onStartupFinished'
2024-06-13 23:15:39.578 [info] ExtensionService#_doActivateExtension vscode.merge-conflict, startup: false, activationEvent: 'onStartupFinished'
2024-06-13 23:15:39.771 [info] ExtensionService#_doActivateExtension drcika.apc-extension, startup: false, activationEvent: 'onStartupFinished'
2024-06-13 23:15:40.083 [info] ExtensionService#_doActivateExtension eamodio.gitlens, startup: false, activationEvent: 'onStartupFinished'
2024-06-13 23:15:40.325 [info] ExtensionService#_doActivateExtension esbenp.prettier-vscode, startup: false, activationEvent: 'onStartupFinished'
2024-06-13 23:15:40.853 [info] ExtensionService#_doActivateExtension GitHub.vscode-pull-request-github, startup: false, activationEvent: 'onStartupFinished'
2024-06-13 23:15:41.065 [info] ExtensionService#_doActivateExtension ms-vscode-remote.remote-containers, startup: false, activationEvent: 'onStartupFinished'
2024-06-13 23:15:41.174 [info] ExtensionService#_doActivateExtension ms-vscode-remote.remote-wsl, startup: false, activationEvent: 'onStartupFinished'
2024-06-13 23:15:41.738 [info] ExtensionService#_doActivateExtension ms-vsliveshare.vsliveshare, startup: false, activationEvent: 'api', root cause: eamodio.gitlens
2024-06-13 23:16:00.422 [info] ExtensionService#_doActivateExtension vscode.extension-editing, startup: false, activationEvent: 'onLanguage:json'
2024-06-13 23:16:00.473 [info] ExtensionService#_doActivateExtension vscode.npm, startup: false, activationEvent: 'onLanguage:json'
2024-06-13 23:21:10.790 [info] ExtensionService#_doActivateExtension VisualStudioExptTeam.vscodeintellicode, startup: false, activationEvent: 'onLanguage:javascript'
2024-06-14 00:58:59.291 [info] Extension host terminating: renderer closed the MessagePort
2024-06-14 00:58:59.452 [error] Canceled: Canceled
    at new A (/opt/visual-studio-code/resources/app/out/vs/workbench/api/node/extensionHostProcess.js:143:50615)
    at E.U (/opt/visual-studio-code/resources/app/out/vs/workbench/api/node/extensionHostProcess.js:150:6007)
    at Proxy.z.<computed>.M.charCodeAt.R.CharCode.DollarSign.z.<computed> (/opt/visual-studio-code/resources/app/out/vs/workbench/api/node/extensionHostProcess.js:150:3091)
    at h.g (/opt/visual-studio-code/resources/app/out/vs/workbench/api/node/extensionHostProcess.js:153:199937)
    at h.executeCommand (/opt/visual-studio-code/resources/app/out/vs/workbench/api/node/extensionHostProcess.js:153:199375)
    at I.registerCommand.description (/opt/visual-studio-code/resources/app/out/vs/workbench/api/node/extensionHostProcess.js:153:198699)
    at h (/opt/visual-studio-code/resources/app/out/vs/workbench/api/node/extensionHostProcess.js:153:200476)
    at h.g (/opt/visual-studio-code/resources/app/out/vs/workbench/api/node/extensionHostProcess.js:153:199468)
    at h.executeCommand (/opt/visual-studio-code/resources/app/out/vs/workbench/api/node/extensionHostProcess.js:153:199375)
    at Object.executeCommand (/opt/visual-studio-code/resources/app/out/vs/workbench/api/node/extensionHostProcess.js:163:22742)
    at w (/home/jeet/.vscode/extensions/eamodio.gitlens-15.1.0/dist/gitlens.js:1453:39714)
    at c (/home/jeet/.vscode/extensions/eamodio.gitlens-15.1.0/dist/gitlens.js:1453:44753)
    at ActionRunners._updateContextKeys (/home/jeet/.vscode/extensions/eamodio.gitlens-15.1.0/dist/gitlens.js:1099:18425)
    at s (/home/jeet/.vscode/extensions/eamodio.gitlens-15.1.0/dist/gitlens.js:1099:16869)
    at RegisteredActionRunner.unregister (/home/jeet/.vscode/extensions/eamodio.gitlens-15.1.0/dist/gitlens.js:1099:17012)
    at RegisteredActionRunner.dispose (/home/jeet/.vscode/extensions/eamodio.gitlens-15.1.0/dist/gitlens.js:1099:15665)
    at ActionRunners.dispose (/home/jeet/.vscode/extensions/eamodio.gitlens-15.1.0/dist/gitlens.js:1099:16452)
    at /home/jeet/.vscode/extensions/eamodio.gitlens-15.1.0/dist/gitlens.js:1412:20105
    at Array.forEach (<anonymous>)
    at Object.dispose (/home/jeet/.vscode/extensions/eamodio.gitlens-15.1.0/dist/gitlens.js:1412:20087)
    at f (/opt/visual-studio-code/resources/app/out/vs/workbench/api/node/extensionHostProcess.js:30:744)
    at u.eb (/opt/visual-studio-code/resources/app/out/vs/workbench/api/node/extensionHostProcess.js:159:9991)
    at /opt/visual-studio-code/resources/app/out/vs/workbench/api/node/extensionHostProcess.js:159:7867
    at Array.map (<anonymous>)
    at u.$ (/opt/visual-studio-code/resources/app/out/vs/workbench/api/node/extensionHostProcess.js:159:7854)
    at u.terminate (/opt/visual-studio-code/resources/app/out/vs/workbench/api/node/extensionHostProcess.js:159:8127)
    at f.terminate (/opt/visual-studio-code/resources/app/out/vs/workbench/api/node/extensionHostProcess.js:163:1513)
    at t (/opt/visual-studio-code/resources/app/out/vs/workbench/api/node/extensionHostProcess.js:176:10459)
    at MessagePortMain.<anonymous> (/opt/visual-studio-code/resources/app/out/vs/workbench/api/node/extensionHostProcess.js:176:6675)
    at MessagePortMain.emit (node:events:514:28)
    at Object.MessagePortMain._internalPort.emit (node:electron/js2c/utility_init:2:2285) setContext undefined
2024-06-14 00:58:59.453 [error] Canceled: Canceled
    at new A (/opt/visual-studio-code/resources/app/out/vs/workbench/api/node/extensionHostProcess.js:143:50615)
    at E.U (/opt/visual-studio-code/resources/app/out/vs/workbench/api/node/extensionHostProcess.js:150:6007)
    at Proxy.z.<computed>.M.charCodeAt.R.CharCode.DollarSign.z.<computed> (/opt/visual-studio-code/resources/app/out/vs/workbench/api/node/extensionHostProcess.js:150:3091)
    at h.g (/opt/visual-studio-code/resources/app/out/vs/workbench/api/node/extensionHostProcess.js:153:199937)
    at h.executeCommand (/opt/visual-studio-code/resources/app/out/vs/workbench/api/node/extensionHostProcess.js:153:199375)
    at I.registerCommand.description (/opt/visual-studio-code/resources/app/out/vs/workbench/api/node/extensionHostProcess.js:153:198699)
    at h (/opt/visual-studio-code/resources/app/out/vs/workbench/api/node/extensionHostProcess.js:153:200476)
    at h.g (/opt/visual-studio-code/resources/app/out/vs/workbench/api/node/extensionHostProcess.js:153:199468)
    at h.executeCommand (/opt/visual-studio-code/resources/app/out/vs/workbench/api/node/extensionHostProcess.js:153:199375)
    at Object.executeCommand (/opt/visual-studio-code/resources/app/out/vs/workbench/api/node/extensionHostProcess.js:163:22742)
    at w (/home/jeet/.vscode/extensions/eamodio.gitlens-15.1.0/dist/gitlens.js:1453:39714)
    at c (/home/jeet/.vscode/extensions/eamodio.gitlens-15.1.0/dist/gitlens.js:1453:44753)
    at ActionRunners._updateContextKeys (/home/jeet/.vscode/extensions/eamodio.gitlens-15.1.0/dist/gitlens.js:1099:18425)
    at s (/home/jeet/.vscode/extensions/eamodio.gitlens-15.1.0/dist/gitlens.js:1099:16869)
    at RegisteredActionRunner.unregister (/home/jeet/.vscode/extensions/eamodio.gitlens-15.1.0/dist/gitlens.js:1099:17012)
    at RegisteredActionRunner.dispose (/home/jeet/.vscode/extensions/eamodio.gitlens-15.1.0/dist/gitlens.js:1099:15665)
    at ActionRunners.dispose (/home/jeet/.vscode/extensions/eamodio.gitlens-15.1.0/dist/gitlens.js:1099:16452)
    at /home/jeet/.vscode/extensions/eamodio.gitlens-15.1.0/dist/gitlens.js:1412:20105
    at Array.forEach (<anonymous>)
    at Object.dispose (/home/jeet/.vscode/extensions/eamodio.gitlens-15.1.0/dist/gitlens.js:1412:20087)
    at f (/opt/visual-studio-code/resources/app/out/vs/workbench/api/node/extensionHostProcess.js:30:744)
    at u.eb (/opt/visual-studio-code/resources/app/out/vs/workbench/api/node/extensionHostProcess.js:159:9991)
    at /opt/visual-studio-code/resources/app/out/vs/workbench/api/node/extensionHostProcess.js:159:7867
    at Array.map (<anonymous>)
    at u.$ (/opt/visual-studio-code/resources/app/out/vs/workbench/api/node/extensionHostProcess.js:159:7854)
    at u.terminate (/opt/visual-studio-code/resources/app/out/vs/workbench/api/node/extensionHostProcess.js:159:8127)
    at f.terminate (/opt/visual-studio-code/resources/app/out/vs/workbench/api/node/extensionHostProcess.js:163:1513)
    at t (/opt/visual-studio-code/resources/app/out/vs/workbench/api/node/extensionHostProcess.js:176:10459)
    at MessagePortMain.<anonymous> (/opt/visual-studio-code/resources/app/out/vs/workbench/api/node/extensionHostProcess.js:176:6675)
    at MessagePortMain.emit (node:events:514:28)
    at Object.MessagePortMain._internalPort.emit (node:electron/js2c/utility_init:2:2285) setContext undefined
2024-06-14 00:58:59.454 [error] Canceled: Canceled
    at new A (/opt/visual-studio-code/resources/app/out/vs/workbench/api/node/extensionHostProcess.js:143:50615)
    at E.U (/opt/visual-studio-code/resources/app/out/vs/workbench/api/node/extensionHostProcess.js:150:6007)
    at Proxy.z.<computed>.M.charCodeAt.R.CharCode.DollarSign.z.<computed> (/opt/visual-studio-code/resources/app/out/vs/workbench/api/node/extensionHostProcess.js:150:3091)
    at h.g (/opt/visual-studio-code/resources/app/out/vs/workbench/api/node/extensionHostProcess.js:153:199937)
    at h.executeCommand (/opt/visual-studio-code/resources/app/out/vs/workbench/api/node/extensionHostProcess.js:153:199375)
    at I.registerCommand.description (/opt/visual-studio-code/resources/app/out/vs/workbench/api/node/extensionHostProcess.js:153:198699)
    at h (/opt/visual-studio-code/resources/app/out/vs/workbench/api/node/extensionHostProcess.js:153:200476)
    at h.g (/opt/visual-studio-code/resources/app/out/vs/workbench/api/node/extensionHostProcess.js:153:199468)
    at h.executeCommand (/opt/visual-studio-code/resources/app/out/vs/workbench/api/node/extensionHostProcess.js:153:199375)
    at Object.executeCommand (/opt/visual-studio-code/resources/app/out/vs/workbench/api/node/extensionHostProcess.js:163:22742)
    at w (/home/jeet/.vscode/extensions/eamodio.gitlens-15.1.0/dist/gitlens.js:1453:39714)
    at c (/home/jeet/.vscode/extensions/eamodio.gitlens-15.1.0/dist/gitlens.js:1453:44753)
    at ActionRunners._updateContextKeys (/home/jeet/.vscode/extensions/eamodio.gitlens-15.1.0/dist/gitlens.js:1099:18425)
    at s (/home/jeet/.vscode/extensions/eamodio.gitlens-15.1.0/dist/gitlens.js:1099:16869)
    at RegisteredActionRunner.unregister (/home/jeet/.vscode/extensions/eamodio.gitlens-15.1.0/dist/gitlens.js:1099:17012)
    at RegisteredActionRunner.dispose (/home/jeet/.vscode/extensions/eamodio.gitlens-15.1.0/dist/gitlens.js:1099:15665)
    at Object.dispose (/home/jeet/.vscode/extensions/eamodio.gitlens-15.1.0/dist/gitlens.js:1099:17106)
    at f (/opt/visual-studio-code/resources/app/out/vs/workbench/api/node/extensionHostProcess.js:30:744)
    at u.eb (/opt/visual-studio-code/resources/app/out/vs/workbench/api/node/extensionHostProcess.js:159:9991)
    at /opt/visual-studio-code/resources/app/out/vs/workbench/api/node/extensionHostProcess.js:159:7867
    at Array.map (<anonymous>)
    at u.$ (/opt/visual-studio-code/resources/app/out/vs/workbench/api/node/extensionHostProcess.js:159:7854)
    at u.terminate (/opt/visual-studio-code/resources/app/out/vs/workbench/api/node/extensionHostProcess.js:159:8127)
    at f.terminate (/opt/visual-studio-code/resources/app/out/vs/workbench/api/node/extensionHostProcess.js:163:1513)
    at t (/opt/visual-studio-code/resources/app/out/vs/workbench/api/node/extensionHostProcess.js:176:10459)
    at MessagePortMain.<anonymous> (/opt/visual-studio-code/resources/app/out/vs/workbench/api/node/extensionHostProcess.js:176:6675)
    at MessagePortMain.emit (node:events:514:28)
    at Object.MessagePortMain._internalPort.emit (node:electron/js2c/utility_init:2:2285) setContext undefined
2024-06-14 00:58:59.454 [error] Canceled: Canceled
    at new A (/opt/visual-studio-code/resources/app/out/vs/workbench/api/node/extensionHostProcess.js:143:50615)
    at E.U (/opt/visual-studio-code/resources/app/out/vs/workbench/api/node/extensionHostProcess.js:150:6007)
    at Proxy.z.<computed>.M.charCodeAt.R.CharCode.DollarSign.z.<computed> (/opt/visual-studio-code/resources/app/out/vs/workbench/api/node/extensionHostProcess.js:150:3091)
    at h.g (/opt/visual-studio-code/resources/app/out/vs/workbench/api/node/extensionHostProcess.js:153:199937)
    at h.executeCommand (/opt/visual-studio-code/resources/app/out/vs/workbench/api/node/extensionHostProcess.js:153:199375)
    at I.registerCommand.description (/opt/visual-studio-code/resources/app/out/vs/workbench/api/node/extensionHostProcess.js:153:198699)
    at h (/opt/visual-studio-code/resources/app/out/vs/workbench/api/node/extensionHostProcess.js:153:200476)
    at h.g (/opt/visual-studio-code/resources/app/out/vs/workbench/api/node/extensionHostProcess.js:153:199468)
    at h.executeCommand (/opt/visual-studio-code/resources/app/out/vs/workbench/api/node/extensionHostProcess.js:153:199375)
    at Object.executeCommand (/opt/visual-studio-code/resources/app/out/vs/workbench/api/node/extensionHostProcess.js:163:22742)
    at q2.reset (/home/jeet/.vscode/extensions/github.vscode-pull-request-github-0.88.1/dist/extension.js:2188:8858)
    at q2.dispose (/home/jeet/.vscode/extensions/github.vscode-pull-request-github-0.88.1/dist/extension.js:2188:9129)
    at f (/opt/visual-studio-code/resources/app/out/vs/workbench/api/node/extensionHostProcess.js:30:744)
    at u.eb (/opt/visual-studio-code/resources/app/out/vs/workbench/api/node/extensionHostProcess.js:159:9991)
    at /opt/visual-studio-code/resources/app/out/vs/workbench/api/node/extensionHostProcess.js:159:7867
    at Array.map (<anonymous>)
    at u.$ (/opt/visual-studio-code/resources/app/out/vs/workbench/api/node/extensionHostProcess.js:159:7854)
    at u.terminate (/opt/visual-studio-code/resources/app/out/vs/workbench/api/node/extensionHostProcess.js:159:8127)
    at f.terminate (/opt/visual-studio-code/resources/app/out/vs/workbench/api/node/extensionHostProcess.js:163:1513)
    at t (/opt/visual-studio-code/resources/app/out/vs/workbench/api/node/extensionHostProcess.js:176:10459)
    at MessagePortMain.<anonymous> (/opt/visual-studio-code/resources/app/out/vs/workbench/api/node/extensionHostProcess.js:176:6675)
    at MessagePortMain.emit (node:events:514:28)
    at Object.MessagePortMain._internalPort.emit (node:electron/js2c/utility_init:2:2285) setContext undefined
2024-06-14 00:58:59.461 [info] Extension host with pid 3051 exiting with code 0
