2024-06-09 17:26:01.799 [info] Started local extension host with pid 21348.
2024-06-09 17:26:02.359 [warning] [remote-ssh]: Couldn't find message for key setting.usseExecServer.description.
2024-06-09 17:26:03.780 [warning] [twxs.cmake]: Cannot register 'cmake.cmakePath'. This property is already registered.
2024-06-09 17:26:06.148 [error] [Extension Host] (node:21348) [DEP0005] DeprecationWarning: Buffer() is deprecated due to security and usability issues. Please use the Buffer.alloc(), Buffer.allocUnsafe(), or Buffer.from() methods instead.
(Use `exe --trace-deprecation ...` to show where the warning was created)
2024-06-09 17:26:07.928 [info] [perf] Render performance baseline is 99ms
2024-06-09 17:27:25.525 [error] Cannot read properties of undefined (reading 'activate'): TypeError: Cannot read properties of undefined (reading 'activate')
    at B.centerLayout (vscode-file://vscode-app/opt/visual-studio-code/resources/app/out/vs/workbench/workbench.desktop.main.js:2313:50386)
    at H.centerMainEditorLayout (vscode-file://vscode-app/opt/visual-studio-code/resources/app/out/vs/workbench/workbench.desktop.main.js:2363:95276)
    at u.value (vscode-file://vscode-app/opt/visual-studio-code/resources/app/out/vs/workbench/workbench.desktop.main.js:2363:73552)
    at h.y (vscode-file://vscode-app/opt/visual-studio-code/resources/app/out/vs/workbench/workbench.desktop.main.js:89:659)
    at h.z (vscode-file://vscode-app/opt/visual-studio-code/resources/app/out/vs/workbench/workbench.desktop.main.js:89:729)
    at h.fire (vscode-file://vscode-app/opt/visual-studio-code/resources/app/out/vs/workbench/workbench.desktop.main.js:89:945)
    at B.qc (vscode-file://vscode-app/opt/visual-studio-code/resources/app/out/vs/workbench/workbench.desktop.main.js:2313:51419)
    at B.pc (vscode-file://vscode-app/opt/visual-studio-code/resources/app/out/vs/workbench/workbench.desktop.main.js:2313:51148)
    at B.oc (vscode-file://vscode-app/opt/visual-studio-code/resources/app/out/vs/workbench/workbench.desktop.main.js:2313:50681)
    at B.nc (vscode-file://vscode-app/opt/visual-studio-code/resources/app/out/vs/workbench/workbench.desktop.main.js:2313:50505)
    at B.Q (vscode-file://vscode-app/opt/visual-studio-code/resources/app/out/vs/workbench/workbench.desktop.main.js:2313:48326)
    at B.create (vscode-file://vscode-app/opt/visual-studio-code/resources/app/out/vs/workbench/workbench.desktop.main.js:802:76545)
    at H.rc (vscode-file://vscode-app/opt/visual-studio-code/resources/app/out/vs/workbench/workbench.desktop.main.js:2363:124810)
    at vscode-file://vscode-app/opt/visual-studio-code/resources/app/out/vs/workbench/workbench.desktop.main.js:2363:121783
    at b.invokeFunction (vscode-file://vscode-app/opt/visual-studio-code/resources/app/out/vs/workbench/workbench.desktop.main.js:650:684)
    at H.startup (vscode-file://vscode-app/opt/visual-studio-code/resources/app/out/vs/workbench/workbench.desktop.main.js:2363:121430)
    at te.open (vscode-file://vscode-app/opt/visual-studio-code/resources/app/out/vs/workbench/workbench.desktop.main.js:2387:126237)
    at async vscode-file://vscode-app/opt/visual-studio-code/resources/app/out/vs/code/electron-sandbox/workbench/workbench.js:4:9483
2024-06-09 17:27:26.449 [info] Started local extension host with pid 21669.
2024-06-09 17:27:26.710 [warning] [twxs.cmake]: Cannot register 'cmake.cmakePath'. This property is already registered.
2024-06-09 17:27:34.630 [warning] [remote-ssh]: Couldn't find message for key setting.usseExecServer.description.
2024-06-09 17:27:36.115 [error] [Extension Host] (node:21669) [DEP0005] DeprecationWarning: Buffer() is deprecated due to security and usability issues. Please use the Buffer.alloc(), Buffer.allocUnsafe(), or Buffer.from() methods instead.
(Use `exe --trace-deprecation ...` to show where the warning was created)
2024-06-09 17:27:37.131 [info] [perf] Render performance baseline is 481ms
2024-06-09 17:52:25.340 [error] [ExtensionListenerError] Extension 'Cardinal90.multi-cursor-case-preserve' FAILED to handle event: TypeError: Cannot read properties of undefined (reading 'line'): Error: [ExtensionListenerError] Extension 'Cardinal90.multi-cursor-case-preserve' FAILED to handle event: TypeError: Cannot read properties of undefined (reading 'line')
    at n.value (/opt/visual-studio-code/resources/app/out/vs/workbench/api/node/extensionHostProcess.js:163:20749)
    at l.y (/opt/visual-studio-code/resources/app/out/vs/workbench/api/node/extensionHostProcess.js:82:664)
    at l.z (/opt/visual-studio-code/resources/app/out/vs/workbench/api/node/extensionHostProcess.js:82:734)
    at l.fire (/opt/visual-studio-code/resources/app/out/vs/workbench/api/node/extensionHostProcess.js:82:950)
    at p.$acceptEditorPropertiesChanged (/opt/visual-studio-code/resources/app/out/vs/workbench/api/node/extensionHostProcess.js:155:33337)
    at E.S (/opt/visual-studio-code/resources/app/out/vs/workbench/api/node/extensionHostProcess.js:150:5970)
    at E.Q (/opt/visual-studio-code/resources/app/out/vs/workbench/api/node/extensionHostProcess.js:150:5736)
    at E.M (/opt/visual-studio-code/resources/app/out/vs/workbench/api/node/extensionHostProcess.js:150:4762)
    at E.L (/opt/visual-studio-code/resources/app/out/vs/workbench/api/node/extensionHostProcess.js:150:3589)
    at n.value (/opt/visual-studio-code/resources/app/out/vs/workbench/api/node/extensionHostProcess.js:150:2282)
    at l.y (/opt/visual-studio-code/resources/app/out/vs/workbench/api/node/extensionHostProcess.js:82:664)
    at l.fire (/opt/visual-studio-code/resources/app/out/vs/workbench/api/node/extensionHostProcess.js:82:881)
    at s.fire (/opt/visual-studio-code/resources/app/out/vs/workbench/api/node/extensionHostProcess.js:107:14502)
    at n.value (/opt/visual-studio-code/resources/app/out/vs/workbench/api/node/extensionHostProcess.js:176:8481)
    at l.y (/opt/visual-studio-code/resources/app/out/vs/workbench/api/node/extensionHostProcess.js:82:664)
    at l.fire (/opt/visual-studio-code/resources/app/out/vs/workbench/api/node/extensionHostProcess.js:82:881)
    at s.fire (/opt/visual-studio-code/resources/app/out/vs/workbench/api/node/extensionHostProcess.js:107:14502)
    at MessagePortMain.<anonymous> (/opt/visual-studio-code/resources/app/out/vs/workbench/api/node/extensionHostProcess.js:176:6631)
    at MessagePortMain.emit (node:events:514:28)
    at Object.MessagePortMain._internalPort.emit (node:electron/js2c/utility_init:2:2285)
2024-06-09 17:52:26.658 [error] [ExtensionListenerError] Extension 'Cardinal90.multi-cursor-case-preserve' FAILED to handle event: TypeError: Cannot read properties of undefined (reading 'line'): Error: [ExtensionListenerError] Extension 'Cardinal90.multi-cursor-case-preserve' FAILED to handle event: TypeError: Cannot read properties of undefined (reading 'line')
    at n.value (/opt/visual-studio-code/resources/app/out/vs/workbench/api/node/extensionHostProcess.js:163:20749)
    at l.y (/opt/visual-studio-code/resources/app/out/vs/workbench/api/node/extensionHostProcess.js:82:664)
    at l.z (/opt/visual-studio-code/resources/app/out/vs/workbench/api/node/extensionHostProcess.js:82:734)
    at l.fire (/opt/visual-studio-code/resources/app/out/vs/workbench/api/node/extensionHostProcess.js:82:950)
    at p.$acceptEditorPropertiesChanged (/opt/visual-studio-code/resources/app/out/vs/workbench/api/node/extensionHostProcess.js:155:33337)
    at E.S (/opt/visual-studio-code/resources/app/out/vs/workbench/api/node/extensionHostProcess.js:150:5970)
    at E.Q (/opt/visual-studio-code/resources/app/out/vs/workbench/api/node/extensionHostProcess.js:150:5736)
    at E.M (/opt/visual-studio-code/resources/app/out/vs/workbench/api/node/extensionHostProcess.js:150:4762)
    at E.L (/opt/visual-studio-code/resources/app/out/vs/workbench/api/node/extensionHostProcess.js:150:3589)
    at n.value (/opt/visual-studio-code/resources/app/out/vs/workbench/api/node/extensionHostProcess.js:150:2282)
    at l.y (/opt/visual-studio-code/resources/app/out/vs/workbench/api/node/extensionHostProcess.js:82:664)
    at l.fire (/opt/visual-studio-code/resources/app/out/vs/workbench/api/node/extensionHostProcess.js:82:881)
    at s.fire (/opt/visual-studio-code/resources/app/out/vs/workbench/api/node/extensionHostProcess.js:107:14502)
    at n.value (/opt/visual-studio-code/resources/app/out/vs/workbench/api/node/extensionHostProcess.js:176:8481)
    at l.y (/opt/visual-studio-code/resources/app/out/vs/workbench/api/node/extensionHostProcess.js:82:664)
    at l.fire (/opt/visual-studio-code/resources/app/out/vs/workbench/api/node/extensionHostProcess.js:82:881)
    at s.fire (/opt/visual-studio-code/resources/app/out/vs/workbench/api/node/extensionHostProcess.js:107:14502)
    at MessagePortMain.<anonymous> (/opt/visual-studio-code/resources/app/out/vs/workbench/api/node/extensionHostProcess.js:176:6631)
    at MessagePortMain.emit (node:events:514:28)
    at Object.MessagePortMain._internalPort.emit (node:electron/js2c/utility_init:2:2285)
