2024-06-08 03:33:22.346 [info] Extension host with pid 22965 started
2024-06-08 03:33:22.752 [info] ExtensionService#_doActivateExtension vscode.emmet, startup: false, activationEvent: 'onLanguage'
2024-06-08 03:33:22.969 [info] ExtensionService#_doActivateExtension vscode.git-base, startup: true, activationEvent: '*', root cause: vscode.git
2024-06-08 03:33:22.993 [info] ExtensionService#_doActivateExtension s-nlf-fh.glassit, startup: true, activationEvent: '*'
2024-06-08 03:33:23.592 [info] ExtensionService#_doActivateExtension vscode.git, startup: true, activationEvent: '*'
2024-06-08 03:33:23.735 [info] ExtensionService#_doActivateExtension vscode.github, startup: true, activationEvent: '*'
2024-06-08 03:33:23.840 [info] Eager extensions activated
2024-06-08 03:33:23.898 [info] ExtensionService#_doActivateExtension vscode.debug-auto-launch, startup: false, activationEvent: 'onStartupFinished'
2024-06-08 03:33:23.902 [info] ExtensionService#_doActivateExtension vscode.merge-conflict, startup: false, activationEvent: 'onStartupFinished'
2024-06-08 03:33:24.166 [info] ExtensionService#_doActivateExtension vscode.json-language-features, startup: false, activationEvent: 'onLanguage:jsonc'
2024-06-08 03:33:24.229 [info] ExtensionService#_doActivateExtension vscode.typescript-language-features, startup: false, activationEvent: 'onLanguage:jsonc'
2024-06-08 03:33:40.743 [info] Extension host terminating: renderer closed the MessagePort
2024-06-08 03:33:40.778 [info] Extension host with pid 22965 exiting with code 0
2024-06-08 03:33:42.621 [info] Extension host with pid 23094 started
2024-06-08 03:33:42.621 [info] Skipping acquiring lock for /home/jeet/.config/Code - OSS/User/workspaceStorage/8ddb89a8926c62c29f77ec33c7b086f2.
2024-06-08 03:33:42.677 [info] ExtensionService#_doActivateExtension vscode.git-base, startup: true, activationEvent: '*'
2024-06-08 03:33:42.701 [info] ExtensionService#_doActivateExtension vscode.github, startup: true, activationEvent: '*'
2024-06-08 03:33:42.849 [info] Eager extensions activated
2024-06-08 03:33:42.984 [info] ExtensionService#_doActivateExtension vscode.debug-auto-launch, startup: false, activationEvent: 'onStartupFinished'
2024-06-08 03:33:42.988 [info] ExtensionService#_doActivateExtension vscode.merge-conflict, startup: false, activationEvent: 'onStartupFinished'
2024-06-08 03:33:46.178 [info] ExtensionService#_doActivateExtension vscode.git, startup: false, activationEvent: 'api', root cause: vscode.github
2024-06-08 03:33:46.230 [info] ExtensionService#_doActivateExtension s-nlf-fh.glassit, startup: false, activationEvent: '*'
2024-06-08 03:33:46.412 [info] ExtensionService#_doActivateExtension vscode.json-language-features, startup: false, activationEvent: 'onLanguage:jsonc'
2024-06-08 03:33:46.446 [info] ExtensionService#_doActivateExtension vscode.typescript-language-features, startup: false, activationEvent: 'onLanguage:jsonc'
2024-06-08 03:33:46.480 [info] ExtensionService#_doActivateExtension vscode.emmet, startup: false, activationEvent: 'onLanguage'
2024-06-08 03:33:50.686 [info] ExtensionService#_doActivateExtension vscode.html-language-features, startup: false, activationEvent: 'onLanguage:html'
2024-06-08 03:34:01.555 [info] Extension host terminating: renderer closed the MessagePort
2024-06-08 03:34:01.605 [info] Extension host with pid 23094 exiting with code 0
2024-06-08 03:34:02.321 [info] Extension host with pid 23234 started
2024-06-08 03:34:02.321 [info] Skipping acquiring lock for /home/jeet/.config/Code - OSS/User/workspaceStorage/8ddb89a8926c62c29f77ec33c7b086f2.
2024-06-08 03:34:02.329 [info] ExtensionService#_doActivateExtension vscode.json-language-features, startup: false, activationEvent: 'onLanguage:jsonc'
2024-06-08 03:34:02.359 [info] ExtensionService#_doActivateExtension vscode.typescript-language-features, startup: false, activationEvent: 'onLanguage:jsonc'
2024-06-08 03:34:02.393 [info] ExtensionService#_doActivateExtension vscode.emmet, startup: false, activationEvent: 'onLanguage'
2024-06-08 03:34:02.399 [info] ExtensionService#_doActivateExtension vscode.html-language-features, startup: false, activationEvent: 'onLanguage:html'
2024-06-08 03:34:03.107 [info] ExtensionService#_doActivateExtension s-nlf-fh.glassit, startup: false, activationEvent: '*'
2024-06-08 03:34:03.337 [info] ExtensionService#_doActivateExtension vscode.git-base, startup: true, activationEvent: '*', root cause: vscode.git
2024-06-08 03:34:03.342 [info] ExtensionService#_doActivateExtension vscode.git, startup: true, activationEvent: '*'
2024-06-08 03:34:03.369 [info] ExtensionService#_doActivateExtension vscode.github, startup: true, activationEvent: '*'
2024-06-08 03:34:03.415 [info] Eager extensions activated
2024-06-08 03:34:03.449 [info] ExtensionService#_doActivateExtension vscode.debug-auto-launch, startup: false, activationEvent: 'onStartupFinished'
2024-06-08 03:34:03.451 [info] ExtensionService#_doActivateExtension vscode.merge-conflict, startup: false, activationEvent: 'onStartupFinished'
2024-06-08 03:36:21.306 [info] Extension host terminating: renderer closed the MessagePort
2024-06-08 03:36:21.326 [info] Extension host with pid 23234 exiting with code 0
2024-06-08 03:36:22.113 [info] Extension host with pid 23510 started
2024-06-08 03:36:22.113 [info] Skipping acquiring lock for /home/jeet/.config/Code - OSS/User/workspaceStorage/8ddb89a8926c62c29f77ec33c7b086f2.
2024-06-08 03:36:22.121 [info] ExtensionService#_doActivateExtension vscode.json-language-features, startup: false, activationEvent: 'onLanguage:jsonc'
2024-06-08 03:36:22.151 [info] ExtensionService#_doActivateExtension vscode.typescript-language-features, startup: false, activationEvent: 'onLanguage:jsonc'
2024-06-08 03:36:22.184 [info] ExtensionService#_doActivateExtension vscode.emmet, startup: false, activationEvent: 'onLanguage'
2024-06-08 03:36:22.191 [info] ExtensionService#_doActivateExtension vscode.html-language-features, startup: false, activationEvent: 'onLanguage:html'
2024-06-08 03:36:22.945 [info] ExtensionService#_doActivateExtension vscode.git-base, startup: true, activationEvent: '*', root cause: vscode.git
2024-06-08 03:36:22.950 [info] ExtensionService#_doActivateExtension vscode.git, startup: true, activationEvent: '*'
2024-06-08 03:36:22.978 [info] ExtensionService#_doActivateExtension vscode.github, startup: true, activationEvent: '*'
2024-06-08 03:36:23.026 [info] Eager extensions activated
2024-06-08 03:36:23.057 [info] ExtensionService#_doActivateExtension vscode.debug-auto-launch, startup: false, activationEvent: 'onStartupFinished'
2024-06-08 03:36:23.060 [info] ExtensionService#_doActivateExtension vscode.merge-conflict, startup: false, activationEvent: 'onStartupFinished'
2024-06-08 03:36:32.973 [info] ExtensionService#_doActivateExtension s-nlf-fh.glassit, startup: false, activationEvent: '*'
2024-06-08 03:37:15.842 [info] Extension host terminating: renderer closed the MessagePort
2024-06-08 03:37:15.883 [info] Extension host with pid 23510 exiting with code 0
