2024-06-11 20:49:31.883 [info] Reading sessions from keychain...
2024-06-11 20:49:31.883 [info] Getting sessions for all scopes...
2024-06-11 20:49:31.883 [info] Getting sessions for all scopes...
2024-06-11 20:49:31.883 [info] Got stored sessions!
2024-06-11 20:49:31.883 [info] Got 1 verified sessions.
2024-06-11 20:49:31.883 [info] Got 1 sessions for ...
2024-06-11 20:49:31.883 [info] Got 1 sessions for ...
2024-06-11 20:49:31.883 [info] Getting sessions for user:email...
2024-06-11 20:49:31.883 [info] Got 1 sessions for user:email...
2024-06-11 20:49:36.850 [info] Getting sessions for read:user,repo,user:email...
2024-06-11 20:49:36.850 [info] Got 0 sessions for read:user,repo,user:email...
2024-06-11 20:49:36.881 [info] Getting sessions for project,read:org,read:user,repo,user:email,workflow...
2024-06-11 20:49:36.881 [info] Got 0 sessions for project,read:org,read:user,repo,user:email,workflow...
2024-06-11 20:49:37.042 [info] Getting sessions for read:user,repo,user:email,workflow...
2024-06-11 20:49:37.042 [info] Got 0 sessions for read:user,repo,user:email,workflow...
2024-06-11 20:49:37.351 [info] Getting sessions for read:user,repo,user:email...
2024-06-11 20:49:37.351 [info] Got 0 sessions for read:user,repo,user:email...
2024-06-11 20:49:38.901 [info] Getting sessions for read:user,repo,user:email,workflow...
2024-06-11 20:49:38.901 [info] Got 0 sessions for read:user,repo,user:email,workflow...
2024-06-11 20:49:39.116 [info] Getting sessions for read:user,repo,user:email,workflow...
2024-06-11 20:49:39.116 [info] Got 0 sessions for read:user,repo,user:email,workflow...
