2024-06-08 03:16:22.489 [info] Added views:workbench.panel.markers.view in workbench.panel.markers
2024-06-08 03:16:22.489 [info] Added views:workbench.panel.output in workbench.panel.output
2024-06-08 03:16:22.489 [info] Added views:terminal in terminal
2024-06-08 03:16:22.489 [info] Added views:outline in workbench.view.explorer
2024-06-08 03:16:22.489 [info] Added views:workbench.scm in workbench.view.scm
2024-06-08 03:16:22.489 [info] Added views:workbench.view.search in workbench.view.search
2024-06-08 03:16:22.489 [info] Added views:timeline in workbench.view.explorer
2024-06-08 03:16:22.489 [info] Added views:workbench.explorer.emptyView in workbench.view.explorer
2024-06-08 03:16:23.958 [info] Added views:workbench.debug.variablesView,workbench.debug.watchExpressionsView,workbench.debug.callStackView,workbench.debug.breakPointsView in workbench.view.debug
2024-06-08 03:16:24.020 [info] Added views:workbench.panel.repl.view in workbench.panel.repl
2024-06-08 03:16:24.024 [info] Removed views:workbench.debug.breakPointsView,workbench.debug.callStackView,workbench.debug.watchExpressionsView,workbench.debug.variablesView from workbench.view.debug
2024-06-08 03:16:24.025 [info] Added views:workbench.debug.welcome in workbench.view.debug
2024-06-08 03:16:25.079 [info] Added views:~remote.forwardedPorts in ~remote.forwardedPortsContainer
2024-06-08 03:17:55.769 [info] Added views:workbench.panel.markers.view in workbench.panel.markers
2024-06-08 03:17:55.769 [info] Added views:workbench.panel.output in workbench.panel.output
2024-06-08 03:17:55.769 [info] Added views:terminal in terminal
2024-06-08 03:17:55.769 [info] Added views:outline in workbench.view.explorer
2024-06-08 03:17:55.769 [info] Added views:workbench.scm in workbench.view.scm
2024-06-08 03:17:55.769 [info] Added views:workbench.view.search in workbench.view.search
2024-06-08 03:17:55.769 [info] Added views:timeline in workbench.view.explorer
2024-06-08 03:17:55.769 [info] Added views:workbench.explorer.fileView in workbench.view.explorer
2024-06-08 03:17:56.388 [info] Added views:workbench.debug.variablesView,workbench.debug.watchExpressionsView,workbench.debug.callStackView,workbench.debug.breakPointsView in workbench.view.debug
2024-06-08 03:17:56.531 [info] Added views:~remote.forwardedPorts in ~remote.forwardedPortsContainer
2024-06-08 03:17:56.795 [info] Added views:workbench.panel.repl.view in workbench.panel.repl
2024-06-08 03:17:56.796 [info] Removed views:workbench.debug.breakPointsView,workbench.debug.callStackView,workbench.debug.watchExpressionsView,workbench.debug.variablesView from workbench.view.debug
2024-06-08 03:17:56.805 [info] Added views:workbench.debug.welcome in workbench.view.debug
2024-06-08 03:18:06.340 [info] Added views:workbench.views.extensions.installed,workbench.views.extensions.popular,extensions.recommendedList in workbench.view.extensions
2024-06-08 03:18:06.343 [info] Removed views:workbench.views.extensions.popular from workbench.view.extensions
