2024-06-08 20:13:49.416 [info] Added views:workbench.panel.markers.view in workbench.panel.markers
2024-06-08 20:13:49.417 [info] Added views:workbench.panel.output in workbench.panel.output
2024-06-08 20:13:49.417 [info] Added views:terminal in terminal
2024-06-08 20:13:49.417 [info] Added views:outline in workbench.view.explorer
2024-06-08 20:13:49.417 [info] Added views:workbench.scm in workbench.view.scm
2024-06-08 20:13:49.417 [info] Added views:workbench.view.search in workbench.view.search
2024-06-08 20:13:49.417 [info] Added views:timeline in workbench.view.explorer
2024-06-08 20:13:49.417 [info] Added views:workbench.explorer.fileView in workbench.view.explorer
2024-06-08 20:13:49.677 [info] Added views:workbench.debug.welcome in workbench.view.debug
2024-06-08 20:13:50.693 [info] Added views:workspaceEnvironments,pythonEnvironments in workbench.view.extension.package-explorer
2024-06-08 20:13:50.694 [info] Added views:gitlens.views.home,gitlens.views.workspaces,gitlens.views.account in workbench.view.extension.gitlens
2024-06-08 20:13:50.696 [info] Added views:gitlens.views.commitDetails,gitlens.views.lineHistory,gitlens.views.fileHistory,gitlens.views.searchAndCompare in workbench.view.extension.gitlensInspect
2024-06-08 20:13:50.698 [info] Added views:gitlens.views.repositories,gitlens.views.commits,gitlens.views.branches,gitlens.views.remotes,gitlens.views.stashes,gitlens.views.tags,gitlens.views.contributors in workbench.view.scm
2024-06-08 20:13:50.700 [info] Added views:mysql in workbench.view.explorer
2024-06-08 20:13:50.703 [info] Added views:pr:github,issues:github in workbench.view.extension.github-pull-requests
2024-06-08 20:13:50.709 [info] Added views:dockerContainers,dockerImages,dockerRegistries,dockerNetworks,dockerVolumes,vscode-docker.views.dockerContexts,vscode-docker.views.help in workbench.view.extension.dockerView
2024-06-08 20:13:50.711 [info] Added views:targetsContainers,devVolumes in workbench.view.remote
2024-06-08 20:13:50.713 [info] Added views:remoteTargets in workbench.view.remote
2024-06-08 20:13:50.715 [info] Added views:liveshare.session in workbench.view.extension.liveshare
2024-06-08 20:13:51.463 [info] Added views:workbench.panel.repl.view in workbench.panel.repl
2024-06-08 20:13:56.738 [info] Removed views:gitlens.views.searchAndCompare,gitlens.views.fileHistory,gitlens.views.lineHistory,gitlens.views.commitDetails from workbench.view.extension.gitlensInspect
2024-06-08 20:13:56.754 [info] Removed views:gitlens.views.contributors,gitlens.views.tags,gitlens.views.stashes,gitlens.views.remotes,gitlens.views.branches,gitlens.views.commits,gitlens.views.repositories from workbench.view.scm
2024-06-08 20:13:57.045 [info] Added views:gitlens.views.drafts in workbench.view.extension.gitlens
2024-06-08 20:14:00.947 [info] Added views:~remote.forwardedPorts in ~remote.forwardedPortsContainer
