2024-06-08 03:33:57.075 [info] Uninstalling extension from the profile: mateuszdrewniak.theme-dracula-dark-plus@2.24.4 vscode-userdata:/home/jeet/.vscode-oss/extensions/extensions.json
2024-06-08 03:33:57.222 [info] Marked extension as uninstalled mateuszdrewniak.theme-dracula-dark-plus-2.24.4-universal
2024-06-08 03:33:57.508 [info] Successfully uninstalled extension from the profile mateuszdrewniak.theme-dracula-dark-plus@2.24.4 vscode-userdata:/home/jeet/.vscode-oss/extensions/extensions.json
2024-06-08 03:36:18.371 [info] Uninstalling extension from the profile: s-nlf-fh.glassit@0.2.3 vscode-userdata:/home/jeet/.vscode-oss/extensions/extensions.json
2024-06-08 03:36:18.454 [info] Marked extension as uninstalled s-nlf-fh.glassit-0.2.3-universal
2024-06-08 03:36:18.487 [error] [uncaught exception in sharedProcess]: Error: ENOENT: no such file or directory, stat '/home/jeet/.vscode-oss/extensions/extensions.json.vsctmp': EntryNotFound (FileSystemError): Error: ENOENT: no such file or directory, stat '/home/jeet/.vscode-oss/extensions/extensions.json.vsctmp'
    at a.create (/usr/lib/code/out/vs/code/node/sharedProcess/sharedProcessMain.js:53:30019)
    at b (/usr/lib/code/out/vs/code/node/sharedProcess/sharedProcessMain.js:53:30130)
    at t.hb (/usr/lib/code/out/vs/code/node/sharedProcess/sharedProcessMain.js:58:36600)
    at t.stat (/usr/lib/code/out/vs/code/node/sharedProcess/sharedProcessMain.js:58:29040)
    at async $.stat (/usr/lib/code/out/vs/code/node/sharedProcess/sharedProcessMain.js:58:16186)
    at async J.sb (/usr/lib/code/out/vs/code/node/sharedProcess/sharedProcessMain.js:104:109501)
2024-06-08 03:36:18.716 [info] Successfully uninstalled extension from the profile s-nlf-fh.glassit@0.2.3 vscode-userdata:/home/jeet/.vscode-oss/extensions/extensions.json
2024-06-08 03:36:30.859 [info] Getting Manifest... s-nlf-fh.glassit
2024-06-08 03:36:31.128 [info] Installing extension: s-nlf-fh.glassit
2024-06-08 03:36:32.491 [error] Could not load vsce-sign module Cannot find module '@vscode/vsce-sign'
Require stack:
- /usr/lib/code/out/bootstrap-amd.js
- /usr/lib/code/out/bootstrap-fork.js
2024-06-08 03:36:32.492 [info] Extension signature verification is not done: s-nlf-fh.glassit
2024-06-08 03:36:32.641 [info] Removed the extension from uninstalled list: s-nlf-fh.glassit
2024-06-08 03:36:32.775 [info] Extension installed successfully: s-nlf-fh.glassit
2024-06-08 03:36:32.802 [error] [uncaught exception in sharedProcess]: Error: ENOENT: no such file or directory, stat '/home/jeet/.vscode-oss/extensions/extensions.json.vsctmp': EntryNotFound (FileSystemError): Error: ENOENT: no such file or directory, stat '/home/jeet/.vscode-oss/extensions/extensions.json.vsctmp'
    at a.create (/usr/lib/code/out/vs/code/node/sharedProcess/sharedProcessMain.js:53:30019)
    at b (/usr/lib/code/out/vs/code/node/sharedProcess/sharedProcessMain.js:53:30130)
    at t.hb (/usr/lib/code/out/vs/code/node/sharedProcess/sharedProcessMain.js:58:36600)
    at t.stat (/usr/lib/code/out/vs/code/node/sharedProcess/sharedProcessMain.js:58:29040)
    at async $.stat (/usr/lib/code/out/vs/code/node/sharedProcess/sharedProcessMain.js:58:16186)
    at async J.sb (/usr/lib/code/out/vs/code/node/sharedProcess/sharedProcessMain.js:104:109501)
