2024-06-11 20:48:56.246 [info] Extension host with pid 1784 started
2024-06-11 20:48:56.246 [info] Skipping acquiring lock for /home/jeet/.config/Code/User/workspaceStorage/fbd2f5c9367c3a92ac053cfd68684024.
2024-06-11 20:48:56.273 [info] ExtensionService#_doActivateExtension vscode.emmet, startup: false, activationEvent: 'onLanguage'
2024-06-11 20:48:56.980 [info] ExtensionService#_doActivateExtension pucelle.vscode-css-navigation, startup: false, activationEvent: 'onLanguage'
2024-06-11 20:49:04.640 [info] ExtensionService#_doActivateExtension vscode.typescript-language-features, startup: false, activationEvent: 'onLanguage:javascript'
2024-06-11 20:49:04.946 [info] ExtensionService#_doActivateExtension VisualStudioExptTeam.intellicode-api-usage-examples, startup: false, activationEvent: 'onLanguage:javascript'
2024-06-11 20:49:05.659 [info] ExtensionService#_doActivateExtension VisualStudioExptTeam.vscodeintellicode, startup: false, activationEvent: 'onLanguage:javascript'
2024-06-11 20:49:06.190 [info] ExtensionService#_doActivateExtension vscode.github-authentication, startup: false, activationEvent: 'onAuthenticationRequest:github'
2024-06-11 20:49:07.219 [info] ExtensionService#_doActivateExtension vscode.git-base, startup: true, activationEvent: '*', root cause: vscode.git
2024-06-11 20:49:07.387 [info] ExtensionService#_doActivateExtension be5invis.vscode-custom-css, startup: true, activationEvent: '*'
2024-06-11 20:49:08.749 [info] ExtensionService#_doActivateExtension Cardinal90.multi-cursor-case-preserve, startup: true, activationEvent: '*'
2024-06-11 20:49:09.212 [info] ExtensionService#_doActivateExtension etmoffat.pip-packages, startup: true, activationEvent: '*'
2024-06-11 20:49:10.294 [info] ExtensionService#_doActivateExtension formulahendry.auto-close-tag, startup: true, activationEvent: '*'
2024-06-11 20:49:10.414 [info] ExtensionService#_doActivateExtension formulahendry.auto-rename-tag, startup: true, activationEvent: '*'
2024-06-11 20:49:10.628 [info] ExtensionService#_doActivateExtension s-nlf-fh.glassit, startup: true, activationEvent: '*'
2024-06-11 20:49:12.931 [info] Not activating extension 'almahdi.code-django': Timed out while searching for 'workspaceContains' pattern **/manage.py,**/apps.py
2024-06-11 20:49:12.931 [info] Not activating extension 'ms-vscode.cmake-tools': Timed out while searching for 'workspaceContains' pattern */CMakeLists.txt,*/*/CMakeLists.txt,*/*/*/CMakeLists.txt
2024-06-11 20:49:12.931 [info] Not activating extension 'rust-lang.rust-analyzer': Timed out while searching for 'workspaceContains' pattern */Cargo.toml,*/rust-project.json
2024-06-11 20:49:12.931 [info] Not activating extension 'serayuzgur.crates': Timed out while searching for 'workspaceContains' pattern */Cargo.toml
2024-06-11 20:49:12.931 [info] Not activating extension 'vscjava.vscode-maven': Timed out while searching for 'workspaceContains' pattern **/pom.xml
2024-06-11 20:49:12.935 [info] ExtensionService#_doActivateExtension vscode.git, startup: true, activationEvent: '*'
2024-06-11 20:49:13.918 [info] ExtensionService#_doActivateExtension vscode.github, startup: true, activationEvent: '*'
2024-06-11 20:49:15.149 [info] ExtensionService#_doActivateExtension vscode.json-language-features, startup: false, activationEvent: 'onLanguage:jsonc'
2024-06-11 20:49:16.009 [info] ExtensionService#_doActivateExtension vscode.debug-auto-launch, startup: false, activationEvent: 'onStartupFinished'
2024-06-11 20:49:16.272 [info] ExtensionService#_doActivateExtension vscode.merge-conflict, startup: false, activationEvent: 'onStartupFinished'
2024-06-11 20:49:16.608 [info] ExtensionService#_doActivateExtension BrandonKirbyson.vscode-animations, startup: false, activationEvent: 'onStartupFinished'
2024-06-11 20:49:16.931 [info] ExtensionService#_doActivateExtension dbaeumer.vscode-eslint, startup: false, activationEvent: 'onStartupFinished'
2024-06-11 20:49:17.241 [info] ExtensionService#_doActivateExtension drcika.apc-extension, startup: false, activationEvent: 'onStartupFinished'
2024-06-11 20:49:17.693 [info] ExtensionService#_doActivateExtension eamodio.gitlens, startup: false, activationEvent: 'onStartupFinished'
2024-06-11 20:49:18.531 [info] ExtensionService#_doActivateExtension ecmel.vscode-html-css, startup: false, activationEvent: 'onStartupFinished'
2024-06-11 20:49:18.904 [info] ExtensionService#_doActivateExtension esbenp.prettier-vscode, startup: false, activationEvent: 'onStartupFinished'
2024-06-11 20:49:21.301 [info] ExtensionService#_doActivateExtension formulahendry.code-runner, startup: false, activationEvent: 'onStartupFinished'
2024-06-11 20:49:23.796 [info] ExtensionService#_doActivateExtension GitHub.vscode-pull-request-github, startup: false, activationEvent: 'onStartupFinished'
2024-06-11 20:49:24.508 [info] ExtensionService#_doActivateExtension ms-vscode-remote.remote-containers, startup: false, activationEvent: 'onStartupFinished'
2024-06-11 20:49:25.155 [info] ExtensionService#_doActivateExtension ms-vscode-remote.remote-wsl, startup: false, activationEvent: 'onStartupFinished'
2024-06-11 20:49:25.534 [info] ExtensionService#_doActivateExtension ritwickdey.LiveServer, startup: false, activationEvent: 'onStartupFinished'
2024-06-11 20:49:29.767 [info] ExtensionService#_doActivateExtension vadimcn.vscode-lldb, startup: false, activationEvent: 'onStartupFinished'
2024-06-11 20:49:31.915 [info] Eager extensions activated
2024-06-11 20:49:32.071 [info] ExtensionService#_doActivateExtension ms-vsliveshare.vsliveshare, startup: false, activationEvent: 'api', root cause: eamodio.gitlens
