2024-06-09 21:48:10.348 [info] Added views:workbench.panel.markers.view in workbench.panel.markers
2024-06-09 21:48:10.348 [info] Added views:workbench.panel.output in workbench.panel.output
2024-06-09 21:48:10.348 [info] Added views:terminal in terminal
2024-06-09 21:48:10.348 [info] Added views:outline in workbench.view.explorer
2024-06-09 21:48:10.348 [info] Added views:workbench.scm in workbench.view.scm
2024-06-09 21:48:10.348 [info] Added views:workbench.view.search in workbench.view.search
2024-06-09 21:48:10.348 [info] Added views:timeline in workbench.view.explorer
2024-06-09 21:48:10.348 [info] Added views:workbench.explorer.fileView in workbench.view.explorer
2024-06-09 21:48:10.805 [info] Added views:workbench.debug.welcome in workbench.view.debug
2024-06-09 21:48:11.566 [info] Added views:workspaceEnvironments,pythonEnvironments in workbench.view.extension.package-explorer
2024-06-09 21:48:11.568 [info] Added views:gitlens.views.home,gitlens.views.workspaces,gitlens.views.account in workbench.view.extension.gitlens
2024-06-09 21:48:11.570 [info] Added views:gitlens.views.commitDetails,gitlens.views.lineHistory,gitlens.views.fileHistory,gitlens.views.searchAndCompare in workbench.view.extension.gitlensInspect
2024-06-09 21:48:11.571 [info] Added views:gitlens.views.repositories,gitlens.views.commits,gitlens.views.branches,gitlens.views.remotes,gitlens.views.stashes,gitlens.views.tags,gitlens.views.contributors in workbench.view.scm
2024-06-09 21:48:11.572 [info] Added views:mysql in workbench.view.explorer
2024-06-09 21:48:11.574 [info] Added views:pr:github,issues:github in workbench.view.extension.github-pull-requests
2024-06-09 21:48:11.577 [info] Added views:dockerContainers,dockerImages,dockerRegistries,dockerNetworks,dockerVolumes,vscode-docker.views.dockerContexts,vscode-docker.views.help in workbench.view.extension.dockerView
2024-06-09 21:48:11.579 [info] Added views:targetsContainers,devVolumes in workbench.view.remote
2024-06-09 21:48:11.579 [info] Added views:remoteTargets in workbench.view.remote
2024-06-09 21:48:11.581 [info] Added views:liveshare.session in workbench.view.extension.liveshare
2024-06-09 21:48:12.972 [info] Added views:workbench.panel.repl.view in workbench.panel.repl
2024-06-09 21:48:18.359 [info] Added views:~remote.forwardedPorts in ~remote.forwardedPortsContainer
2024-06-09 21:48:32.247 [info] Removed views:gitlens.views.searchAndCompare,gitlens.views.fileHistory,gitlens.views.lineHistory,gitlens.views.commitDetails from workbench.view.extension.gitlensInspect
2024-06-09 21:48:32.254 [info] Removed views:gitlens.views.contributors,gitlens.views.tags,gitlens.views.stashes,gitlens.views.remotes,gitlens.views.branches,gitlens.views.commits,gitlens.views.repositories from workbench.view.scm
2024-06-09 21:48:32.821 [info] Added views:gitlens.views.drafts in workbench.view.extension.gitlens
