2024-06-09 16:17:53.623 [info] Reading sessions from keychain...
2024-06-09 16:17:53.623 [info] Getting sessions for all scopes...
2024-06-09 16:17:53.623 [info] Getting sessions for all scopes...
2024-06-09 16:17:53.623 [info] Got stored sessions!
2024-06-09 16:17:53.623 [info] Got 1 verified sessions.
2024-06-09 16:17:53.623 [info] Got 1 sessions for ...
2024-06-09 16:17:53.623 [info] Got 1 sessions for ...
2024-06-09 16:17:53.623 [info] Getting sessions for user:email...
2024-06-09 16:17:53.623 [info] Got 1 sessions for user:email...
2024-06-09 16:17:53.623 [info] Getting sessions for read:user,repo,user:email...
2024-06-09 16:17:53.623 [info] Got 0 sessions for read:user,repo,user:email...
2024-06-09 16:17:53.691 [info] Getting sessions for project,read:org,read:user,repo,user:email,workflow...
2024-06-09 16:17:53.691 [info] Got 0 sessions for project,read:org,read:user,repo,user:email,workflow...
2024-06-09 16:17:53.965 [info] Getting sessions for read:user,repo,user:email,workflow...
2024-06-09 16:17:53.965 [info] Got 0 sessions for read:user,repo,user:email,workflow...
2024-06-09 16:17:54.477 [info] Getting sessions for read:user,repo,user:email...
2024-06-09 16:17:54.477 [info] Got 0 sessions for read:user,repo,user:email...
2024-06-09 16:17:54.655 [info] Getting sessions for read:user,repo,user:email,workflow...
2024-06-09 16:17:54.655 [info] Got 0 sessions for read:user,repo,user:email,workflow...
2024-06-09 16:17:54.773 [info] Getting sessions for read:user,repo,user:email,workflow...
2024-06-09 16:17:54.773 [info] Got 0 sessions for read:user,repo,user:email,workflow...
