2024-06-09 17:26:06.321 [info] Reading sessions from keychain...
2024-06-09 17:26:06.321 [info] Getting sessions for all scopes...
2024-06-09 17:26:06.321 [info] Getting sessions for all scopes...
2024-06-09 17:26:06.321 [info] Getting sessions for user:email...
2024-06-09 17:26:06.321 [info] Got stored sessions!
2024-06-09 17:26:06.321 [info] Got 1 verified sessions.
2024-06-09 17:26:06.321 [info] Got 1 sessions for ...
2024-06-09 17:26:06.321 [info] Got 1 sessions for ...
2024-06-09 17:26:06.321 [info] Got 1 sessions for user:email...
2024-06-09 17:26:06.321 [info] Getting sessions for read:user,repo,user:email...
2024-06-09 17:26:06.321 [info] Got 0 sessions for read:user,repo,user:email...
2024-06-09 17:26:07.092 [info] Getting sessions for project,read:org,read:user,repo,user:email,workflow...
2024-06-09 17:26:07.092 [info] Got 0 sessions for project,read:org,read:user,repo,user:email,workflow...
2024-06-09 17:26:07.440 [info] Getting sessions for read:user,repo,user:email,workflow...
2024-06-09 17:26:07.440 [info] Got 0 sessions for read:user,repo,user:email,workflow...
2024-06-09 17:26:07.642 [info] Getting sessions for read:user,repo,user:email...
2024-06-09 17:26:07.642 [info] Got 0 sessions for read:user,repo,user:email...
2024-06-09 17:26:07.719 [info] Getting sessions for read:user,repo,user:email,workflow...
2024-06-09 17:26:07.719 [info] Got 0 sessions for read:user,repo,user:email,workflow...
2024-06-09 17:26:07.720 [info] Getting sessions for read:user,repo,user:email,workflow...
2024-06-09 17:26:07.720 [info] Got 0 sessions for read:user,repo,user:email,workflow...
2024-06-09 17:27:37.070 [info] Reading sessions from keychain...
2024-06-09 17:27:37.070 [info] Getting sessions for all scopes...
2024-06-09 17:27:37.070 [info] Getting sessions for all scopes...
2024-06-09 17:27:37.070 [info] Getting sessions for user:email...
2024-06-09 17:27:37.070 [info] Got stored sessions!
2024-06-09 17:27:37.070 [info] Got 1 verified sessions.
2024-06-09 17:27:37.070 [info] Got 1 sessions for ...
2024-06-09 17:27:37.070 [info] Got 1 sessions for ...
2024-06-09 17:27:37.071 [info] Got 1 sessions for user:email...
2024-06-09 17:27:37.121 [info] Getting sessions for read:user,repo,user:email...
2024-06-09 17:27:37.121 [info] Got 0 sessions for read:user,repo,user:email...
2024-06-09 17:27:37.569 [info] Getting sessions for project,read:org,read:user,repo,user:email,workflow...
2024-06-09 17:27:37.569 [info] Got 0 sessions for project,read:org,read:user,repo,user:email,workflow...
2024-06-09 17:27:39.106 [info] Getting sessions for read:user,repo,user:email,workflow...
2024-06-09 17:27:39.106 [info] Got 0 sessions for read:user,repo,user:email,workflow...
2024-06-09 17:27:39.228 [info] Getting sessions for read:user,repo,user:email...
2024-06-09 17:27:39.229 [info] Got 0 sessions for read:user,repo,user:email...
2024-06-09 17:27:39.319 [info] Getting sessions for read:user,repo,user:email,workflow...
2024-06-09 17:27:39.319 [info] Got 0 sessions for read:user,repo,user:email,workflow...
2024-06-09 17:27:39.325 [info] Getting sessions for read:user,repo,user:email,workflow...
2024-06-09 17:27:39.325 [info] Got 0 sessions for read:user,repo,user:email,workflow...
