2024-06-11 21:35:36.902 [info] Started local extension host with pid 2216.
2024-06-11 21:35:43.071 [warning] [twxs.cmake]: Cannot register 'cmake.cmakePath'. This property is already registered.
2024-06-11 21:35:47.436 [warning] [remote-ssh]: Couldn't find message for key setting.usseExecServer.description.
2024-06-11 21:35:48.429 [info] [perf] Render performance baseline is 68ms
2024-06-11 21:35:49.679 [info] Extension host (LocalProcess pid: 2216) is unresponsive.
2024-06-11 21:35:52.665 [info] UNRESPONSIVE extension host: starting to profile NOW
2024-06-11 21:36:03.991 [info] Extension host (LocalProcess pid: 2216) is responsive.
2024-06-11 21:36:07.058 [info] Extension host (LocalProcess pid: 2216) is unresponsive.
2024-06-11 21:36:07.493 [info] UNRESPONSIVE extension host: starting to profile NOW
2024-06-11 21:36:17.748 [info] Extension host (LocalProcess pid: 2216) is responsive.
2024-06-11 21:36:21.076 [info] Extension host (LocalProcess pid: 2216) is unresponsive.
2024-06-11 21:36:22.593 [info] UNRESPONSIVE extension host: starting to profile NOW
2024-06-11 21:36:39.069 [info] Extension host (LocalProcess pid: 2216) is responsive.
2024-06-11 21:36:45.960 [error] [Extension Host] (node:2216) [DEP0005] DeprecationWarning: Buffer() is deprecated due to security and usability issues. Please use the Buffer.alloc(), Buffer.allocUnsafe(), or Buffer.from() methods instead.
(Use `exe --trace-deprecation ...` to show where the warning was created)
2024-06-11 22:13:20.603 [error] An unknown error occurred. Please consult the log for more details.
2024-06-11 22:13:27.176 [error] An unknown error occurred. Please consult the log for more details.
2024-06-11 22:13:30.289 [error] An unknown error occurred. Please consult the log for more details.
2024-06-11 22:13:37.731 [error] An unknown error occurred. Please consult the log for more details.
2024-06-11 22:13:45.572 [error] An unknown error occurred. Please consult the log for more details.
2024-06-11 22:13:59.485 [error] An unknown error occurred. Please consult the log for more details.
2024-06-11 22:14:01.379 [error] An unknown error occurred. Please consult the log for more details.
2024-06-11 22:14:07.391 [error] An unknown error occurred. Please consult the log for more details.
2024-06-11 22:14:08.504 [error] An unknown error occurred. Please consult the log for more details.
2024-06-11 22:14:42.142 [error] An unknown error occurred. Please consult the log for more details.
2024-06-11 22:14:45.244 [error] An unknown error occurred. Please consult the log for more details.
2024-06-11 22:14:47.684 [error] An unknown error occurred. Please consult the log for more details.
2024-06-11 22:15:05.525 [error] An unknown error occurred. Please consult the log for more details.
2024-06-11 22:15:27.878 [error] An unknown error occurred. Please consult the log for more details.
2024-06-11 22:15:37.283 [error] spawn C:\Program Files\BraveSoftware\Brave-Browser\Application\brave.exe ENOENT: Error: spawn C:\Program Files\BraveSoftware\Brave-Browser\Application\brave.exe ENOENT
    at Process.ChildProcess._handle.onexit (node:internal/child_process:286:19)
    at onErrorNT (node:internal/child_process:484:16)
    at processTicksAndRejections (node:internal/process/task_queues:82:21)
2024-06-11 22:17:16.543 [error] An unknown error occurred. Please consult the log for more details.
2024-06-11 22:18:59.772 [error] An unknown error occurred. Please consult the log for more details.
2024-06-11 22:19:01.405 [error] An unknown error occurred. Please consult the log for more details.
2024-06-11 22:19:02.519 [error] An unknown error occurred. Please consult the log for more details.
2024-06-11 22:19:05.716 [error] An unknown error occurred. Please consult the log for more details.
2024-06-11 22:19:11.366 [error] An unknown error occurred. Please consult the log for more details.
2024-06-11 22:21:33.597 [error] An unknown error occurred. Please consult the log for more details.
2024-06-11 22:21:35.987 [error] An unknown error occurred. Please consult the log for more details.
2024-06-11 22:22:01.496 [error] An unknown error occurred. Please consult the log for more details.
2024-06-11 22:22:03.662 [error] An unknown error occurred. Please consult the log for more details.
2024-06-11 22:22:51.049 [error] An unknown error occurred. Please consult the log for more details.
2024-06-11 22:23:07.772 [error] An unknown error occurred. Please consult the log for more details.
2024-06-11 22:24:03.252 [error] An unknown error occurred. Please consult the log for more details.
2024-06-11 22:25:09.191 [error] An unknown error occurred. Please consult the log for more details.
2024-06-11 22:25:16.697 [error] An unknown error occurred. Please consult the log for more details.
2024-06-11 22:25:18.393 [error] An unknown error occurred. Please consult the log for more details.
2024-06-11 22:25:25.847 [error] An unknown error occurred. Please consult the log for more details.
2024-06-11 22:26:16.658 [error] An unknown error occurred. Please consult the log for more details.
2024-06-11 22:26:20.042 [error] An unknown error occurred. Please consult the log for more details.
2024-06-11 22:27:53.300 [error] An unknown error occurred. Please consult the log for more details.
2024-06-11 22:27:55.779 [error] An unknown error occurred. Please consult the log for more details.
2024-06-11 23:37:43.753 [error] Error: file:///home/jeet/projects/cohort-follow-along/week-2/HTTP-server-1/index.js has changed in the meantime
    at c.q (vscode-file://vscode-app/opt/visual-studio-code/resources/app/out/vs/workbench/workbench.desktop.main.js:810:9639)
    at c.apply (vscode-file://vscode-app/opt/visual-studio-code/resources/app/out/vs/workbench/workbench.desktop.main.js:810:10498)
    at p.o (vscode-file://vscode-app/opt/visual-studio-code/resources/app/out/vs/workbench/workbench.desktop.main.js:2202:24730)
    at p.perform (vscode-file://vscode-app/opt/visual-studio-code/resources/app/out/vs/workbench/workbench.desktop.main.js:2202:24195)
    at y.apply (vscode-file://vscode-app/opt/visual-studio-code/resources/app/out/vs/workbench/workbench.desktop.main.js:2202:25965)
    at m.$tryApplyWorkspaceEdit (vscode-file://vscode-app/opt/visual-studio-code/resources/app/out/vs/workbench/workbench.desktop.main.js:1693:17535)
    at y.S (vscode-file://vscode-app/opt/visual-studio-code/resources/app/out/vs/workbench/workbench.desktop.main.js:1658:14598)
    at y.Q (vscode-file://vscode-app/opt/visual-studio-code/resources/app/out/vs/workbench/workbench.desktop.main.js:1658:14364)
    at y.M (vscode-file://vscode-app/opt/visual-studio-code/resources/app/out/vs/workbench/workbench.desktop.main.js:1658:13397)
    at y.L (vscode-file://vscode-app/opt/visual-studio-code/resources/app/out/vs/workbench/workbench.desktop.main.js:1658:12453)
    at u.value (vscode-file://vscode-app/opt/visual-studio-code/resources/app/out/vs/workbench/workbench.desktop.main.js:1658:10928)
    at h.y (vscode-file://vscode-app/opt/visual-studio-code/resources/app/out/vs/workbench/workbench.desktop.main.js:89:659)
    at h.fire (vscode-file://vscode-app/opt/visual-studio-code/resources/app/out/vs/workbench/workbench.desktop.main.js:89:876)
    at r.fire (vscode-file://vscode-app/opt/visual-studio-code/resources/app/out/vs/workbench/workbench.desktop.main.js:615:14848)
    at U.onmessage (vscode-file://vscode-app/opt/visual-studio-code/resources/app/out/vs/workbench/workbench.desktop.main.js:1673:8154)
2024-06-11 23:37:43.756 [warning] IGNORING workspace edit: Error: file:///home/jeet/projects/cohort-follow-along/week-2/HTTP-server-1/index.js has changed in the meantime
2024-06-11 23:42:00.482 [error] An unknown error occurred. Please consult the log for more details.
2024-06-11 23:42:23.939 [error] An unknown error occurred. Please consult the log for more details.
2024-06-11 23:45:48.721 [error] An unknown error occurred. Please consult the log for more details.
2024-06-11 23:45:50.633 [error] An unknown error occurred. Please consult the log for more details.
2024-06-11 23:45:51.736 [error] An unknown error occurred. Please consult the log for more details.
2024-06-11 23:45:52.750 [error] An unknown error occurred. Please consult the log for more details.
2024-06-11 23:46:28.961 [error] An unknown error occurred. Please consult the log for more details.
2024-06-11 23:46:31.550 [error] An unknown error occurred. Please consult the log for more details.
2024-06-11 23:46:32.845 [error] An unknown error occurred. Please consult the log for more details.
2024-06-12 01:58:43.300 [error] An unknown error occurred. Please consult the log for more details.
2024-06-12 01:58:46.310 [error] An unknown error occurred. Please consult the log for more details.
2024-06-12 01:58:48.196 [error] An unknown error occurred. Please consult the log for more details.
2024-06-12 01:58:49.728 [error] An unknown error occurred. Please consult the log for more details.
2024-06-12 01:58:50.741 [error] An unknown error occurred. Please consult the log for more details.
