2024-06-11 20:19:00.353 [info] Reading sessions from keychain...
2024-06-11 20:19:00.353 [info] Getting sessions for all scopes...
2024-06-11 20:19:00.353 [info] Getting sessions for all scopes...
2024-06-11 20:19:00.353 [info] Got stored sessions!
2024-06-11 20:19:00.353 [info] Got 1 verified sessions.
2024-06-11 20:19:00.353 [info] Got 1 sessions for ...
2024-06-11 20:19:00.353 [info] Got 1 sessions for ...
2024-06-11 20:19:00.353 [info] Getting sessions for user:email...
2024-06-11 20:19:00.353 [info] Got 1 sessions for user:email...
2024-06-11 20:19:00.353 [info] Getting sessions for read:user,repo,user:email...
2024-06-11 20:19:00.353 [info] Got 0 sessions for read:user,repo,user:email...
2024-06-11 20:19:00.537 [info] Getting sessions for project,read:org,read:user,repo,user:email,workflow...
2024-06-11 20:19:00.538 [info] Got 0 sessions for project,read:org,read:user,repo,user:email,workflow...
2024-06-11 20:19:01.842 [info] Getting sessions for read:user,repo,user:email,workflow...
2024-06-11 20:19:01.843 [info] Got 0 sessions for read:user,repo,user:email,workflow...
2024-06-11 20:19:01.934 [info] Getting sessions for read:user,repo,user:email...
2024-06-11 20:19:01.934 [info] Got 0 sessions for read:user,repo,user:email...
2024-06-11 20:19:01.977 [info] Getting sessions for read:user,repo,user:email,workflow...
2024-06-11 20:19:01.977 [info] Got 0 sessions for read:user,repo,user:email,workflow...
2024-06-11 20:19:02.028 [info] Getting sessions for read:user,repo,user:email,workflow...
2024-06-11 20:19:02.028 [info] Got 0 sessions for read:user,repo,user:email,workflow...
