[110769][1717951600967][main][info]["Booting Postman 11.0.4, linux-6.9.3-arch1-1 on x64"]
[110769][1717951600971][main][info]["EventBus~initialize - Success"]
[110769][1717951600974][main][info]["Proxy configuration has not been setup"]
[110769][1717951600975][main][info]["CloudProxyManager~init - Success"]
[110769][1717951600982][main][info]["performShellDataMigration: Starting shell data migration"]
[110769][1717951600983][main][info]["migrateShellData:Starting"]
[110769][1717951601005][main][info]["migrateShellData: Old storage cleaned up"]
[110769][1717951601406][main][info]["migrateShellData: Got data from shell. Writing to storage"]
[110769][1717951601505][main][info]["performShellDataMigration: Migration successful on try count 1"]
[110769][1717951601533][main][info]["UpdateHandler~init - Success"]
[110769][1717951601541][main][info]["LeaderSelection: Initialized successfully"]
[110769][1717951601544][main][info]["VersionDependencyService: Initialized successfully"]
[110769][1717951601566][main][info]["Generated root certificate for linux"]
[110769][1717951601571][main][info]["LinuxAutoUpdater~Cleanup - Initial cleanup successful"]
[110769][1717951601610][main][info]["GPU detected VID 32902 DID 358 ACTIVE true"]
[110769][1717951601618][main][info]["newAccountRegionPreferenceService~getPreferenceWithFallback - Preference not found in storage."]
[110769][1717951601619][main][info]["newAccountRegionPreferenceService~getToggleMenuTemplate - Using preference:","useUSRegion"]
[110769][1717951601865][main][info]["shellController~init: Success"]
[110769][1717951601869][main][info]["proxyCertificateService~ensureRootCAPresence: Deleting and creating new certificates"]
[110769][1717951601876][main][info]["shellMeta~init: Success"]
[110769][1717951601877][main][info]["partitionMigrationService: State of V7 partition:"]
[110769][1717951601877][main][info]["partitionMigrationService: V7 partitions",[]]
[110769][1717951601878][main][info]["partitionMigrationService~rectifyNamespaceOfScratchPadPartition: There is no partition with scratchpad namespace"]
[110769][1717951601878][main][info]["partitionMigrationService~rectifyNamespaceOfScratchPadPartition: There is no transit partition which could have been used for scratchpad"]
[110769][1717951601878][main][info]["partitionMigrationService~init: Success"]
[110769][1717951601894][main][info]["partitionMigrationService~runV8PartitionsIntegrity: Two way migration~ removing the following partitions from v8",[]]
[110769][1717951601906][main][info]["userPartitionService~_rectifyTheActivePartitionOfApplication: Setting the active partition to ",null]
[110769][1717951601975][main][info]["userPartitionService~init: Success"]
[110769][1717951602057][main][info]["userPartitionService: State of v8 partition system:"]
[110769][1717951602068][main][info]["shell~init~getPartitionToLoad: loading scratchpad partition"]
[110769][1717951602073][main][info]["userPartitionService: List of partitions:",[]]
[110769][1717951602074][main][info]["userPartitionService: users global meta:",{}]
[110769][1717951602261][main][info]["Main:windowManager~newRequesterWindow: Fetch and update runtime config: undefined"]
[110769][1717951606640][main][info]["RuntimeIPCAgent~started: Success"]
[110769][1717951611571][main][info]["Main~scratchpadThemeAction:: action: set, value: dark"]
[110769][1717951611576][main][info]["Main~scratchpadThemeAction:: action: set, value: dark"]
[110769][1717951611578][main][info]["Main~scratchpadThemeAction:: action: set, value: dark"]
[110769][1717951611682][main][info]["UpdateHandler~app-update-events - Received event",{"name":"checkForElectronVersionUpdated","namespace":"appUpdate"}]
[110769][1717951611699][main][info]["windowManager: First requester booted successfully."]
[110769][1717951611700][main][info]["windowManager~restoreWindows: Restoring requester windows"]
[110769][1717951611700][main][info]["Main~AppEvents - Received booted event for process requester.Version undefined UI Version: undefined Desktop Platform Version: 11.0.4"]
[110769][1717951620328][main][info]["VersionDependencyService: Resetting UI version as user logged out/switched account"]
[110769][1717951620329][main][info]["Main - model-events~user - (users, add) received"]
[110769][1717951620866][main][info]["AuthHandler~open: Received dom-ready event."]
[110769][1717951620878][main][info]["AuthHandler~open: Received did-finish-load event."]
[110769][1717951621108][main][warn]["AuthHandler~open: Current app is not default protocol client - Falling back to polling mechanism."]
[110769][1717951621116][main][info]["newAccountRegionPreferenceService~getPreferenceWithFallback - Preference not found in storage."]
[110769][1717951621116][main][info]["newAccountRegionPreferenceService~getRegionPreference - Using preference:","useUSRegion"]
[110769][1717951621117][main][info]["AuthHandler~open: new Account region preference:","us"]
[110769][1717951621117][main][info]["AuthHandler~open: get multiLoginToken token."]
[110769][1717951621120][main][info]["AuthHandler~open: Publishing initialize event to auth-window channel."]
[110769][1717951661061][main][info]["Shell~init~loginUser: associating the user ","36201802"," with transit partition"]
[110769][1717951661062][main][info]["userPartitionService~getNewPartitionId: creating a partition with userId and teamId as 0"]
[110769][1717951661280][main][info]["userPartitionService~associateTransitPartition: ",{"partitionId":"70f7a8a3-ab8f-455d-a220-beecc6ac4d35","context":{"namespace":"users","userId":"36201802","teamId":"0","region":"us"}}]
[110769][1717951661526][main][info]["userPartitionService: State of v8 partition system:"]
[110769][1717951661547][main][info]["userPartitionService: List of partitions:",[{"partitionId":"70f7a8a3-ab8f-455d-a220-beecc6ac4d35","namespace":"users","userId":"36201802","teamId":"0","lastUpdated":"2024-06-09T16:47:41.280Z"},{"partitionId":"0d645f75-3fa0-4dcc-8d75-5167777d82d7","namespace":"scratchPad","userId":0,"teamId":0,"isDirty":false}]]
[110769][1717951661548][main][info]["userPartitionService: users global meta:",{}]
[110769][1717951661626][main][info]["Main:windowManager~newRequesterWindow: Fetch and update runtime config: us"]
[110769][1717951675352][main][info]["Main~getRemoteInitPath:: "]
[110769][1717951676729][main][info]["Main - model-events~user - (user, update) received"]
[110769][1717951676731][main][info]["Main~reload: https://desktop.postman.com/?desktopVersion=11.0.4&userId=36201802&teamId=0&region=us"]
[110769][1717951677310][main][info]["UpdateHandler~app-update-events - Received event",{"name":"checkForElectronVersionUpdated","namespace":"appUpdate"}]
[110769][1717951677346][main][info]["windowManager: First requester booted successfully."]
[110769][1717951677346][main][info]["windowManager~restoreWindows: Restoring requester windows"]
[110769][1717951677346][main][info]["Main~AppEvents - Received booted event for process requester.Version 11.0.6 UI Version: 11.0.6-ui-240502-1530 Desktop Platform Version: 11.0.4"]
[110769][1717951677597][main][info]["Main~getRemoteInitPath:: "]
[110769][1717951682718][main][info]["Main~getRemoteInitPath:: "]
[110769][1717951683888][main][info]["Main - model-events~user - (user, update) received"]
[110769][1717951684484][main][info]["UpdateHandler~app-update-events - Received event",{"name":"checkForElectronVersionUpdated","namespace":"appUpdate"}]
[110769][1717951684505][main][info]["Main~AppEvents - Received booted event for process requester.Version 11.0.6 UI Version: 11.0.6-ui-240502-1530 Desktop Platform Version: 11.0.4"]
[110769][1717951684659][main][info]["Main~getRemoteInitPath:: "]
[110769][1717951685128][main][info]["INTERCEPTOR CONNECTIVITY: Attempting to start websocket server on port 15611"]
[110769][1717951687274][main][info]["Main~getPlatformLaunchPerfMetrics"]
[110769][1717951687367][main][info]["Main - model-events~user - (user, bootstrapUser) received"]
[110769][1717951687368][main][info]["model-events~user - bootstrapUser received"]
[110769][1717951687370][main][info]["Main - model-events~user - (user, bootstrapUser) received"]
[110769][1717951687371][main][info]["model-events~user - bootstrapUser received"]
[110769][1717951695204][main][info]["UpdateHandler~app-update-events - Received event",{"name":"updateElectron","namespace":"appUpdate","data":{"channel":"stable","version":"11.0.4","downloadVersion":"11.1.14","appId":"e2f5b971-8ba6-48e8-ad3b-c0bf72dcb0aa","userAgent":"Mozilla/5.0 (X11; Linux x86_64) AppleWebKit/537.36 (KHTML, like Gecko) Postman/11.0.4 Electron/20.3.11 Safari/537.36","platform":"LINUX","arch":"64","downloadURL":"https://dl.pstmn.io/download/version/11.1.14/linux_64","updateServerDomain":"https://dl.pstmn.io/","additionalParamsString":"installationId=e2f5b971-8ba6-48e8-ad3b-c0bf72dcb0aa&userId=36201802&syncEnabled=true&teamPlan=&teamId=0","userId":"36201802"}}]
[110769][1717951695204][main][info]["LinuxUpdater~downloadUpdate - UpdateInfo received",{"channel":"stable","version":"11.0.4","downloadVersion":"11.1.14","appId":"e2f5b971-8ba6-48e8-ad3b-c0bf72dcb0aa","userAgent":"Mozilla/5.0 (X11; Linux x86_64) AppleWebKit/537.36 (KHTML, like Gecko) Postman/11.0.4 Electron/20.3.11 Safari/537.36","platform":"LINUX","arch":"64","downloadURL":"https://dl.pstmn.io/download/version/11.1.14/linux_64","updateServerDomain":"https://dl.pstmn.io/","additionalParamsString":"installationId=e2f5b971-8ba6-48e8-ad3b-c0bf72dcb0aa&userId=36201802&syncEnabled=true&teamPlan=&teamId=0","userId":"36201802"}]
[110769][1717951695558][main][info]["@postman/app-updater: error",{"errno":-13,"code":"EACCES","syscall":"open","path":"/opt/postman/Postman-1717951695205.tar.gz","name":"Error","message":"EACCES: permission denied, open '/opt/postman/Postman-1717951695205.tar.gz'","stack":"Error: EACCES: permission denied, open '/opt/postman/Postman-1717951695205.tar.gz'"},{"packageName":"Postman","eID":"Postman-1717951695205","downloadURL":"https://dl.pstmn.io/download/version/11.1.14/linux_64","downloadDirectory":"/opt/postman","downloadInfo":{"status":"DOWNLOAD_ERROR","error":{"errno":-13,"code":"EACCES","syscall":"open","path":"/opt/postman/Postman-1717951695205.tar.gz"},"downloadDirectory":"/opt/postman"}}]
[110769][1717951695560][main][info]["UpdateHandler~app-update-events - Received event",{"name":"electronAppUpdateError","namespace":"appUpdate","data":{"error":{"errno":-13,"code":"EACCES","syscall":"open","path":"/opt/postman/Postman-1717951695205.tar.gz","name":"Error","message":"EACCES: permission denied, open '/opt/postman/Postman-1717951695205.tar.gz'","stack":"Error: EACCES: permission denied, open '/opt/postman/Postman-1717951695205.tar.gz'"},"updateData":{"packageName":"Postman","eID":"Postman-1717951695205","downloadURL":"https://dl.pstmn.io/download/version/11.1.14/linux_64","downloadDirectory":"/opt/postman","downloadInfo":{"status":"DOWNLOAD_ERROR","error":{"errno":-13,"code":"EACCES","syscall":"open","path":"/opt/postman/Postman-1717951695205.tar.gz"},"downloadDirectory":"/opt/postman"}}}}]
[110769][1717951714275][main][error]["Error while retrieving user key from keychain",{"name":"Error","message":"The name is not activatable","stack":"Error: The name is not activatable"}]
[1668][1718119179538][main][info]["Booting Postman 11.0.4, linux-6.9.3-arch1-1 on x64"]
[1668][1718119179543][main][info]["EventBus~initialize - Success"]
[1668][1718119179596][main][info]["Proxy configuration has not been setup"]
[1668][1718119179597][main][info]["CloudProxyManager~init - Success"]
[1668][1718119180777][main][info]["performShellDataMigration: Migration has already been done. Bailing out"]
[1668][1718119180791][main][info]["UpdateHandler~init - Success"]
[1668][1718119180795][main][info]["LeaderSelection: Initialized successfully"]
[1668][1718119180797][main][info]["VersionDependencyService: Initialized successfully"]
[1668][1718119181324][main][info]["LinuxAutoUpdater~Cleanup - Initial cleanup successful"]
[1668][1718119181360][main][info]["GPU detected VID 32902 DID 358 ACTIVE true"]
[1668][1718119181368][main][info]["newAccountRegionPreferenceService~getPreferenceWithFallback - Preference not found in storage."]
[1668][1718119181368][main][info]["newAccountRegionPreferenceService~getToggleMenuTemplate - Using preference:","useUSRegion"]
[1668][1718119181902][main][info]["shellController~init: Success"]
[1668][1718119181910][main][info]["shellMeta~init: Success"]
[1668][1718119181911][main][info]["partitionMigrationService: State of V7 partition:"]
[1668][1718119181911][main][info]["partitionMigrationService: V7 partitions",[]]
[1668][1718119181912][main][info]["partitionMigrationService~rectifyNamespaceOfScratchPadPartition: There is no partition with scratchpad namespace"]
[1668][1718119181912][main][info]["partitionMigrationService~rectifyNamespaceOfScratchPadPartition: There is no transit partition which could have been used for scratchpad"]
[1668][1718119181913][main][info]["partitionMigrationService~init: Success"]
[1668][1718119181933][main][info]["partitionMigrationService~runV8PartitionsIntegrity: Two way migration~ removing the following partitions from v8",[]]
[1668][1718119181943][main][info]["userPartitionService~getRecentV8UserPartition: recent v8 user context partition ","70f7a8a3-ab8f-455d-a220-beecc6ac4d35"]
[1668][1718119181943][main][info]["userPartitionService~_rectifyTheActivePartitionOfApplication: Setting the active partition to ","70f7a8a3-ab8f-455d-a220-beecc6ac4d35"]
[1668][1718119182099][main][info]["userPartitionService~init: Success"]
[1668][1718119182706][main][info]["userPartitionService: State of v8 partition system:"]
[1668][1718119182712][main][info]["shell~init~getPartitionToLoad: loading active partition"]
[1668][1718119182717][main][info]["userPartitionService: List of partitions:",[{"partitionId":"70f7a8a3-ab8f-455d-a220-beecc6ac4d35","namespace":"users","userId":"36201802","teamId":"0","lastUpdated":"2024-06-09T16:47:41.280Z"},{"partitionId":"0d645f75-3fa0-4dcc-8d75-5167777d82d7","namespace":"scratchPad","userId":0,"teamId":0,"isDirty":false}]]
[1668][1718119182718][main][info]["userPartitionService: users global meta:",{}]
[1668][1718119182751][main][info]["Main:windowManager~newRequesterWindow: Fetch and update runtime config: us"]
[1668][1718119211366][main][info]["RuntimeIPCAgent~started: Success"]
[1668][1718119215693][main][info]["Main~getRemoteInitPath:: "]
[1668][1718119216612][main][info]["UpdateHandler~app-update-events - Received event",{"name":"checkForElectronVersionUpdated","namespace":"appUpdate"}]
[1668][1718119216644][main][info]["windowManager: First requester booted successfully."]
[1668][1718119216644][main][info]["windowManager~restoreWindows: Restoring requester windows"]
[1668][1718119216645][main][info]["Main~AppEvents - Received booted event for process requester.Version 11.0.6 UI Version: 11.0.6-ui-240502-1530 Desktop Platform Version: 11.0.4"]
[1668][1718119217132][main][info]["Main~getRemoteInitPath:: "]
[1668][1718119219038][main][info]["INTERCEPTOR CONNECTIVITY: Attempting to start websocket server on port 15611"]
[1668][1718119221443][main][error]["Error while retrieving user key from keychain",{"name":"Error","message":"The name is not activatable","stack":"Error: The name is not activatable"}]
[1668][1718119222103][main][info]["Main - model-events~user - (user, bootstrapUser) received"]
[1668][1718119222103][main][info]["model-events~user - bootstrapUser received"]
[1668][1718119225058][main][info]["Main~getPlatformLaunchPerfMetrics"]
[1668][1718119227867][main][info]["UpdateHandler~app-update-events - Received event",{"name":"updateElectron","namespace":"appUpdate","data":{"channel":"stable","version":"11.0.4","downloadVersion":"11.2.0","appId":"e2f5b971-8ba6-48e8-ad3b-c0bf72dcb0aa","userAgent":"Mozilla/5.0 (X11; Linux x86_64) AppleWebKit/537.36 (KHTML, like Gecko) Postman/11.0.4 Electron/20.3.11 Safari/537.36","platform":"LINUX","arch":"64","downloadURL":"https://dl.pstmn.io/download/version/11.2.0/linux_64","updateServerDomain":"https://dl.pstmn.io/","additionalParamsString":"installationId=e2f5b971-8ba6-48e8-ad3b-c0bf72dcb0aa&userId=36201802&syncEnabled=true&teamPlan=&teamId=0","userId":"36201802"}}]
[1668][1718119227867][main][info]["LinuxUpdater~downloadUpdate - UpdateInfo received",{"channel":"stable","version":"11.0.4","downloadVersion":"11.2.0","appId":"e2f5b971-8ba6-48e8-ad3b-c0bf72dcb0aa","userAgent":"Mozilla/5.0 (X11; Linux x86_64) AppleWebKit/537.36 (KHTML, like Gecko) Postman/11.0.4 Electron/20.3.11 Safari/537.36","platform":"LINUX","arch":"64","downloadURL":"https://dl.pstmn.io/download/version/11.2.0/linux_64","updateServerDomain":"https://dl.pstmn.io/","additionalParamsString":"installationId=e2f5b971-8ba6-48e8-ad3b-c0bf72dcb0aa&userId=36201802&syncEnabled=true&teamPlan=&teamId=0","userId":"36201802"}]
[1668][1718119228417][main][info]["@postman/app-updater: error",{"errno":-13,"code":"EACCES","syscall":"open","path":"/opt/postman/Postman-1718119227868.tar.gz","name":"Error","message":"EACCES: permission denied, open '/opt/postman/Postman-1718119227868.tar.gz'","stack":"Error: EACCES: permission denied, open '/opt/postman/Postman-1718119227868.tar.gz'"},{"packageName":"Postman","eID":"Postman-1718119227868","downloadURL":"https://dl.pstmn.io/download/version/11.2.0/linux_64","downloadDirectory":"/opt/postman","downloadInfo":{"status":"DOWNLOAD_ERROR","error":{"errno":-13,"code":"EACCES","syscall":"open","path":"/opt/postman/Postman-1718119227868.tar.gz"},"downloadDirectory":"/opt/postman"}}]
[1668][1718119228419][main][info]["UpdateHandler~app-update-events - Received event",{"name":"electronAppUpdateError","namespace":"appUpdate","data":{"error":{"errno":-13,"code":"EACCES","syscall":"open","path":"/opt/postman/Postman-1718119227868.tar.gz","name":"Error","message":"EACCES: permission denied, open '/opt/postman/Postman-1718119227868.tar.gz'","stack":"Error: EACCES: permission denied, open '/opt/postman/Postman-1718119227868.tar.gz'"},"updateData":{"packageName":"Postman","eID":"Postman-1718119227868","downloadURL":"https://dl.pstmn.io/download/version/11.2.0/linux_64","downloadDirectory":"/opt/postman","downloadInfo":{"status":"DOWNLOAD_ERROR","error":{"errno":-13,"code":"EACCES","syscall":"open","path":"/opt/postman/Postman-1718119227868.tar.gz"},"downloadDirectory":"/opt/postman"}}}}]
[2080][1718122008537][main][info]["Booting Postman 11.0.4, linux-6.9.3-arch1-1 on x64"]
[2080][1718122008550][main][info]["EventBus~initialize - Success"]
[2080][1718122008799][main][info]["Proxy configuration has not been setup"]
[2080][1718122008802][main][info]["CloudProxyManager~init - Success"]
[2080][1718122010621][main][info]["performShellDataMigration: Migration has already been done. Bailing out"]
[2080][1718122010653][main][info]["UpdateHandler~init - Success"]
[2080][1718122010664][main][info]["LeaderSelection: Initialized successfully"]
[2080][1718122010666][main][info]["VersionDependencyService: Initialized successfully"]
[2080][1718122011185][main][info]["LinuxAutoUpdater~Cleanup - Initial cleanup successful"]
[2080][1718122011214][main][info]["GPU detected VID 32902 DID 358 ACTIVE true"]
[2080][1718122011221][main][info]["newAccountRegionPreferenceService~getPreferenceWithFallback - Preference not found in storage."]
[2080][1718122011222][main][info]["newAccountRegionPreferenceService~getToggleMenuTemplate - Using preference:","useUSRegion"]
[2080][1718122012639][main][info]["shellController~init: Success"]
[2080][1718122012653][main][info]["shellMeta~init: Success"]
[2080][1718122012653][main][info]["partitionMigrationService: State of V7 partition:"]
[2080][1718122012654][main][info]["partitionMigrationService: V7 partitions",[]]
[2080][1718122012655][main][info]["partitionMigrationService~rectifyNamespaceOfScratchPadPartition: There is no partition with scratchpad namespace"]
[2080][1718122012656][main][info]["partitionMigrationService~rectifyNamespaceOfScratchPadPartition: There is no transit partition which could have been used for scratchpad"]
[2080][1718122012656][main][info]["partitionMigrationService~init: Success"]
[2080][1718122012688][main][info]["partitionMigrationService~runV8PartitionsIntegrity: Two way migration~ removing the following partitions from v8",[]]
[2080][1718122012722][main][info]["userPartitionService~getRecentV8UserPartition: recent v8 user context partition ","70f7a8a3-ab8f-455d-a220-beecc6ac4d35"]
[2080][1718122012723][main][info]["userPartitionService~_rectifyTheActivePartitionOfApplication: Setting the active partition to ","70f7a8a3-ab8f-455d-a220-beecc6ac4d35"]
[2080][1718122013019][main][info]["userPartitionService~init: Success"]
[2080][1718122014456][main][info]["userPartitionService: State of v8 partition system:"]
[2080][1718122014466][main][info]["shell~init~getPartitionToLoad: loading active partition"]
[2080][1718122014472][main][info]["userPartitionService: List of partitions:",[{"partitionId":"70f7a8a3-ab8f-455d-a220-beecc6ac4d35","namespace":"users","userId":"36201802","teamId":"0","lastUpdated":"2024-06-09T16:47:41.280Z"},{"partitionId":"0d645f75-3fa0-4dcc-8d75-5167777d82d7","namespace":"scratchPad","userId":0,"teamId":0,"isDirty":false}]]
[2080][1718122014473][main][info]["userPartitionService: users global meta:",{}]
[2080][1718122014487][main][info]["Main:windowManager~newRequesterWindow: Fetch and update runtime config: us"]
[2080][1718122062809][main][info]["RuntimeIPCAgent~started: Success"]
[2080][1718122065591][main][info]["Main~getRemoteInitPath:: "]
[2080][1718122066640][main][info]["UpdateHandler~app-update-events - Received event",{"name":"checkForElectronVersionUpdated","namespace":"appUpdate"}]
[2080][1718122066669][main][info]["windowManager: First requester booted successfully."]
[2080][1718122066669][main][info]["windowManager~restoreWindows: Restoring requester windows"]
[2080][1718122066670][main][info]["Main~AppEvents - Received booted event for process requester.Version 11.0.6 UI Version: 11.0.6-ui-240502-1530 Desktop Platform Version: 11.0.4"]
[2080][1718122067029][main][info]["Main~getRemoteInitPath:: "]
[2080][1718122067810][main][info]["INTERCEPTOR CONNECTIVITY: Attempting to start websocket server on port 15611"]
[2080][1718122072252][main][error]["Error while retrieving user key from keychain",{"name":"Error","message":"The name is not activatable","stack":"Error: The name is not activatable"}]
[2080][1718122072805][main][info]["Main - model-events~user - (user, bootstrapUser) received"]
[2080][1718122072806][main][info]["model-events~user - bootstrapUser received"]
[2080][1718122075441][main][info]["Main~getPlatformLaunchPerfMetrics"]
[2080][1718122077277][main][info]["UpdateHandler~app-update-events - Received event",{"name":"updateElectron","namespace":"appUpdate","data":{"channel":"stable","version":"11.0.4","downloadVersion":"11.2.0","appId":"e2f5b971-8ba6-48e8-ad3b-c0bf72dcb0aa","userAgent":"Mozilla/5.0 (X11; Linux x86_64) AppleWebKit/537.36 (KHTML, like Gecko) Postman/11.0.4 Electron/20.3.11 Safari/537.36","platform":"LINUX","arch":"64","downloadURL":"https://dl.pstmn.io/download/version/11.2.0/linux_64","updateServerDomain":"https://dl.pstmn.io/","additionalParamsString":"installationId=e2f5b971-8ba6-48e8-ad3b-c0bf72dcb0aa&userId=36201802&syncEnabled=true&teamPlan=&teamId=0","userId":"36201802"}}]
[2080][1718122077278][main][info]["LinuxUpdater~downloadUpdate - UpdateInfo received",{"channel":"stable","version":"11.0.4","downloadVersion":"11.2.0","appId":"e2f5b971-8ba6-48e8-ad3b-c0bf72dcb0aa","userAgent":"Mozilla/5.0 (X11; Linux x86_64) AppleWebKit/537.36 (KHTML, like Gecko) Postman/11.0.4 Electron/20.3.11 Safari/537.36","platform":"LINUX","arch":"64","downloadURL":"https://dl.pstmn.io/download/version/11.2.0/linux_64","updateServerDomain":"https://dl.pstmn.io/","additionalParamsString":"installationId=e2f5b971-8ba6-48e8-ad3b-c0bf72dcb0aa&userId=36201802&syncEnabled=true&teamPlan=&teamId=0","userId":"36201802"}]
[2080][1718122077680][main][info]["@postman/app-updater: error",{"errno":-13,"code":"EACCES","syscall":"open","path":"/opt/postman/Postman-1718122077279.tar.gz","name":"Error","message":"EACCES: permission denied, open '/opt/postman/Postman-1718122077279.tar.gz'","stack":"Error: EACCES: permission denied, open '/opt/postman/Postman-1718122077279.tar.gz'"},{"packageName":"Postman","eID":"Postman-1718122077279","downloadURL":"https://dl.pstmn.io/download/version/11.2.0/linux_64","downloadDirectory":"/opt/postman","downloadInfo":{"status":"DOWNLOAD_ERROR","error":{"errno":-13,"code":"EACCES","syscall":"open","path":"/opt/postman/Postman-1718122077279.tar.gz"},"downloadDirectory":"/opt/postman"}}]
[2080][1718122077681][main][info]["UpdateHandler~app-update-events - Received event",{"name":"electronAppUpdateError","namespace":"appUpdate","data":{"error":{"errno":-13,"code":"EACCES","syscall":"open","path":"/opt/postman/Postman-1718122077279.tar.gz","name":"Error","message":"EACCES: permission denied, open '/opt/postman/Postman-1718122077279.tar.gz'","stack":"Error: EACCES: permission denied, open '/opt/postman/Postman-1718122077279.tar.gz'"},"updateData":{"packageName":"Postman","eID":"Postman-1718122077279","downloadURL":"https://dl.pstmn.io/download/version/11.2.0/linux_64","downloadDirectory":"/opt/postman","downloadInfo":{"status":"DOWNLOAD_ERROR","error":{"errno":-13,"code":"EACCES","syscall":"open","path":"/opt/postman/Postman-1718122077279.tar.gz"},"downloadDirectory":"/opt/postman"}}}}]
[2080][1718137769884][main][info]["WindowManager~closeHandler - Closed Window (id: 1 )"]
[2080][1718137770227][main][error]["Main~handleUncaughtError - Uncaught errors",{"name":"TypeError","message":"Cannot read properties of undefined (reading 'send')","stack":"TypeError: Cannot read properties of undefined (reading 'send')\n    at Object.sendMessageToInterceptor (/opt/postman/app/resources/app/services/websocketServer.js:144:10)\n    at Object.requesterWindowHandler (/opt/postman/app/resources/app/services/websocketServer.js:389:14)\n    at EventEmitter.emit (node:events:539:35)\n    at EventEmitter.emit (node:domain:475:12)\n    at _dispatch (/opt/postman/app/resources/app/common/_event-bus.js:256:14)\n    at EventBus._publish (/opt/postman/app/resources/app/common/_event-bus.js:207:9)\n    at Object.closedHandler (/opt/postman/app/resources/app/services/windowManager.js:1090:18)\n    at BrowserWindow.emit (node:events:527:28)\n    at BrowserWindow.emit (node:domain:475:12)"}]
