2024-06-11 21:35:44.805 [info] Extension host with pid 2216 started
2024-06-11 21:35:44.805 [info] Skipping acquiring lock for /home/jeet/.config/Code/User/workspaceStorage/fbd2f5c9367c3a92ac053cfd68684024.
2024-06-11 21:35:45.356 [info] ExtensionService#_doActivateExtension vscode.emmet, startup: false, activationEvent: 'onLanguage'
2024-06-11 21:35:46.140 [info] ExtensionService#_doActivateExtension pucelle.vscode-css-navigation, startup: false, activationEvent: 'onLanguage'
2024-06-11 21:36:00.812 [info] ExtensionService#_doActivateExtension vscode.typescript-language-features, startup: false, activationEvent: 'onLanguage:javascript'
2024-06-11 21:36:01.206 [info] ExtensionService#_doActivateExtension VisualStudioExptTeam.intellicode-api-usage-examples, startup: false, activationEvent: 'onLanguage:javascript'
2024-06-11 21:36:02.889 [info] ExtensionService#_doActivateExtension VisualStudioExptTeam.vscodeintellicode, startup: false, activationEvent: 'onLanguage:javascript'
2024-06-11 21:36:04.005 [info] Not activating extension 'almahdi.code-django': Timed out while searching for 'workspaceContains' pattern **/manage.py,**/apps.py
2024-06-11 21:36:04.005 [info] Not activating extension 'ms-vscode.cmake-tools': Timed out while searching for 'workspaceContains' pattern */CMakeLists.txt,*/*/CMakeLists.txt,*/*/*/CMakeLists.txt
2024-06-11 21:36:04.005 [info] Not activating extension 'rust-lang.rust-analyzer': Timed out while searching for 'workspaceContains' pattern */Cargo.toml,*/rust-project.json
2024-06-11 21:36:04.005 [info] Not activating extension 'serayuzgur.crates': Timed out while searching for 'workspaceContains' pattern */Cargo.toml
2024-06-11 21:36:04.005 [info] Not activating extension 'vscjava.vscode-maven': Timed out while searching for 'workspaceContains' pattern **/pom.xml
2024-06-11 21:36:04.042 [info] ExtensionService#_doActivateExtension vscode.git-base, startup: true, activationEvent: '*', root cause: vscode.git
2024-06-11 21:36:04.250 [info] ExtensionService#_doActivateExtension be5invis.vscode-custom-css, startup: true, activationEvent: '*'
2024-06-11 21:36:07.010 [info] ExtensionService#_doActivateExtension Cardinal90.multi-cursor-case-preserve, startup: true, activationEvent: '*'
2024-06-11 21:36:07.493 [info] ExtensionService#_doActivateExtension etmoffat.pip-packages, startup: true, activationEvent: '*'
2024-06-11 21:36:10.262 [info] ExtensionService#_doActivateExtension formulahendry.auto-close-tag, startup: true, activationEvent: '*'
2024-06-11 21:36:10.841 [info] ExtensionService#_doActivateExtension formulahendry.auto-rename-tag, startup: true, activationEvent: '*'
2024-06-11 21:36:11.344 [info] ExtensionService#_doActivateExtension s-nlf-fh.glassit, startup: true, activationEvent: '*'
2024-06-11 21:36:19.352 [info] ExtensionService#_doActivateExtension vscode.debug-auto-launch, startup: false, activationEvent: 'onStartupFinished'
2024-06-11 21:36:19.792 [info] ExtensionService#_doActivateExtension vscode.merge-conflict, startup: false, activationEvent: 'onStartupFinished'
2024-06-11 21:36:20.008 [info] ExtensionService#_doActivateExtension BrandonKirbyson.vscode-animations, startup: false, activationEvent: 'onStartupFinished'
2024-06-11 21:36:20.339 [info] ExtensionService#_doActivateExtension dbaeumer.vscode-eslint, startup: false, activationEvent: 'onStartupFinished'
2024-06-11 21:36:22.272 [info] ExtensionService#_doActivateExtension drcika.apc-extension, startup: false, activationEvent: 'onStartupFinished'
2024-06-11 21:36:23.199 [info] ExtensionService#_doActivateExtension eamodio.gitlens, startup: false, activationEvent: 'onStartupFinished'
2024-06-11 21:36:24.431 [info] ExtensionService#_doActivateExtension ecmel.vscode-html-css, startup: false, activationEvent: 'onStartupFinished'
2024-06-11 21:36:24.622 [info] ExtensionService#_doActivateExtension esbenp.prettier-vscode, startup: false, activationEvent: 'onStartupFinished'
2024-06-11 21:36:28.137 [info] ExtensionService#_doActivateExtension formulahendry.code-runner, startup: false, activationEvent: 'onStartupFinished'
2024-06-11 21:36:31.637 [info] ExtensionService#_doActivateExtension vscode.github-authentication, startup: false, activationEvent: 'onStartupFinished', root cause: GitHub.vscode-pull-request-github
2024-06-11 21:36:31.820 [info] ExtensionService#_doActivateExtension ms-vscode-remote.remote-containers, startup: false, activationEvent: 'onStartupFinished'
2024-06-11 21:36:33.285 [info] ExtensionService#_doActivateExtension ms-vscode-remote.remote-wsl, startup: false, activationEvent: 'onStartupFinished'
2024-06-11 21:36:33.654 [info] ExtensionService#_doActivateExtension ritwickdey.LiveServer, startup: false, activationEvent: 'onStartupFinished'
2024-06-11 21:36:37.482 [info] ExtensionService#_doActivateExtension vadimcn.vscode-lldb, startup: false, activationEvent: 'onStartupFinished'
2024-06-11 21:36:41.613 [info] ExtensionService#_doActivateExtension vscode.git, startup: true, activationEvent: '*'
2024-06-11 21:36:42.349 [info] ExtensionService#_doActivateExtension vscode.github, startup: true, activationEvent: '*'
2024-06-11 21:36:42.930 [info] ExtensionService#_doActivateExtension ms-vsliveshare.vsliveshare, startup: false, activationEvent: 'api', root cause: eamodio.gitlens
2024-06-11 21:36:45.995 [info] ExtensionService#_doActivateExtension GitHub.vscode-pull-request-github, startup: false, activationEvent: 'onStartupFinished'
2024-06-11 21:36:49.006 [info] ExtensionService#_doActivateExtension vscode.json-language-features, startup: false, activationEvent: 'onLanguage:jsonc'
2024-06-11 21:36:49.973 [info] Eager extensions activated
2024-06-11 22:13:14.831 [info] ExtensionService#_doActivateExtension vscode.html-language-features, startup: false, activationEvent: 'onLanguage:html'
2024-06-11 22:13:15.000 [info] ExtensionService#_doActivateExtension mohd-akram.vscode-html-format, startup: false, activationEvent: 'onLanguage:html'
2024-06-11 22:13:20.598 [error] [ecmel.vscode-html-css] provider FAILED
2024-06-11 22:13:20.598 [error] undefined
2024-06-11 22:13:27.175 [error] [ecmel.vscode-html-css] provider FAILED
2024-06-11 22:13:27.175 [error] undefined
2024-06-11 22:13:30.283 [error] [ecmel.vscode-html-css] provider FAILED
2024-06-11 22:13:30.283 [error] undefined
2024-06-11 22:13:37.703 [error] [ecmel.vscode-html-css] provider FAILED
2024-06-11 22:13:37.703 [error] undefined
2024-06-11 22:13:45.548 [error] [ecmel.vscode-html-css] provider FAILED
2024-06-11 22:13:45.548 [error] undefined
2024-06-11 22:13:45.715 [error] [ecmel.vscode-html-css] provider FAILED
2024-06-11 22:13:45.715 [error] undefined
2024-06-11 22:13:45.854 [error] [ecmel.vscode-html-css] provider FAILED
2024-06-11 22:13:45.854 [error] undefined
2024-06-11 22:13:46.288 [error] [ecmel.vscode-html-css] provider FAILED
2024-06-11 22:13:46.288 [error] undefined
2024-06-11 22:13:46.349 [error] [ecmel.vscode-html-css] provider FAILED
2024-06-11 22:13:46.349 [error] undefined
2024-06-11 22:13:59.467 [error] [ecmel.vscode-html-css] provider FAILED
2024-06-11 22:13:59.467 [error] undefined
2024-06-11 22:14:01.376 [error] [ecmel.vscode-html-css] provider FAILED
2024-06-11 22:14:01.376 [error] undefined
2024-06-11 22:14:01.767 [error] [ecmel.vscode-html-css] provider FAILED
2024-06-11 22:14:01.767 [error] undefined
2024-06-11 22:14:01.839 [error] [ecmel.vscode-html-css] provider FAILED
2024-06-11 22:14:01.839 [error] undefined
2024-06-11 22:14:01.967 [error] [ecmel.vscode-html-css] provider FAILED
2024-06-11 22:14:01.967 [error] undefined
2024-06-11 22:14:07.357 [error] [ecmel.vscode-html-css] provider FAILED
2024-06-11 22:14:07.357 [error] undefined
2024-06-11 22:14:08.498 [error] [ecmel.vscode-html-css] provider FAILED
2024-06-11 22:14:08.498 [error] undefined
2024-06-11 22:14:42.134 [error] [ecmel.vscode-html-css] provider FAILED
2024-06-11 22:14:42.134 [error] undefined
2024-06-11 22:14:45.242 [error] [ecmel.vscode-html-css] provider FAILED
2024-06-11 22:14:45.242 [error] undefined
2024-06-11 22:14:45.465 [error] [ecmel.vscode-html-css] provider FAILED
2024-06-11 22:14:45.466 [error] undefined
2024-06-11 22:14:45.530 [error] [ecmel.vscode-html-css] provider FAILED
2024-06-11 22:14:45.530 [error] undefined
2024-06-11 22:14:47.661 [error] [ecmel.vscode-html-css] provider FAILED
2024-06-11 22:14:47.661 [error] undefined
2024-06-11 22:15:05.514 [error] [ecmel.vscode-html-css] provider FAILED
2024-06-11 22:15:05.514 [error] undefined
2024-06-11 22:15:27.871 [error] [ecmel.vscode-html-css] provider FAILED
2024-06-11 22:15:27.871 [error] undefined
2024-06-11 22:15:37.264 [error] Error: spawn C:\Program Files\BraveSoftware\Brave-Browser\Application\brave.exe ENOENT
    at Process.ChildProcess._handle.onexit (node:internal/child_process:286:19)
    at onErrorNT (node:internal/child_process:484:16)
    at processTicksAndRejections (node:internal/process/task_queues:82:21)
2024-06-11 22:17:16.537 [error] [ecmel.vscode-html-css] provider FAILED
2024-06-11 22:17:16.537 [error] undefined
2024-06-11 22:17:16.815 [error] [ecmel.vscode-html-css] provider FAILED
2024-06-11 22:17:16.815 [error] undefined
2024-06-11 22:17:16.941 [error] [ecmel.vscode-html-css] provider FAILED
2024-06-11 22:17:16.941 [error] undefined
2024-06-11 22:17:17.168 [error] [ecmel.vscode-html-css] provider FAILED
2024-06-11 22:17:17.168 [error] undefined
2024-06-11 22:18:59.771 [error] [ecmel.vscode-html-css] provider FAILED
2024-06-11 22:18:59.771 [error] undefined
2024-06-11 22:19:01.400 [error] [ecmel.vscode-html-css] provider FAILED
2024-06-11 22:19:01.401 [error] undefined
2024-06-11 22:19:01.496 [error] [ecmel.vscode-html-css] provider FAILED
2024-06-11 22:19:01.496 [error] undefined
2024-06-11 22:19:01.567 [error] [ecmel.vscode-html-css] provider FAILED
2024-06-11 22:19:01.567 [error] undefined
2024-06-11 22:19:02.515 [error] [ecmel.vscode-html-css] provider FAILED
2024-06-11 22:19:02.515 [error] undefined
2024-06-11 22:19:02.605 [error] [ecmel.vscode-html-css] provider FAILED
2024-06-11 22:19:02.605 [error] undefined
2024-06-11 22:19:05.711 [error] [ecmel.vscode-html-css] provider FAILED
2024-06-11 22:19:05.711 [error] undefined
2024-06-11 22:19:11.363 [error] [ecmel.vscode-html-css] provider FAILED
2024-06-11 22:19:11.363 [error] undefined
2024-06-11 22:21:33.586 [error] [ecmel.vscode-html-css] provider FAILED
2024-06-11 22:21:33.586 [error] undefined
2024-06-11 22:21:35.984 [error] [ecmel.vscode-html-css] provider FAILED
2024-06-11 22:21:35.984 [error] undefined
2024-06-11 22:22:01.490 [error] [ecmel.vscode-html-css] provider FAILED
2024-06-11 22:22:01.490 [error] undefined
2024-06-11 22:22:03.658 [error] [ecmel.vscode-html-css] provider FAILED
2024-06-11 22:22:03.658 [error] undefined
2024-06-11 22:22:51.048 [error] [ecmel.vscode-html-css] provider FAILED
2024-06-11 22:22:51.048 [error] undefined
2024-06-11 22:23:07.765 [error] [ecmel.vscode-html-css] provider FAILED
2024-06-11 22:23:07.765 [error] undefined
2024-06-11 22:24:03.243 [error] [ecmel.vscode-html-css] provider FAILED
2024-06-11 22:24:03.243 [error] undefined
2024-06-11 22:25:09.185 [error] [ecmel.vscode-html-css] provider FAILED
2024-06-11 22:25:09.185 [error] undefined
2024-06-11 22:25:16.693 [error] [ecmel.vscode-html-css] provider FAILED
2024-06-11 22:25:16.693 [error] undefined
2024-06-11 22:25:18.383 [error] [ecmel.vscode-html-css] provider FAILED
2024-06-11 22:25:18.383 [error] undefined
2024-06-11 22:25:25.846 [error] [ecmel.vscode-html-css] provider FAILED
2024-06-11 22:25:25.846 [error] undefined
2024-06-11 22:26:16.655 [error] [ecmel.vscode-html-css] provider FAILED
2024-06-11 22:26:16.655 [error] undefined
2024-06-11 22:26:20.038 [error] [ecmel.vscode-html-css] provider FAILED
2024-06-11 22:26:20.038 [error] undefined
2024-06-11 22:27:53.253 [error] [ecmel.vscode-html-css] provider FAILED
2024-06-11 22:27:53.253 [error] undefined
2024-06-11 22:27:53.568 [error] [ecmel.vscode-html-css] provider FAILED
2024-06-11 22:27:53.569 [error] undefined
2024-06-11 22:27:53.723 [error] [ecmel.vscode-html-css] provider FAILED
2024-06-11 22:27:53.723 [error] undefined
2024-06-11 22:27:55.753 [error] [ecmel.vscode-html-css] provider FAILED
2024-06-11 22:27:55.753 [error] undefined
2024-06-11 23:42:00.479 [error] [ecmel.vscode-html-css] provider FAILED
2024-06-11 23:42:00.479 [error] undefined
2024-06-11 23:42:23.934 [error] [ecmel.vscode-html-css] provider FAILED
2024-06-11 23:42:23.934 [error] undefined
2024-06-11 23:45:48.719 [error] [ecmel.vscode-html-css] provider FAILED
2024-06-11 23:45:48.719 [error] undefined
2024-06-11 23:45:50.629 [error] [ecmel.vscode-html-css] provider FAILED
2024-06-11 23:45:50.629 [error] undefined
2024-06-11 23:45:51.060 [error] [ecmel.vscode-html-css] provider FAILED
2024-06-11 23:45:51.060 [error] undefined
2024-06-11 23:45:51.195 [error] [ecmel.vscode-html-css] provider FAILED
2024-06-11 23:45:51.195 [error] undefined
2024-06-11 23:45:51.719 [error] [ecmel.vscode-html-css] provider FAILED
2024-06-11 23:45:51.719 [error] undefined
2024-06-11 23:45:51.790 [error] [ecmel.vscode-html-css] provider FAILED
2024-06-11 23:45:51.790 [error] undefined
2024-06-11 23:45:52.742 [error] [ecmel.vscode-html-css] provider FAILED
2024-06-11 23:45:52.742 [error] undefined
2024-06-11 23:46:28.955 [error] [ecmel.vscode-html-css] provider FAILED
2024-06-11 23:46:28.955 [error] undefined
2024-06-11 23:46:31.547 [error] [ecmel.vscode-html-css] provider FAILED
2024-06-11 23:46:31.547 [error] undefined
2024-06-11 23:46:32.842 [error] [ecmel.vscode-html-css] provider FAILED
2024-06-11 23:46:32.842 [error] undefined
2024-06-12 01:58:43.279 [error] [ecmel.vscode-html-css] provider FAILED
2024-06-12 01:58:43.298 [error] undefined
2024-06-12 01:58:46.306 [error] [ecmel.vscode-html-css] provider FAILED
2024-06-12 01:58:46.307 [error] undefined
2024-06-12 01:58:48.193 [error] [ecmel.vscode-html-css] provider FAILED
2024-06-12 01:58:48.193 [error] undefined
2024-06-12 01:58:49.188 [error] [ecmel.vscode-html-css] provider FAILED
2024-06-12 01:58:49.188 [error] undefined
2024-06-12 01:58:49.722 [error] [ecmel.vscode-html-css] provider FAILED
2024-06-12 01:58:49.722 [error] undefined
2024-06-12 01:58:50.737 [error] [ecmel.vscode-html-css] provider FAILED
2024-06-12 01:58:50.737 [error] undefined
2024-06-12 01:59:26.792 [info] Extension host terminating: renderer closed the MessagePort
2024-06-12 01:59:27.861 [error] Canceled: Canceled
    at new A (/opt/visual-studio-code/resources/app/out/vs/workbench/api/node/extensionHostProcess.js:143:50615)
    at E.U (/opt/visual-studio-code/resources/app/out/vs/workbench/api/node/extensionHostProcess.js:150:6007)
    at Proxy.z.<computed>.M.charCodeAt.R.CharCode.DollarSign.z.<computed> (/opt/visual-studio-code/resources/app/out/vs/workbench/api/node/extensionHostProcess.js:150:3091)
    at h.g (/opt/visual-studio-code/resources/app/out/vs/workbench/api/node/extensionHostProcess.js:153:199937)
    at h.executeCommand (/opt/visual-studio-code/resources/app/out/vs/workbench/api/node/extensionHostProcess.js:153:199375)
    at I.registerCommand.description (/opt/visual-studio-code/resources/app/out/vs/workbench/api/node/extensionHostProcess.js:153:198699)
    at h (/opt/visual-studio-code/resources/app/out/vs/workbench/api/node/extensionHostProcess.js:153:200476)
    at h.g (/opt/visual-studio-code/resources/app/out/vs/workbench/api/node/extensionHostProcess.js:153:199468)
    at h.executeCommand (/opt/visual-studio-code/resources/app/out/vs/workbench/api/node/extensionHostProcess.js:153:199375)
    at Object.executeCommand (/opt/visual-studio-code/resources/app/out/vs/workbench/api/node/extensionHostProcess.js:163:22742)
    at w (/home/jeet/.vscode/extensions/eamodio.gitlens-15.1.0/dist/gitlens.js:1453:39714)
    at c (/home/jeet/.vscode/extensions/eamodio.gitlens-15.1.0/dist/gitlens.js:1453:44753)
    at ActionRunners._updateContextKeys (/home/jeet/.vscode/extensions/eamodio.gitlens-15.1.0/dist/gitlens.js:1099:18425)
    at s (/home/jeet/.vscode/extensions/eamodio.gitlens-15.1.0/dist/gitlens.js:1099:16869)
    at RegisteredActionRunner.unregister (/home/jeet/.vscode/extensions/eamodio.gitlens-15.1.0/dist/gitlens.js:1099:17012)
    at RegisteredActionRunner.dispose (/home/jeet/.vscode/extensions/eamodio.gitlens-15.1.0/dist/gitlens.js:1099:15665)
    at ActionRunners.dispose (/home/jeet/.vscode/extensions/eamodio.gitlens-15.1.0/dist/gitlens.js:1099:16452)
    at /home/jeet/.vscode/extensions/eamodio.gitlens-15.1.0/dist/gitlens.js:1412:20105
    at Array.forEach (<anonymous>)
    at Object.dispose (/home/jeet/.vscode/extensions/eamodio.gitlens-15.1.0/dist/gitlens.js:1412:20087)
    at f (/opt/visual-studio-code/resources/app/out/vs/workbench/api/node/extensionHostProcess.js:30:744)
    at u.eb (/opt/visual-studio-code/resources/app/out/vs/workbench/api/node/extensionHostProcess.js:159:9991)
    at /opt/visual-studio-code/resources/app/out/vs/workbench/api/node/extensionHostProcess.js:159:7867
    at Array.map (<anonymous>)
    at u.$ (/opt/visual-studio-code/resources/app/out/vs/workbench/api/node/extensionHostProcess.js:159:7854)
    at u.terminate (/opt/visual-studio-code/resources/app/out/vs/workbench/api/node/extensionHostProcess.js:159:8127)
    at f.terminate (/opt/visual-studio-code/resources/app/out/vs/workbench/api/node/extensionHostProcess.js:163:1513)
    at t (/opt/visual-studio-code/resources/app/out/vs/workbench/api/node/extensionHostProcess.js:176:10459)
    at MessagePortMain.<anonymous> (/opt/visual-studio-code/resources/app/out/vs/workbench/api/node/extensionHostProcess.js:176:6675)
    at MessagePortMain.emit (node:events:514:28)
    at Object.MessagePortMain._internalPort.emit (node:electron/js2c/utility_init:2:2285) setContext undefined
2024-06-12 01:59:27.869 [error] Canceled: Canceled
    at new A (/opt/visual-studio-code/resources/app/out/vs/workbench/api/node/extensionHostProcess.js:143:50615)
    at E.U (/opt/visual-studio-code/resources/app/out/vs/workbench/api/node/extensionHostProcess.js:150:6007)
    at Proxy.z.<computed>.M.charCodeAt.R.CharCode.DollarSign.z.<computed> (/opt/visual-studio-code/resources/app/out/vs/workbench/api/node/extensionHostProcess.js:150:3091)
    at h.g (/opt/visual-studio-code/resources/app/out/vs/workbench/api/node/extensionHostProcess.js:153:199937)
    at h.executeCommand (/opt/visual-studio-code/resources/app/out/vs/workbench/api/node/extensionHostProcess.js:153:199375)
    at I.registerCommand.description (/opt/visual-studio-code/resources/app/out/vs/workbench/api/node/extensionHostProcess.js:153:198699)
    at h (/opt/visual-studio-code/resources/app/out/vs/workbench/api/node/extensionHostProcess.js:153:200476)
    at h.g (/opt/visual-studio-code/resources/app/out/vs/workbench/api/node/extensionHostProcess.js:153:199468)
    at h.executeCommand (/opt/visual-studio-code/resources/app/out/vs/workbench/api/node/extensionHostProcess.js:153:199375)
    at Object.executeCommand (/opt/visual-studio-code/resources/app/out/vs/workbench/api/node/extensionHostProcess.js:163:22742)
    at w (/home/jeet/.vscode/extensions/eamodio.gitlens-15.1.0/dist/gitlens.js:1453:39714)
    at c (/home/jeet/.vscode/extensions/eamodio.gitlens-15.1.0/dist/gitlens.js:1453:44753)
    at ActionRunners._updateContextKeys (/home/jeet/.vscode/extensions/eamodio.gitlens-15.1.0/dist/gitlens.js:1099:18425)
    at s (/home/jeet/.vscode/extensions/eamodio.gitlens-15.1.0/dist/gitlens.js:1099:16869)
    at RegisteredActionRunner.unregister (/home/jeet/.vscode/extensions/eamodio.gitlens-15.1.0/dist/gitlens.js:1099:17012)
    at RegisteredActionRunner.dispose (/home/jeet/.vscode/extensions/eamodio.gitlens-15.1.0/dist/gitlens.js:1099:15665)
    at ActionRunners.dispose (/home/jeet/.vscode/extensions/eamodio.gitlens-15.1.0/dist/gitlens.js:1099:16452)
    at /home/jeet/.vscode/extensions/eamodio.gitlens-15.1.0/dist/gitlens.js:1412:20105
    at Array.forEach (<anonymous>)
    at Object.dispose (/home/jeet/.vscode/extensions/eamodio.gitlens-15.1.0/dist/gitlens.js:1412:20087)
    at f (/opt/visual-studio-code/resources/app/out/vs/workbench/api/node/extensionHostProcess.js:30:744)
    at u.eb (/opt/visual-studio-code/resources/app/out/vs/workbench/api/node/extensionHostProcess.js:159:9991)
    at /opt/visual-studio-code/resources/app/out/vs/workbench/api/node/extensionHostProcess.js:159:7867
    at Array.map (<anonymous>)
    at u.$ (/opt/visual-studio-code/resources/app/out/vs/workbench/api/node/extensionHostProcess.js:159:7854)
    at u.terminate (/opt/visual-studio-code/resources/app/out/vs/workbench/api/node/extensionHostProcess.js:159:8127)
    at f.terminate (/opt/visual-studio-code/resources/app/out/vs/workbench/api/node/extensionHostProcess.js:163:1513)
    at t (/opt/visual-studio-code/resources/app/out/vs/workbench/api/node/extensionHostProcess.js:176:10459)
    at MessagePortMain.<anonymous> (/opt/visual-studio-code/resources/app/out/vs/workbench/api/node/extensionHostProcess.js:176:6675)
    at MessagePortMain.emit (node:events:514:28)
    at Object.MessagePortMain._internalPort.emit (node:electron/js2c/utility_init:2:2285) setContext undefined
2024-06-12 01:59:27.873 [error] Canceled: Canceled
    at new A (/opt/visual-studio-code/resources/app/out/vs/workbench/api/node/extensionHostProcess.js:143:50615)
    at E.U (/opt/visual-studio-code/resources/app/out/vs/workbench/api/node/extensionHostProcess.js:150:6007)
    at Proxy.z.<computed>.M.charCodeAt.R.CharCode.DollarSign.z.<computed> (/opt/visual-studio-code/resources/app/out/vs/workbench/api/node/extensionHostProcess.js:150:3091)
    at h.g (/opt/visual-studio-code/resources/app/out/vs/workbench/api/node/extensionHostProcess.js:153:199937)
    at h.executeCommand (/opt/visual-studio-code/resources/app/out/vs/workbench/api/node/extensionHostProcess.js:153:199375)
    at I.registerCommand.description (/opt/visual-studio-code/resources/app/out/vs/workbench/api/node/extensionHostProcess.js:153:198699)
    at h (/opt/visual-studio-code/resources/app/out/vs/workbench/api/node/extensionHostProcess.js:153:200476)
    at h.g (/opt/visual-studio-code/resources/app/out/vs/workbench/api/node/extensionHostProcess.js:153:199468)
    at h.executeCommand (/opt/visual-studio-code/resources/app/out/vs/workbench/api/node/extensionHostProcess.js:153:199375)
    at Object.executeCommand (/opt/visual-studio-code/resources/app/out/vs/workbench/api/node/extensionHostProcess.js:163:22742)
    at w (/home/jeet/.vscode/extensions/eamodio.gitlens-15.1.0/dist/gitlens.js:1453:39714)
    at c (/home/jeet/.vscode/extensions/eamodio.gitlens-15.1.0/dist/gitlens.js:1453:44753)
    at ActionRunners._updateContextKeys (/home/jeet/.vscode/extensions/eamodio.gitlens-15.1.0/dist/gitlens.js:1099:18425)
    at s (/home/jeet/.vscode/extensions/eamodio.gitlens-15.1.0/dist/gitlens.js:1099:16869)
    at RegisteredActionRunner.unregister (/home/jeet/.vscode/extensions/eamodio.gitlens-15.1.0/dist/gitlens.js:1099:17012)
    at RegisteredActionRunner.dispose (/home/jeet/.vscode/extensions/eamodio.gitlens-15.1.0/dist/gitlens.js:1099:15665)
    at Object.dispose (/home/jeet/.vscode/extensions/eamodio.gitlens-15.1.0/dist/gitlens.js:1099:17106)
    at f (/opt/visual-studio-code/resources/app/out/vs/workbench/api/node/extensionHostProcess.js:30:744)
    at u.eb (/opt/visual-studio-code/resources/app/out/vs/workbench/api/node/extensionHostProcess.js:159:9991)
    at /opt/visual-studio-code/resources/app/out/vs/workbench/api/node/extensionHostProcess.js:159:7867
    at Array.map (<anonymous>)
    at u.$ (/opt/visual-studio-code/resources/app/out/vs/workbench/api/node/extensionHostProcess.js:159:7854)
    at u.terminate (/opt/visual-studio-code/resources/app/out/vs/workbench/api/node/extensionHostProcess.js:159:8127)
    at f.terminate (/opt/visual-studio-code/resources/app/out/vs/workbench/api/node/extensionHostProcess.js:163:1513)
    at t (/opt/visual-studio-code/resources/app/out/vs/workbench/api/node/extensionHostProcess.js:176:10459)
    at MessagePortMain.<anonymous> (/opt/visual-studio-code/resources/app/out/vs/workbench/api/node/extensionHostProcess.js:176:6675)
    at MessagePortMain.emit (node:events:514:28)
    at Object.MessagePortMain._internalPort.emit (node:electron/js2c/utility_init:2:2285) setContext undefined
2024-06-12 01:59:27.875 [error] Canceled: Canceled
    at new A (/opt/visual-studio-code/resources/app/out/vs/workbench/api/node/extensionHostProcess.js:143:50615)
    at E.U (/opt/visual-studio-code/resources/app/out/vs/workbench/api/node/extensionHostProcess.js:150:6007)
    at Proxy.z.<computed>.M.charCodeAt.R.CharCode.DollarSign.z.<computed> (/opt/visual-studio-code/resources/app/out/vs/workbench/api/node/extensionHostProcess.js:150:3091)
    at h.g (/opt/visual-studio-code/resources/app/out/vs/workbench/api/node/extensionHostProcess.js:153:199937)
    at h.executeCommand (/opt/visual-studio-code/resources/app/out/vs/workbench/api/node/extensionHostProcess.js:153:199375)
    at I.registerCommand.description (/opt/visual-studio-code/resources/app/out/vs/workbench/api/node/extensionHostProcess.js:153:198699)
    at h (/opt/visual-studio-code/resources/app/out/vs/workbench/api/node/extensionHostProcess.js:153:200476)
    at h.g (/opt/visual-studio-code/resources/app/out/vs/workbench/api/node/extensionHostProcess.js:153:199468)
    at h.executeCommand (/opt/visual-studio-code/resources/app/out/vs/workbench/api/node/extensionHostProcess.js:153:199375)
    at Object.executeCommand (/opt/visual-studio-code/resources/app/out/vs/workbench/api/node/extensionHostProcess.js:163:22742)
    at q2.reset (/home/jeet/.vscode/extensions/github.vscode-pull-request-github-0.88.1/dist/extension.js:2188:8858)
    at q2.dispose (/home/jeet/.vscode/extensions/github.vscode-pull-request-github-0.88.1/dist/extension.js:2188:9129)
    at f (/opt/visual-studio-code/resources/app/out/vs/workbench/api/node/extensionHostProcess.js:30:744)
    at u.eb (/opt/visual-studio-code/resources/app/out/vs/workbench/api/node/extensionHostProcess.js:159:9991)
    at /opt/visual-studio-code/resources/app/out/vs/workbench/api/node/extensionHostProcess.js:159:7867
    at Array.map (<anonymous>)
    at u.$ (/opt/visual-studio-code/resources/app/out/vs/workbench/api/node/extensionHostProcess.js:159:7854)
    at u.terminate (/opt/visual-studio-code/resources/app/out/vs/workbench/api/node/extensionHostProcess.js:159:8127)
    at f.terminate (/opt/visual-studio-code/resources/app/out/vs/workbench/api/node/extensionHostProcess.js:163:1513)
    at t (/opt/visual-studio-code/resources/app/out/vs/workbench/api/node/extensionHostProcess.js:176:10459)
    at MessagePortMain.<anonymous> (/opt/visual-studio-code/resources/app/out/vs/workbench/api/node/extensionHostProcess.js:176:6675)
    at MessagePortMain.emit (node:events:514:28)
    at Object.MessagePortMain._internalPort.emit (node:electron/js2c/utility_init:2:2285) setContext undefined
2024-06-12 01:59:27.950 [info] Extension host with pid 2216 exiting with code 0
