2024-06-09 21:48:12.767 [info] Extension host with pid 22400 started
2024-06-09 21:48:12.767 [info] Skipping acquiring lock for /home/jeet/.config/Code/User/workspaceStorage/fbd2f5c9367c3a92ac053cfd68684024.
2024-06-09 21:48:12.966 [info] ExtensionService#_doActivateExtension vscode.emmet, startup: false, activationEvent: 'onLanguage'
2024-06-09 21:48:13.414 [info] ExtensionService#_doActivateExtension pucelle.vscode-css-navigation, startup: false, activationEvent: 'onLanguage'
2024-06-09 21:48:15.318 [info] ExtensionService#_doActivateExtension vscode.typescript-language-features, startup: false, activationEvent: 'onLanguage:javascript'
2024-06-09 21:48:15.482 [info] ExtensionService#_doActivateExtension VisualStudioExptTeam.intellicode-api-usage-examples, startup: false, activationEvent: 'onLanguage:javascript'
2024-06-09 21:48:16.107 [info] ExtensionService#_doActivateExtension VisualStudioExptTeam.vscodeintellicode, startup: false, activationEvent: 'onLanguage:javascript'
2024-06-09 21:48:17.153 [info] ExtensionService#_doActivateExtension vscode.git-base, startup: true, activationEvent: '*', root cause: vscode.git
2024-06-09 21:48:17.223 [info] ExtensionService#_doActivateExtension be5invis.vscode-custom-css, startup: true, activationEvent: '*'
2024-06-09 21:48:18.540 [info] ExtensionService#_doActivateExtension Cardinal90.multi-cursor-case-preserve, startup: true, activationEvent: '*'
2024-06-09 21:48:18.700 [info] ExtensionService#_doActivateExtension etmoffat.pip-packages, startup: true, activationEvent: '*'
2024-06-09 21:48:19.797 [info] ExtensionService#_doActivateExtension formulahendry.auto-close-tag, startup: true, activationEvent: '*'
2024-06-09 21:48:20.609 [info] ExtensionService#_doActivateExtension formulahendry.auto-rename-tag, startup: true, activationEvent: '*'
2024-06-09 21:48:21.042 [info] ExtensionService#_doActivateExtension s-nlf-fh.glassit, startup: true, activationEvent: '*'
2024-06-09 21:48:23.022 [info] ExtensionService#_doActivateExtension vscode.git, startup: true, activationEvent: '*'
2024-06-09 21:48:23.733 [info] ExtensionService#_doActivateExtension vscode.github, startup: true, activationEvent: '*'
2024-06-09 21:48:24.140 [info] ExtensionService#_doActivateExtension vscode.github-authentication, startup: false, activationEvent: 'onAuthenticationRequest:github'
2024-06-09 21:48:24.540 [info] Not activating extension 'almahdi.code-django': Timed out while searching for 'workspaceContains' pattern **/manage.py,**/apps.py
2024-06-09 21:48:24.541 [info] Not activating extension 'ms-vscode.cmake-tools': Timed out while searching for 'workspaceContains' pattern */CMakeLists.txt,*/*/CMakeLists.txt,*/*/*/CMakeLists.txt
2024-06-09 21:48:24.541 [info] Not activating extension 'rust-lang.rust-analyzer': Timed out while searching for 'workspaceContains' pattern */Cargo.toml,*/rust-project.json
2024-06-09 21:48:24.541 [info] Not activating extension 'serayuzgur.crates': Timed out while searching for 'workspaceContains' pattern */Cargo.toml
2024-06-09 21:48:24.541 [info] Not activating extension 'vscjava.vscode-maven': Timed out while searching for 'workspaceContains' pattern **/pom.xml
2024-06-09 21:48:24.784 [info] Eager extensions activated
2024-06-09 21:48:24.795 [info] ExtensionService#_doActivateExtension vscode.json-language-features, startup: false, activationEvent: 'onLanguage:jsonc'
2024-06-09 21:48:25.311 [info] ExtensionService#_doActivateExtension vscode.debug-auto-launch, startup: false, activationEvent: 'onStartupFinished'
2024-06-09 21:48:25.595 [info] ExtensionService#_doActivateExtension vscode.merge-conflict, startup: false, activationEvent: 'onStartupFinished'
2024-06-09 21:48:26.048 [info] ExtensionService#_doActivateExtension BrandonKirbyson.vscode-animations, startup: false, activationEvent: 'onStartupFinished'
2024-06-09 21:48:26.222 [info] ExtensionService#_doActivateExtension dbaeumer.vscode-eslint, startup: false, activationEvent: 'onStartupFinished'
2024-06-09 21:48:26.720 [info] ExtensionService#_doActivateExtension drcika.apc-extension, startup: false, activationEvent: 'onStartupFinished'
2024-06-09 21:48:27.091 [info] ExtensionService#_doActivateExtension eamodio.gitlens, startup: false, activationEvent: 'onStartupFinished'
2024-06-09 21:48:27.617 [info] ExtensionService#_doActivateExtension ecmel.vscode-html-css, startup: false, activationEvent: 'onStartupFinished'
2024-06-09 21:48:27.928 [info] ExtensionService#_doActivateExtension esbenp.prettier-vscode, startup: false, activationEvent: 'onStartupFinished'
2024-06-09 21:48:29.314 [info] ExtensionService#_doActivateExtension formulahendry.code-runner, startup: false, activationEvent: 'onStartupFinished'
2024-06-09 21:48:30.192 [info] ExtensionService#_doActivateExtension GitHub.vscode-pull-request-github, startup: false, activationEvent: 'onStartupFinished'
2024-06-09 21:48:30.705 [info] ExtensionService#_doActivateExtension ms-vscode-remote.remote-containers, startup: false, activationEvent: 'onStartupFinished'
2024-06-09 21:48:31.089 [info] ExtensionService#_doActivateExtension ms-vscode-remote.remote-wsl, startup: false, activationEvent: 'onStartupFinished'
2024-06-09 21:48:31.394 [info] ExtensionService#_doActivateExtension ritwickdey.LiveServer, startup: false, activationEvent: 'onStartupFinished'
2024-06-09 21:48:31.859 [info] ExtensionService#_doActivateExtension vadimcn.vscode-lldb, startup: false, activationEvent: 'onStartupFinished'
2024-06-09 21:48:32.933 [info] ExtensionService#_doActivateExtension ms-vsliveshare.vsliveshare, startup: false, activationEvent: 'api', root cause: eamodio.gitlens
2024-06-09 22:08:44.673 [info] ExtensionService#_doActivateExtension vscode.npm, startup: false, activationEvent: 'onTerminalQuickFixRequest:ms-vscode.npm-command'
