2024-06-08 03:33:20.678 [info] Added views:workbench.panel.markers.view in workbench.panel.markers
2024-06-08 03:33:20.678 [info] Added views:workbench.panel.output in workbench.panel.output
2024-06-08 03:33:20.678 [info] Added views:terminal in terminal
2024-06-08 03:33:20.678 [info] Added views:outline in workbench.view.explorer
2024-06-08 03:33:20.678 [info] Added views:workbench.scm in workbench.view.scm
2024-06-08 03:33:20.678 [info] Added views:workbench.view.search in workbench.view.search
2024-06-08 03:33:20.678 [info] Added views:timeline in workbench.view.explorer
2024-06-08 03:33:20.678 [info] Added views:workbench.explorer.emptyView in workbench.view.explorer
2024-06-08 03:33:22.636 [info] Added views:workbench.debug.welcome in workbench.view.debug
2024-06-08 03:33:22.863 [info] Added views:workbench.panel.repl.view in workbench.panel.repl
2024-06-08 03:33:23.226 [info] Added views:~remote.forwardedPorts in ~remote.forwardedPortsContainer
2024-06-08 03:33:28.324 [info] Added views:workbench.views.extensions.installed,workbench.views.extensions.popular,extensions.recommendedList in workbench.view.extensions
2024-06-08 03:33:28.333 [info] Removed views:workbench.views.extensions.popular from workbench.view.extensions
2024-06-08 03:33:41.753 [info] Added views:workbench.panel.markers.view in workbench.panel.markers
2024-06-08 03:33:41.753 [info] Added views:workbench.panel.output in workbench.panel.output
2024-06-08 03:33:41.753 [info] Added views:terminal in terminal
2024-06-08 03:33:41.753 [info] Added views:outline in workbench.view.explorer
2024-06-08 03:33:41.753 [info] Added views:workbench.scm in workbench.view.scm
2024-06-08 03:33:41.753 [info] Added views:workbench.view.search in workbench.view.search
2024-06-08 03:33:41.753 [info] Added views:timeline in workbench.view.explorer
2024-06-08 03:33:41.753 [info] Added views:workbench.explorer.fileView in workbench.view.explorer
2024-06-08 03:33:42.359 [info] Added views:workbench.debug.variablesView,workbench.debug.watchExpressionsView,workbench.debug.callStackView,workbench.debug.breakPointsView in workbench.view.debug
2024-06-08 03:33:42.505 [info] Added views:~remote.forwardedPorts in ~remote.forwardedPortsContainer
2024-06-08 03:33:42.669 [info] Added views:workbench.panel.repl.view in workbench.panel.repl
2024-06-08 03:33:42.670 [info] Removed views:workbench.debug.breakPointsView,workbench.debug.callStackView,workbench.debug.watchExpressionsView,workbench.debug.variablesView from workbench.view.debug
2024-06-08 03:33:42.678 [info] Added views:workbench.debug.welcome in workbench.view.debug
2024-06-08 03:33:53.032 [info] Added views:workbench.views.extensions.installed,workbench.views.extensions.popular,extensions.recommendedList in workbench.view.extensions
2024-06-08 03:33:53.036 [info] Removed views:workbench.views.extensions.popular from workbench.view.extensions
2024-06-08 03:34:02.117 [info] Removed views:workbench.panel.repl.view from workbench.panel.repl
2024-06-08 03:34:02.331 [info] Added views:workbench.panel.repl.view in workbench.panel.repl
2024-06-08 03:36:13.153 [info] Removed views:extensions.recommendedList,workbench.views.extensions.installed from workbench.view.extensions
2024-06-08 03:36:13.196 [info] Added views:workbench.views.extensions.marketplace in workbench.view.extensions
2024-06-08 03:36:21.929 [info] Removed views:workbench.panel.repl.view from workbench.panel.repl
2024-06-08 03:36:22.124 [info] Added views:workbench.panel.repl.view in workbench.panel.repl
2024-06-08 03:36:56.071 [info] Removed views:workbench.views.extensions.marketplace from workbench.view.extensions
2024-06-08 03:36:56.097 [info] Added views:workbench.views.extensions.installed,extensions.recommendedList in workbench.view.extensions
2024-06-08 03:36:59.020 [info] Removed views:extensions.recommendedList,workbench.views.extensions.installed from workbench.view.extensions
2024-06-08 03:36:59.039 [info] Added views:workbench.views.extensions.marketplace in workbench.view.extensions
