2024-06-08 15:09:00 Loading main app package /usr/lib/obsidian/obsidian.asar
2024-06-08 15:09:05 Checking for update using Github
2024-06-08 15:09:09 Success.
2024-06-08 15:09:09 Latest version is 1.6.2
2024-06-08 15:09:09 Downloading update from https://github.com/obsidianmd/obsidian-releases/releases/download/v1.6.2/obsidian-1.6.2.asar.gz
2024-06-08 15:09:12 Verifying hash & signature. Size= 8794467
2024-06-08 15:09:12 Saving file
2024-06-08 15:09:13 Update complete.
2024-06-08 15:10:46 Loading updated app package /home/jeet/.config/obsidian/obsidian-1.6.2.asar
2024-06-08 15:10:46 Checking for update using Github
2024-06-08 15:10:46 Success.
2024-06-08 15:10:46 Latest version is 1.6.2
2024-06-08 15:10:46 App is up to date.
2024-06-08 17:05:04 Checking for update using Github
2024-06-08 17:05:04 Success.
2024-06-08 17:05:04 Latest version is 1.6.2
2024-06-08 17:05:04 An update is already downloaded.
2024-06-08 18:22:28 Checking for update using Github
2024-06-08 18:22:29 Success.
2024-06-08 18:22:29 Latest version is 1.6.3
2024-06-08 18:22:29 Downloading update from https://github.com/obsidianmd/obsidian-releases/releases/download/v1.6.3/obsidian-1.6.3.asar.gz
2024-06-08 18:22:31 Verifying hash & signature. Size= 8794449
2024-06-08 18:22:31 Saving file
2024-06-08 18:22:32 Update complete.
2024-06-08 19:22:29 Checking for update using Github
2024-06-08 19:22:29 Success.
2024-06-08 19:22:29 Latest version is 1.6.3
2024-06-08 19:22:29 An update is already downloaded.
2024-06-09 09:54:36 Loading updated app package /home/jeet/.config/obsidian/obsidian-1.6.3.asar
2024-06-09 09:54:42 Checking for update using Github
2024-06-09 09:54:43 Success.
2024-06-09 09:54:43 Latest version is 1.6.3
2024-06-09 09:54:43 App is up to date.
2024-06-09 10:54:36 Checking for update using Github
2024-06-09 10:54:36 Success.
2024-06-09 10:54:36 Latest version is 1.6.3
2024-06-09 10:54:36 App is up to date.
2024-06-09 12:17:41 Checking for update using Github
2024-06-09 12:17:41 Success.
2024-06-09 12:17:41 Latest version is 1.6.3
2024-06-09 12:17:41 App is up to date.
2024-06-09 13:17:41 Checking for update using Github
2024-06-09 13:17:41 Success.
2024-06-09 13:17:41 Latest version is 1.6.3
2024-06-09 13:17:41 App is up to date.
2024-06-09 16:20:10 Loading updated app package /home/jeet/.config/obsidian/obsidian-1.6.3.asar
2024-06-09 16:20:16 Checking for update using Github
2024-06-09 16:20:17 Success.
2024-06-09 16:20:17 Latest version is 1.6.3
2024-06-09 16:20:17 App is up to date.
2024-06-09 17:20:10 Checking for update using Github
2024-06-09 17:20:10 Success.
2024-06-09 17:20:10 Latest version is 1.6.3
2024-06-09 17:20:10 App is up to date.
2024-06-10 18:41:30 Loading updated app package /home/jeet/.config/obsidian/obsidian-1.6.3.asar
2024-06-10 18:41:46 Checking for update using Github
2024-06-10 18:41:49 Success.
2024-06-10 18:41:49 Latest version is 1.6.3
2024-06-10 18:41:49 App is up to date.
2024-06-10 19:41:30 Checking for update using Github
2024-06-10 19:41:30 Success.
2024-06-10 19:41:30 Latest version is 1.6.3
2024-06-10 19:41:30 App is up to date.
2024-06-11 14:48:28 Loading main app package /usr/lib/obsidian/obsidian.asar
2024-06-11 14:48:44 Checking for update using Github
2024-06-11 14:48:46 Success.
2024-06-11 14:48:46 Latest version is 1.6.3
2024-06-11 14:48:46 App is up to date.
2024-06-11 15:19:12 Loading main app package /usr/lib/obsidian/obsidian.asar
2024-06-11 15:19:30 Checking for update using Github
2024-06-11 15:19:35 Success.
2024-06-11 15:19:35 Latest version is 1.6.3
2024-06-11 15:19:35 App is up to date.
2024-06-11 16:05:57 Loading main app package /usr/lib/obsidian/obsidian.asar
2024-06-11 16:06:13 Checking for update using Github
2024-06-11 16:06:15 Success.
2024-06-11 16:06:15 Latest version is 1.6.3
2024-06-11 16:06:15 App is up to date.
2024-06-11 17:05:57 Checking for update using Github
2024-06-11 17:05:57 Success.
2024-06-11 17:05:57 Latest version is 1.6.3
2024-06-11 17:05:57 App is up to date.
2024-06-11 18:12:04 Checking for update using Github
2024-06-11 18:12:05 Success.
2024-06-11 18:12:05 Latest version is 1.6.3
2024-06-11 18:12:05 App is up to date.
2024-06-11 19:12:06 Checking for update using Github
2024-06-11 19:12:06 Success.
2024-06-11 19:12:06 Latest version is 1.6.3
2024-06-11 19:12:06 App is up to date.
2024-06-11 20:12:06 Checking for update using Github
2024-06-11 20:12:06 Success.
2024-06-11 20:12:06 Latest version is 1.6.3
2024-06-11 20:12:06 App is up to date.
2024-06-14 06:47:38 Loading main app package /usr/lib/obsidian/obsidian.asar
2024-06-14 06:47:45 Checking for update using Github
2024-06-14 06:47:52 Success.
2024-06-14 06:47:52 Latest version is 1.6.3
2024-06-14 06:47:52 App is up to date.
2024-06-14 06:48:05 Loading main app package /usr/lib/obsidian/obsidian.asar
2024-06-14 06:48:05 Checking for update using Github
2024-06-14 06:48:05 Success.
2024-06-14 06:48:05 Latest version is 1.6.3
2024-06-14 06:48:05 App is up to date.
2024-06-14 07:00:22 Loading main app package /usr/lib/obsidian/obsidian.asar
2024-06-14 07:00:22 Checking for update using Github
2024-06-14 07:00:26 Success.
2024-06-14 07:00:26 Latest version is 1.6.3
2024-06-14 07:00:26 App is up to date.
