2024-06-11 00:11:25.583 [info] Extension host with pid 9074 started
2024-06-11 00:11:25.583 [info] Skipping acquiring lock for /home/jeet/.config/Code/User/workspaceStorage/fbd2f5c9367c3a92ac053cfd68684024.
2024-06-11 00:11:27.794 [info] ExtensionService#_doActivateExtension vscode.emmet, startup: false, activationEvent: 'onLanguage'
2024-06-11 00:11:28.026 [info] ExtensionService#_doActivateExtension pucelle.vscode-css-navigation, startup: false, activationEvent: 'onLanguage'
2024-06-11 00:11:34.525 [info] ExtensionService#_doActivateExtension vscode.typescript-language-features, startup: false, activationEvent: 'onLanguage:javascript'
2024-06-11 00:11:34.700 [info] ExtensionService#_doActivateExtension VisualStudioExptTeam.intellicode-api-usage-examples, startup: false, activationEvent: 'onLanguage:javascript'
2024-06-11 00:11:35.525 [info] ExtensionService#_doActivateExtension VisualStudioExptTeam.vscodeintellicode, startup: false, activationEvent: 'onLanguage:javascript'
2024-06-11 00:11:36.131 [info] ExtensionService#_doActivateExtension vscode.git-base, startup: true, activationEvent: '*', root cause: vscode.git
2024-06-11 00:11:36.241 [info] ExtensionService#_doActivateExtension be5invis.vscode-custom-css, startup: true, activationEvent: '*'
2024-06-11 00:11:37.310 [info] ExtensionService#_doActivateExtension Cardinal90.multi-cursor-case-preserve, startup: true, activationEvent: '*'
2024-06-11 00:11:37.388 [info] ExtensionService#_doActivateExtension etmoffat.pip-packages, startup: true, activationEvent: '*'
2024-06-11 00:11:37.865 [info] ExtensionService#_doActivateExtension formulahendry.auto-close-tag, startup: true, activationEvent: '*'
2024-06-11 00:11:38.119 [info] ExtensionService#_doActivateExtension formulahendry.auto-rename-tag, startup: true, activationEvent: '*'
2024-06-11 00:11:38.565 [info] ExtensionService#_doActivateExtension s-nlf-fh.glassit, startup: true, activationEvent: '*'
2024-06-11 00:11:42.595 [info] Not activating extension 'almahdi.code-django': Timed out while searching for 'workspaceContains' pattern **/manage.py,**/apps.py
2024-06-11 00:11:42.595 [info] Not activating extension 'ms-vscode.cmake-tools': Timed out while searching for 'workspaceContains' pattern */CMakeLists.txt,*/*/CMakeLists.txt,*/*/*/CMakeLists.txt
2024-06-11 00:11:42.595 [info] Not activating extension 'rust-lang.rust-analyzer': Timed out while searching for 'workspaceContains' pattern */Cargo.toml,*/rust-project.json
2024-06-11 00:11:42.595 [info] Not activating extension 'serayuzgur.crates': Timed out while searching for 'workspaceContains' pattern */Cargo.toml
2024-06-11 00:11:42.595 [info] Not activating extension 'vscjava.vscode-maven': Timed out while searching for 'workspaceContains' pattern **/pom.xml
2024-06-11 00:11:43.763 [info] ExtensionService#_doActivateExtension vscode.debug-auto-launch, startup: false, activationEvent: 'onStartupFinished'
2024-06-11 00:11:43.823 [info] ExtensionService#_doActivateExtension vscode.merge-conflict, startup: false, activationEvent: 'onStartupFinished'
2024-06-11 00:11:44.089 [info] ExtensionService#_doActivateExtension BrandonKirbyson.vscode-animations, startup: false, activationEvent: 'onStartupFinished'
2024-06-11 00:11:44.420 [info] ExtensionService#_doActivateExtension dbaeumer.vscode-eslint, startup: false, activationEvent: 'onStartupFinished'
2024-06-11 00:11:44.906 [info] ExtensionService#_doActivateExtension drcika.apc-extension, startup: false, activationEvent: 'onStartupFinished'
2024-06-11 00:11:45.221 [info] ExtensionService#_doActivateExtension eamodio.gitlens, startup: false, activationEvent: 'onStartupFinished'
2024-06-11 00:11:45.639 [info] ExtensionService#_doActivateExtension ecmel.vscode-html-css, startup: false, activationEvent: 'onStartupFinished'
2024-06-11 00:11:45.872 [info] ExtensionService#_doActivateExtension esbenp.prettier-vscode, startup: false, activationEvent: 'onStartupFinished'
2024-06-11 00:11:46.776 [info] ExtensionService#_doActivateExtension formulahendry.code-runner, startup: false, activationEvent: 'onStartupFinished'
2024-06-11 00:11:50.537 [info] ExtensionService#_doActivateExtension vscode.github-authentication, startup: false, activationEvent: 'onStartupFinished', root cause: GitHub.vscode-pull-request-github
2024-06-11 00:11:51.079 [info] ExtensionService#_doActivateExtension ms-vscode-remote.remote-containers, startup: false, activationEvent: 'onStartupFinished'
2024-06-11 00:11:51.536 [info] ExtensionService#_doActivateExtension ms-vscode-remote.remote-wsl, startup: false, activationEvent: 'onStartupFinished'
2024-06-11 00:11:51.738 [info] ExtensionService#_doActivateExtension ritwickdey.LiveServer, startup: false, activationEvent: 'onStartupFinished'
2024-06-11 00:11:52.146 [info] ExtensionService#_doActivateExtension vadimcn.vscode-lldb, startup: false, activationEvent: 'onStartupFinished'
2024-06-11 00:11:53.935 [info] ExtensionService#_doActivateExtension vscode.git, startup: true, activationEvent: '*'
2024-06-11 00:11:54.411 [info] ExtensionService#_doActivateExtension vscode.github, startup: true, activationEvent: '*'
2024-06-11 00:11:56.089 [info] ExtensionService#_doActivateExtension ms-vsliveshare.vsliveshare, startup: false, activationEvent: 'api', root cause: eamodio.gitlens
2024-06-11 00:11:58.219 [info] ExtensionService#_doActivateExtension GitHub.vscode-pull-request-github, startup: false, activationEvent: 'onStartupFinished'
2024-06-11 00:11:59.227 [info] ExtensionService#_doActivateExtension vscode.json-language-features, startup: false, activationEvent: 'onLanguage:jsonc'
2024-06-11 00:12:00.356 [info] Eager extensions activated
2024-06-11 01:12:40.104 [info] Extension host terminating: renderer closed the MessagePort
2024-06-11 01:12:40.241 [error] Canceled: Canceled
    at new A (/opt/visual-studio-code/resources/app/out/vs/workbench/api/node/extensionHostProcess.js:143:50615)
    at E.U (/opt/visual-studio-code/resources/app/out/vs/workbench/api/node/extensionHostProcess.js:150:6007)
    at Proxy.z.<computed>.M.charCodeAt.R.CharCode.DollarSign.z.<computed> (/opt/visual-studio-code/resources/app/out/vs/workbench/api/node/extensionHostProcess.js:150:3091)
    at h.g (/opt/visual-studio-code/resources/app/out/vs/workbench/api/node/extensionHostProcess.js:153:199937)
    at h.executeCommand (/opt/visual-studio-code/resources/app/out/vs/workbench/api/node/extensionHostProcess.js:153:199375)
    at I.registerCommand.description (/opt/visual-studio-code/resources/app/out/vs/workbench/api/node/extensionHostProcess.js:153:198699)
    at h (/opt/visual-studio-code/resources/app/out/vs/workbench/api/node/extensionHostProcess.js:153:200476)
    at h.g (/opt/visual-studio-code/resources/app/out/vs/workbench/api/node/extensionHostProcess.js:153:199468)
    at h.executeCommand (/opt/visual-studio-code/resources/app/out/vs/workbench/api/node/extensionHostProcess.js:153:199375)
    at Object.executeCommand (/opt/visual-studio-code/resources/app/out/vs/workbench/api/node/extensionHostProcess.js:163:22742)
    at w (/home/jeet/.vscode/extensions/eamodio.gitlens-15.1.0/dist/gitlens.js:1453:39714)
    at c (/home/jeet/.vscode/extensions/eamodio.gitlens-15.1.0/dist/gitlens.js:1453:44753)
    at ActionRunners._updateContextKeys (/home/jeet/.vscode/extensions/eamodio.gitlens-15.1.0/dist/gitlens.js:1099:18425)
    at s (/home/jeet/.vscode/extensions/eamodio.gitlens-15.1.0/dist/gitlens.js:1099:16869)
    at RegisteredActionRunner.unregister (/home/jeet/.vscode/extensions/eamodio.gitlens-15.1.0/dist/gitlens.js:1099:17012)
    at RegisteredActionRunner.dispose (/home/jeet/.vscode/extensions/eamodio.gitlens-15.1.0/dist/gitlens.js:1099:15665)
    at ActionRunners.dispose (/home/jeet/.vscode/extensions/eamodio.gitlens-15.1.0/dist/gitlens.js:1099:16452)
    at /home/jeet/.vscode/extensions/eamodio.gitlens-15.1.0/dist/gitlens.js:1412:20105
    at Array.forEach (<anonymous>)
    at Object.dispose (/home/jeet/.vscode/extensions/eamodio.gitlens-15.1.0/dist/gitlens.js:1412:20087)
    at f (/opt/visual-studio-code/resources/app/out/vs/workbench/api/node/extensionHostProcess.js:30:744)
    at u.eb (/opt/visual-studio-code/resources/app/out/vs/workbench/api/node/extensionHostProcess.js:159:9991)
    at /opt/visual-studio-code/resources/app/out/vs/workbench/api/node/extensionHostProcess.js:159:7867
    at Array.map (<anonymous>)
    at u.$ (/opt/visual-studio-code/resources/app/out/vs/workbench/api/node/extensionHostProcess.js:159:7854)
    at u.terminate (/opt/visual-studio-code/resources/app/out/vs/workbench/api/node/extensionHostProcess.js:159:8127)
    at f.terminate (/opt/visual-studio-code/resources/app/out/vs/workbench/api/node/extensionHostProcess.js:163:1513)
    at t (/opt/visual-studio-code/resources/app/out/vs/workbench/api/node/extensionHostProcess.js:176:10459)
    at MessagePortMain.<anonymous> (/opt/visual-studio-code/resources/app/out/vs/workbench/api/node/extensionHostProcess.js:176:6675)
    at MessagePortMain.emit (node:events:514:28)
    at Object.MessagePortMain._internalPort.emit (node:electron/js2c/utility_init:2:2285) setContext undefined
2024-06-11 01:12:40.242 [error] Canceled: Canceled
    at new A (/opt/visual-studio-code/resources/app/out/vs/workbench/api/node/extensionHostProcess.js:143:50615)
    at E.U (/opt/visual-studio-code/resources/app/out/vs/workbench/api/node/extensionHostProcess.js:150:6007)
    at Proxy.z.<computed>.M.charCodeAt.R.CharCode.DollarSign.z.<computed> (/opt/visual-studio-code/resources/app/out/vs/workbench/api/node/extensionHostProcess.js:150:3091)
    at h.g (/opt/visual-studio-code/resources/app/out/vs/workbench/api/node/extensionHostProcess.js:153:199937)
    at h.executeCommand (/opt/visual-studio-code/resources/app/out/vs/workbench/api/node/extensionHostProcess.js:153:199375)
    at I.registerCommand.description (/opt/visual-studio-code/resources/app/out/vs/workbench/api/node/extensionHostProcess.js:153:198699)
    at h (/opt/visual-studio-code/resources/app/out/vs/workbench/api/node/extensionHostProcess.js:153:200476)
    at h.g (/opt/visual-studio-code/resources/app/out/vs/workbench/api/node/extensionHostProcess.js:153:199468)
    at h.executeCommand (/opt/visual-studio-code/resources/app/out/vs/workbench/api/node/extensionHostProcess.js:153:199375)
    at Object.executeCommand (/opt/visual-studio-code/resources/app/out/vs/workbench/api/node/extensionHostProcess.js:163:22742)
    at w (/home/jeet/.vscode/extensions/eamodio.gitlens-15.1.0/dist/gitlens.js:1453:39714)
    at c (/home/jeet/.vscode/extensions/eamodio.gitlens-15.1.0/dist/gitlens.js:1453:44753)
    at ActionRunners._updateContextKeys (/home/jeet/.vscode/extensions/eamodio.gitlens-15.1.0/dist/gitlens.js:1099:18425)
    at s (/home/jeet/.vscode/extensions/eamodio.gitlens-15.1.0/dist/gitlens.js:1099:16869)
    at RegisteredActionRunner.unregister (/home/jeet/.vscode/extensions/eamodio.gitlens-15.1.0/dist/gitlens.js:1099:17012)
    at RegisteredActionRunner.dispose (/home/jeet/.vscode/extensions/eamodio.gitlens-15.1.0/dist/gitlens.js:1099:15665)
    at ActionRunners.dispose (/home/jeet/.vscode/extensions/eamodio.gitlens-15.1.0/dist/gitlens.js:1099:16452)
    at /home/jeet/.vscode/extensions/eamodio.gitlens-15.1.0/dist/gitlens.js:1412:20105
    at Array.forEach (<anonymous>)
    at Object.dispose (/home/jeet/.vscode/extensions/eamodio.gitlens-15.1.0/dist/gitlens.js:1412:20087)
    at f (/opt/visual-studio-code/resources/app/out/vs/workbench/api/node/extensionHostProcess.js:30:744)
    at u.eb (/opt/visual-studio-code/resources/app/out/vs/workbench/api/node/extensionHostProcess.js:159:9991)
    at /opt/visual-studio-code/resources/app/out/vs/workbench/api/node/extensionHostProcess.js:159:7867
    at Array.map (<anonymous>)
    at u.$ (/opt/visual-studio-code/resources/app/out/vs/workbench/api/node/extensionHostProcess.js:159:7854)
    at u.terminate (/opt/visual-studio-code/resources/app/out/vs/workbench/api/node/extensionHostProcess.js:159:8127)
    at f.terminate (/opt/visual-studio-code/resources/app/out/vs/workbench/api/node/extensionHostProcess.js:163:1513)
    at t (/opt/visual-studio-code/resources/app/out/vs/workbench/api/node/extensionHostProcess.js:176:10459)
    at MessagePortMain.<anonymous> (/opt/visual-studio-code/resources/app/out/vs/workbench/api/node/extensionHostProcess.js:176:6675)
    at MessagePortMain.emit (node:events:514:28)
    at Object.MessagePortMain._internalPort.emit (node:electron/js2c/utility_init:2:2285) setContext undefined
2024-06-11 01:12:40.244 [error] Canceled: Canceled
    at new A (/opt/visual-studio-code/resources/app/out/vs/workbench/api/node/extensionHostProcess.js:143:50615)
    at E.U (/opt/visual-studio-code/resources/app/out/vs/workbench/api/node/extensionHostProcess.js:150:6007)
    at Proxy.z.<computed>.M.charCodeAt.R.CharCode.DollarSign.z.<computed> (/opt/visual-studio-code/resources/app/out/vs/workbench/api/node/extensionHostProcess.js:150:3091)
    at h.g (/opt/visual-studio-code/resources/app/out/vs/workbench/api/node/extensionHostProcess.js:153:199937)
    at h.executeCommand (/opt/visual-studio-code/resources/app/out/vs/workbench/api/node/extensionHostProcess.js:153:199375)
    at I.registerCommand.description (/opt/visual-studio-code/resources/app/out/vs/workbench/api/node/extensionHostProcess.js:153:198699)
    at h (/opt/visual-studio-code/resources/app/out/vs/workbench/api/node/extensionHostProcess.js:153:200476)
    at h.g (/opt/visual-studio-code/resources/app/out/vs/workbench/api/node/extensionHostProcess.js:153:199468)
    at h.executeCommand (/opt/visual-studio-code/resources/app/out/vs/workbench/api/node/extensionHostProcess.js:153:199375)
    at Object.executeCommand (/opt/visual-studio-code/resources/app/out/vs/workbench/api/node/extensionHostProcess.js:163:22742)
    at w (/home/jeet/.vscode/extensions/eamodio.gitlens-15.1.0/dist/gitlens.js:1453:39714)
    at c (/home/jeet/.vscode/extensions/eamodio.gitlens-15.1.0/dist/gitlens.js:1453:44753)
    at ActionRunners._updateContextKeys (/home/jeet/.vscode/extensions/eamodio.gitlens-15.1.0/dist/gitlens.js:1099:18425)
    at s (/home/jeet/.vscode/extensions/eamodio.gitlens-15.1.0/dist/gitlens.js:1099:16869)
    at RegisteredActionRunner.unregister (/home/jeet/.vscode/extensions/eamodio.gitlens-15.1.0/dist/gitlens.js:1099:17012)
    at RegisteredActionRunner.dispose (/home/jeet/.vscode/extensions/eamodio.gitlens-15.1.0/dist/gitlens.js:1099:15665)
    at Object.dispose (/home/jeet/.vscode/extensions/eamodio.gitlens-15.1.0/dist/gitlens.js:1099:17106)
    at f (/opt/visual-studio-code/resources/app/out/vs/workbench/api/node/extensionHostProcess.js:30:744)
    at u.eb (/opt/visual-studio-code/resources/app/out/vs/workbench/api/node/extensionHostProcess.js:159:9991)
    at /opt/visual-studio-code/resources/app/out/vs/workbench/api/node/extensionHostProcess.js:159:7867
    at Array.map (<anonymous>)
    at u.$ (/opt/visual-studio-code/resources/app/out/vs/workbench/api/node/extensionHostProcess.js:159:7854)
    at u.terminate (/opt/visual-studio-code/resources/app/out/vs/workbench/api/node/extensionHostProcess.js:159:8127)
    at f.terminate (/opt/visual-studio-code/resources/app/out/vs/workbench/api/node/extensionHostProcess.js:163:1513)
    at t (/opt/visual-studio-code/resources/app/out/vs/workbench/api/node/extensionHostProcess.js:176:10459)
    at MessagePortMain.<anonymous> (/opt/visual-studio-code/resources/app/out/vs/workbench/api/node/extensionHostProcess.js:176:6675)
    at MessagePortMain.emit (node:events:514:28)
    at Object.MessagePortMain._internalPort.emit (node:electron/js2c/utility_init:2:2285) setContext undefined
2024-06-11 01:12:40.245 [error] Canceled: Canceled
    at new A (/opt/visual-studio-code/resources/app/out/vs/workbench/api/node/extensionHostProcess.js:143:50615)
    at E.U (/opt/visual-studio-code/resources/app/out/vs/workbench/api/node/extensionHostProcess.js:150:6007)
    at Proxy.z.<computed>.M.charCodeAt.R.CharCode.DollarSign.z.<computed> (/opt/visual-studio-code/resources/app/out/vs/workbench/api/node/extensionHostProcess.js:150:3091)
    at h.g (/opt/visual-studio-code/resources/app/out/vs/workbench/api/node/extensionHostProcess.js:153:199937)
    at h.executeCommand (/opt/visual-studio-code/resources/app/out/vs/workbench/api/node/extensionHostProcess.js:153:199375)
    at I.registerCommand.description (/opt/visual-studio-code/resources/app/out/vs/workbench/api/node/extensionHostProcess.js:153:198699)
    at h (/opt/visual-studio-code/resources/app/out/vs/workbench/api/node/extensionHostProcess.js:153:200476)
    at h.g (/opt/visual-studio-code/resources/app/out/vs/workbench/api/node/extensionHostProcess.js:153:199468)
    at h.executeCommand (/opt/visual-studio-code/resources/app/out/vs/workbench/api/node/extensionHostProcess.js:153:199375)
    at Object.executeCommand (/opt/visual-studio-code/resources/app/out/vs/workbench/api/node/extensionHostProcess.js:163:22742)
    at q2.reset (/home/jeet/.vscode/extensions/github.vscode-pull-request-github-0.88.1/dist/extension.js:2188:8858)
    at q2.dispose (/home/jeet/.vscode/extensions/github.vscode-pull-request-github-0.88.1/dist/extension.js:2188:9129)
    at f (/opt/visual-studio-code/resources/app/out/vs/workbench/api/node/extensionHostProcess.js:30:744)
    at u.eb (/opt/visual-studio-code/resources/app/out/vs/workbench/api/node/extensionHostProcess.js:159:9991)
    at /opt/visual-studio-code/resources/app/out/vs/workbench/api/node/extensionHostProcess.js:159:7867
    at Array.map (<anonymous>)
    at u.$ (/opt/visual-studio-code/resources/app/out/vs/workbench/api/node/extensionHostProcess.js:159:7854)
    at u.terminate (/opt/visual-studio-code/resources/app/out/vs/workbench/api/node/extensionHostProcess.js:159:8127)
    at f.terminate (/opt/visual-studio-code/resources/app/out/vs/workbench/api/node/extensionHostProcess.js:163:1513)
    at t (/opt/visual-studio-code/resources/app/out/vs/workbench/api/node/extensionHostProcess.js:176:10459)
    at MessagePortMain.<anonymous> (/opt/visual-studio-code/resources/app/out/vs/workbench/api/node/extensionHostProcess.js:176:6675)
    at MessagePortMain.emit (node:events:514:28)
    at Object.MessagePortMain._internalPort.emit (node:electron/js2c/utility_init:2:2285) setContext undefined
2024-06-11 01:12:40.258 [info] Extension host with pid 9074 exiting with code 0
