2024-06-09 16:17:30.510 [warning] [remote-ssh]: Couldn't find message for key setting.usseExecServer.description.
2024-06-09 16:17:30.528 [warning] [remote-ssh]: Couldn't find message for key setting.usseExecServer.description.
2024-06-09 16:17:30.543 [warning] [remote-ssh]: Couldn't find message for key setting.usseExecServer.description.
2024-06-09 16:17:30.562 [warning] [remote-ssh]: Couldn't find message for key setting.usseExecServer.description.
2024-06-09 16:17:30.586 [warning] [remote-ssh]: Couldn't find message for key setting.usseExecServer.description.
2024-06-09 16:17:30.694 [warning] [remote-ssh]: Couldn't find message for key setting.usseExecServer.description.
2024-06-09 16:17:30.747 [warning] [remote-ssh]: Couldn't find message for key setting.usseExecServer.description.
2024-06-09 16:17:30.759 [warning] [remote-ssh]: Couldn't find message for key setting.usseExecServer.description.
2024-06-09 16:17:30.809 [warning] [remote-ssh]: Couldn't find message for key setting.usseExecServer.description.
2024-06-09 16:17:31.576 [warning] [remote-ssh]: Couldn't find message for key setting.usseExecServer.description.
2024-06-09 16:17:31.939 [warning] [remote-ssh]: Couldn't find message for key setting.usseExecServer.description.
2024-06-09 16:17:32.019 [warning] [remote-ssh]: Couldn't find message for key setting.usseExecServer.description.
2024-06-09 16:17:32.462 [warning] [remote-ssh]: Couldn't find message for key setting.usseExecServer.description.
2024-06-09 16:17:33.125 [warning] [remote-ssh]: Couldn't find message for key setting.usseExecServer.description.
2024-06-09 16:17:33.178 [warning] [remote-ssh]: Couldn't find message for key setting.usseExecServer.description.
2024-06-09 16:17:33.470 [warning] [remote-ssh]: Couldn't find message for key setting.usseExecServer.description.
2024-06-09 16:17:33.514 [warning] [remote-ssh]: Couldn't find message for key setting.usseExecServer.description.
2024-06-09 16:17:33.722 [warning] [remote-ssh]: Couldn't find message for key setting.usseExecServer.description.
2024-06-09 16:17:34.056 [warning] [remote-ssh]: Couldn't find message for key setting.usseExecServer.description.
2024-06-09 16:17:37.311 [info] Getting Manifest... eamodio.gitlens
2024-06-09 16:17:37.450 [info] Installing extension: eamodio.gitlens vscode-userdata:/home/jeet/.vscode/extensions/extensions.json
2024-06-09 16:17:37.621 [warning] [remote-ssh]: Couldn't find message for key setting.usseExecServer.description.
2024-06-09 16:17:37.791 [warning] [remote-ssh]: Couldn't find message for key setting.usseExecServer.description.
2024-06-09 16:17:37.962 [warning] [remote-ssh]: Couldn't find message for key setting.usseExecServer.description.
2024-06-09 16:17:44.561 [info] Extension signature verification result for eamodio.gitlens: UnknownError. Executed: true. Duration: 2359ms.
2024-06-09 16:17:45.308 [info] Extracted extension to file:///home/jeet/.vscode/extensions/eamodio.gitlens-15.1.0: eamodio.gitlens
2024-06-09 16:17:45.517 [info] Renamed to /home/jeet/.vscode/extensions/eamodio.gitlens-15.1.0
2024-06-09 16:17:45.862 [info] Marked extension as uninstalled eamodio.gitlens-15.0.4
2024-06-09 16:17:45.896 [warning] [remote-ssh]: Couldn't find message for key setting.usseExecServer.description.
2024-06-09 16:17:45.971 [info] Extension installed successfully: eamodio.gitlens vscode-userdata:/home/jeet/.vscode/extensions/extensions.json
2024-06-09 16:17:46.510 [warning] [remote-ssh]: Couldn't find message for key setting.usseExecServer.description.
2024-06-09 16:17:46.746 [warning] [remote-ssh]: Couldn't find message for key setting.usseExecServer.description.
2024-06-09 16:17:49.256 [warning] [remote-ssh]: Couldn't find message for key setting.usseExecServer.description.
2024-06-09 16:18:23.013 [warning] [remote-ssh]: Couldn't find message for key setting.usseExecServer.description.
2024-06-09 16:22:33.714 [warning] [remote-ssh]: Couldn't find message for key setting.usseExecServer.description.
2024-06-09 16:23:23.708 [warning] [remote-ssh]: Couldn't find message for key setting.usseExecServer.description.
2024-06-09 16:27:33.896 [warning] [remote-ssh]: Couldn't find message for key setting.usseExecServer.description.
2024-06-09 16:28:24.375 [warning] [remote-ssh]: Couldn't find message for key setting.usseExecServer.description.
2024-06-09 16:32:34.134 [warning] [remote-ssh]: Couldn't find message for key setting.usseExecServer.description.
2024-06-09 16:33:24.991 [warning] [remote-ssh]: Couldn't find message for key setting.usseExecServer.description.
2024-06-09 16:37:34.381 [warning] [remote-ssh]: Couldn't find message for key setting.usseExecServer.description.
2024-06-09 16:38:25.824 [warning] [remote-ssh]: Couldn't find message for key setting.usseExecServer.description.
2024-06-09 16:42:34.591 [warning] [remote-ssh]: Couldn't find message for key setting.usseExecServer.description.
2024-06-09 16:43:26.684 [warning] [remote-ssh]: Couldn't find message for key setting.usseExecServer.description.
2024-06-09 16:47:34.798 [warning] [remote-ssh]: Couldn't find message for key setting.usseExecServer.description.
2024-06-09 16:48:27.410 [warning] [remote-ssh]: Couldn't find message for key setting.usseExecServer.description.
2024-06-09 16:52:34.983 [warning] [remote-ssh]: Couldn't find message for key setting.usseExecServer.description.
2024-06-09 16:53:27.985 [warning] [remote-ssh]: Couldn't find message for key setting.usseExecServer.description.
2024-06-09 16:57:35.206 [warning] [remote-ssh]: Couldn't find message for key setting.usseExecServer.description.
2024-06-09 16:58:28.622 [warning] [remote-ssh]: Couldn't find message for key setting.usseExecServer.description.
2024-06-09 17:25:40.213 [warning] [remote-ssh]: Couldn't find message for key setting.usseExecServer.description.
2024-06-09 17:25:52.604 [warning] [remote-ssh]: Couldn't find message for key setting.usseExecServer.description.
2024-06-09 17:26:02.622 [warning] [remote-ssh]: Couldn't find message for key setting.usseExecServer.description.
2024-06-09 17:26:02.724 [warning] [remote-ssh]: Couldn't find message for key setting.usseExecServer.description.
2024-06-09 17:26:04.239 [warning] [remote-ssh]: Couldn't find message for key setting.usseExecServer.description.
2024-06-09 17:26:04.335 [warning] [remote-ssh]: Couldn't find message for key setting.usseExecServer.description.
2024-06-09 17:26:04.414 [warning] [remote-ssh]: Couldn't find message for key setting.usseExecServer.description.
2024-06-09 17:26:04.558 [warning] [remote-ssh]: Couldn't find message for key setting.usseExecServer.description.
2024-06-09 17:26:05.612 [warning] [remote-ssh]: Couldn't find message for key setting.usseExecServer.description.
2024-06-09 17:26:06.093 [warning] [remote-ssh]: Couldn't find message for key setting.usseExecServer.description.
2024-06-09 17:26:06.722 [warning] [remote-ssh]: Couldn't find message for key setting.usseExecServer.description.
2024-06-09 17:26:07.124 [warning] [remote-ssh]: Couldn't find message for key setting.usseExecServer.description.
2024-06-09 17:26:07.197 [warning] [remote-ssh]: Couldn't find message for key setting.usseExecServer.description.
2024-06-09 17:26:07.659 [warning] [remote-ssh]: Couldn't find message for key setting.usseExecServer.description.
2024-06-09 17:26:07.913 [warning] [remote-ssh]: Couldn't find message for key setting.usseExecServer.description.
2024-06-09 17:26:08.250 [warning] [remote-ssh]: Couldn't find message for key setting.usseExecServer.description.
2024-06-09 17:26:08.589 [warning] [remote-ssh]: Couldn't find message for key setting.usseExecServer.description.
2024-06-09 17:26:08.666 [warning] [remote-ssh]: Couldn't find message for key setting.usseExecServer.description.
2024-06-09 17:26:08.709 [warning] [remote-ssh]: Couldn't find message for key setting.usseExecServer.description.
2024-06-09 17:26:09.138 [warning] [remote-ssh]: Couldn't find message for key setting.usseExecServer.description.
2024-06-09 17:26:10.160 [warning] [remote-ssh]: Couldn't find message for key setting.usseExecServer.description.
2024-06-09 17:26:46.218 [warning] [remote-ssh]: Couldn't find message for key setting.usseExecServer.description.
2024-06-09 17:27:07.704 [warning] [remote-ssh]: Couldn't find message for key setting.usseExecServer.description.
2024-06-09 17:27:24.083 [warning] [remote-ssh]: Couldn't find message for key setting.usseExecServer.description.
2024-06-09 17:27:27.343 [warning] [remote-ssh]: Couldn't find message for key setting.usseExecServer.description.
2024-06-09 17:27:27.403 [warning] [remote-ssh]: Couldn't find message for key setting.usseExecServer.description.
2024-06-09 17:27:27.963 [warning] [remote-ssh]: Couldn't find message for key setting.usseExecServer.description.
2024-06-09 17:27:28.573 [warning] [remote-ssh]: Couldn't find message for key setting.usseExecServer.description.
2024-06-09 17:27:29.921 [warning] [remote-ssh]: Couldn't find message for key setting.usseExecServer.description.
2024-06-09 17:27:34.242 [warning] [remote-ssh]: Couldn't find message for key setting.usseExecServer.description.
2024-06-09 17:27:34.604 [warning] [remote-ssh]: Couldn't find message for key setting.usseExecServer.description.
2024-06-09 17:27:35.115 [warning] [remote-ssh]: Couldn't find message for key setting.usseExecServer.description.
2024-06-09 17:27:37.047 [warning] [remote-ssh]: Couldn't find message for key setting.usseExecServer.description.
2024-06-09 17:27:37.629 [warning] [remote-ssh]: Couldn't find message for key setting.usseExecServer.description.
2024-06-09 17:27:38.459 [warning] [remote-ssh]: Couldn't find message for key setting.usseExecServer.description.
2024-06-09 17:27:39.260 [warning] [remote-ssh]: Couldn't find message for key setting.usseExecServer.description.
2024-06-09 17:27:39.678 [warning] [remote-ssh]: Couldn't find message for key setting.usseExecServer.description.
2024-06-09 17:27:39.742 [warning] [remote-ssh]: Couldn't find message for key setting.usseExecServer.description.
2024-06-09 17:27:40.042 [warning] [remote-ssh]: Couldn't find message for key setting.usseExecServer.description.
2024-06-09 17:29:01.074 [warning] [remote-ssh]: Couldn't find message for key setting.usseExecServer.description.
2024-06-09 17:29:28.643 [warning] [remote-ssh]: Couldn't find message for key setting.usseExecServer.description.
2024-06-09 17:30:12.462 [warning] [remote-ssh]: Couldn't find message for key setting.usseExecServer.description.
2024-06-09 17:30:55.754 [warning] [remote-ssh]: Couldn't find message for key setting.usseExecServer.description.
2024-06-09 17:31:22.714 [warning] [remote-ssh]: Couldn't find message for key setting.usseExecServer.description.
2024-06-09 17:32:40.004 [warning] [remote-ssh]: Couldn't find message for key setting.usseExecServer.description.
2024-06-09 17:33:11.158 [warning] [remote-ssh]: Couldn't find message for key setting.usseExecServer.description.
2024-06-09 17:34:13.740 [warning] [remote-ssh]: Couldn't find message for key setting.usseExecServer.description.
2024-06-09 17:34:30.944 [warning] [remote-ssh]: Couldn't find message for key setting.usseExecServer.description.
2024-06-09 17:34:31.023 [warning] [remote-ssh]: Couldn't find message for key setting.usseExecServer.description.
2024-06-09 17:34:33.518 [warning] [remote-ssh]: Couldn't find message for key setting.usseExecServer.description.
2024-06-09 17:35:26.293 [warning] [remote-ssh]: Couldn't find message for key setting.usseExecServer.description.
2024-06-09 17:35:52.257 [warning] [remote-ssh]: Couldn't find message for key setting.usseExecServer.description.
2024-06-09 17:36:14.678 [warning] [remote-ssh]: Couldn't find message for key setting.usseExecServer.description.
2024-06-09 17:37:38.462 [warning] [remote-ssh]: Couldn't find message for key setting.usseExecServer.description.
2024-06-09 17:37:40.210 [warning] [remote-ssh]: Couldn't find message for key setting.usseExecServer.description.
2024-06-09 17:37:51.422 [warning] [remote-ssh]: Couldn't find message for key setting.usseExecServer.description.
2024-06-09 17:38:07.438 [warning] [remote-ssh]: Couldn't find message for key setting.usseExecServer.description.
2024-06-09 17:38:20.855 [warning] [remote-ssh]: Couldn't find message for key setting.usseExecServer.description.
2024-06-09 17:39:04.747 [warning] [remote-ssh]: Couldn't find message for key setting.usseExecServer.description.
2024-06-09 17:39:17.401 [warning] [remote-ssh]: Couldn't find message for key setting.usseExecServer.description.
2024-06-09 17:39:40.191 [warning] [remote-ssh]: Couldn't find message for key setting.usseExecServer.description.
2024-06-09 17:41:03.443 [warning] [remote-ssh]: Couldn't find message for key setting.usseExecServer.description.
2024-06-09 17:41:32.636 [warning] [remote-ssh]: Couldn't find message for key setting.usseExecServer.description.
2024-06-09 17:41:53.161 [warning] [remote-ssh]: Couldn't find message for key setting.usseExecServer.description.
2024-06-09 17:42:15.923 [warning] [remote-ssh]: Couldn't find message for key setting.usseExecServer.description.
2024-06-09 17:42:29.316 [warning] [remote-ssh]: Couldn't find message for key setting.usseExecServer.description.
2024-06-09 17:42:40.454 [warning] [remote-ssh]: Couldn't find message for key setting.usseExecServer.description.
2024-06-09 17:43:32.353 [warning] [remote-ssh]: Couldn't find message for key setting.usseExecServer.description.
2024-06-09 17:45:48.394 [warning] [remote-ssh]: Couldn't find message for key setting.usseExecServer.description.
2024-06-09 17:46:23.711 [warning] [remote-ssh]: Couldn't find message for key setting.usseExecServer.description.
2024-06-09 17:46:50.384 [warning] [remote-ssh]: Couldn't find message for key setting.usseExecServer.description.
2024-06-09 17:47:25.988 [warning] [remote-ssh]: Couldn't find message for key setting.usseExecServer.description.
2024-06-09 17:47:40.703 [warning] [remote-ssh]: Couldn't find message for key setting.usseExecServer.description.
2024-06-09 17:49:35.308 [warning] [remote-ssh]: Couldn't find message for key setting.usseExecServer.description.
2024-06-09 17:51:10.015 [warning] [remote-ssh]: Couldn't find message for key setting.usseExecServer.description.
2024-06-09 17:51:48.877 [warning] [remote-ssh]: Couldn't find message for key setting.usseExecServer.description.
2024-06-09 17:52:40.973 [warning] [remote-ssh]: Couldn't find message for key setting.usseExecServer.description.
2024-06-09 17:53:44.575 [warning] [remote-ssh]: Couldn't find message for key setting.usseExecServer.description.
2024-06-09 17:54:14.341 [warning] [remote-ssh]: Couldn't find message for key setting.usseExecServer.description.
2024-06-09 17:54:20.650 [warning] [remote-ssh]: Couldn't find message for key setting.usseExecServer.description.
2024-06-09 17:54:29.742 [warning] [remote-ssh]: Couldn't find message for key setting.usseExecServer.description.
2024-06-09 17:55:35.357 [warning] [remote-ssh]: Couldn't find message for key setting.usseExecServer.description.
2024-06-09 17:56:02.018 [warning] [remote-ssh]: Couldn't find message for key setting.usseExecServer.description.
2024-06-09 17:57:41.182 [warning] [remote-ssh]: Couldn't find message for key setting.usseExecServer.description.
2024-06-09 18:01:02.844 [warning] [remote-ssh]: Couldn't find message for key setting.usseExecServer.description.
2024-06-09 18:02:41.431 [warning] [remote-ssh]: Couldn't find message for key setting.usseExecServer.description.
2024-06-09 18:06:03.622 [warning] [remote-ssh]: Couldn't find message for key setting.usseExecServer.description.
2024-06-09 18:07:41.646 [warning] [remote-ssh]: Couldn't find message for key setting.usseExecServer.description.
2024-06-09 18:11:04.387 [warning] [remote-ssh]: Couldn't find message for key setting.usseExecServer.description.
2024-06-09 18:12:41.983 [warning] [remote-ssh]: Couldn't find message for key setting.usseExecServer.description.
2024-06-09 18:16:04.960 [warning] [remote-ssh]: Couldn't find message for key setting.usseExecServer.description.
2024-06-09 18:17:42.189 [warning] [remote-ssh]: Couldn't find message for key setting.usseExecServer.description.
2024-06-09 18:21:05.537 [warning] [remote-ssh]: Couldn't find message for key setting.usseExecServer.description.
2024-06-09 18:22:42.393 [warning] [remote-ssh]: Couldn't find message for key setting.usseExecServer.description.
2024-06-09 18:26:06.113 [warning] [remote-ssh]: Couldn't find message for key setting.usseExecServer.description.
2024-06-09 18:27:42.576 [warning] [remote-ssh]: Couldn't find message for key setting.usseExecServer.description.
2024-06-09 18:31:06.784 [warning] [remote-ssh]: Couldn't find message for key setting.usseExecServer.description.
2024-06-09 18:32:42.780 [warning] [remote-ssh]: Couldn't find message for key setting.usseExecServer.description.
2024-06-09 18:36:07.429 [warning] [remote-ssh]: Couldn't find message for key setting.usseExecServer.description.
2024-06-09 18:37:43.006 [warning] [remote-ssh]: Couldn't find message for key setting.usseExecServer.description.
2024-06-09 18:41:08.004 [warning] [remote-ssh]: Couldn't find message for key setting.usseExecServer.description.
2024-06-09 18:42:43.208 [warning] [remote-ssh]: Couldn't find message for key setting.usseExecServer.description.
2024-06-09 18:46:08.593 [warning] [remote-ssh]: Couldn't find message for key setting.usseExecServer.description.
2024-06-09 18:47:43.397 [warning] [remote-ssh]: Couldn't find message for key setting.usseExecServer.description.
2024-06-09 19:35:49.400 [warning] [remote-ssh]: Couldn't find message for key setting.usseExecServer.description.
2024-06-09 19:37:23.828 [warning] [remote-ssh]: Couldn't find message for key setting.usseExecServer.description.
2024-06-09 19:38:37.712 [warning] [remote-ssh]: Couldn't find message for key setting.usseExecServer.description.
2024-06-09 19:42:24.012 [warning] [remote-ssh]: Couldn't find message for key setting.usseExecServer.description.
2024-06-09 19:43:38.311 [warning] [remote-ssh]: Couldn't find message for key setting.usseExecServer.description.
2024-06-09 19:47:24.225 [warning] [remote-ssh]: Couldn't find message for key setting.usseExecServer.description.
2024-06-09 19:48:39.147 [warning] [remote-ssh]: Couldn't find message for key setting.usseExecServer.description.
2024-06-09 19:52:25.284 [warning] [remote-ssh]: Couldn't find message for key setting.usseExecServer.description.
2024-06-09 19:53:40.624 [warning] [remote-ssh]: Couldn't find message for key setting.usseExecServer.description.
2024-06-09 19:57:25.513 [warning] [remote-ssh]: Couldn't find message for key setting.usseExecServer.description.
2024-06-09 19:58:41.258 [warning] [remote-ssh]: Couldn't find message for key setting.usseExecServer.description.
2024-06-09 20:02:25.686 [warning] [remote-ssh]: Couldn't find message for key setting.usseExecServer.description.
2024-06-09 20:03:42.057 [warning] [remote-ssh]: Couldn't find message for key setting.usseExecServer.description.
2024-06-09 20:07:25.925 [warning] [remote-ssh]: Couldn't find message for key setting.usseExecServer.description.
2024-06-09 20:08:42.849 [warning] [remote-ssh]: Couldn't find message for key setting.usseExecServer.description.
2024-06-09 20:12:26.346 [warning] [remote-ssh]: Couldn't find message for key setting.usseExecServer.description.
2024-06-09 20:13:43.428 [warning] [remote-ssh]: Couldn't find message for key setting.usseExecServer.description.
2024-06-09 20:17:26.558 [warning] [remote-ssh]: Couldn't find message for key setting.usseExecServer.description.
