2024-06-09 16:17:26.831 [info] Using settings sync service https://vscode-sync.trafficmanager.net/
2024-06-09 16:17:26.831 [info] Auto Sync is enabled.
2024-06-09 16:17:26.831 [info] Auto Sync: Suspended until auth token is available.
2024-06-09 16:17:31.447 [info] Deleting non existing profile from backup /home/jeet/.config/Code/User/sync/extensions
2024-06-09 16:17:31.611 [info] Deleting non existing profile from backup /home/jeet/.config/Code/User/sync/globalState
2024-06-09 16:17:31.940 [info] Deleting non existing profile from backup /home/jeet/.config/Code/User/sync/keybindings
2024-06-09 16:17:31.942 [info] Deleting non existing profile from backup /home/jeet/.config/Code/User/sync/profiles
2024-06-09 16:17:31.965 [info] Deleting non existing profile from backup /home/jeet/.config/Code/User/sync/settings
2024-06-09 16:17:31.966 [info] Deleting non existing profile from backup /home/jeet/.config/Code/User/sync/snippets
2024-06-09 16:17:31.966 [info] Deleting non existing profile from backup /home/jeet/.config/Code/User/sync/tasks
2024-06-09 16:17:40.675 [info] Auto Sync: Triggered by Interval
2024-06-09 16:17:40.675 [info] Sync started.
2024-06-09 16:17:41.789 [info] Settings: Last sync resource does not exist locally.
2024-06-09 16:17:42.551 [info] Settings: No changes found during synchronizing settings.
2024-06-09 16:17:42.554 [info] Keybindings: Last sync resource does not exist locally.
2024-06-09 16:17:42.867 [info] Keybindings: No changes found during synchronizing keybindings.
2024-06-09 16:17:42.870 [info] Snippets: Last sync resource does not exist locally.
2024-06-09 16:17:43.141 [info] Snippets: No changes found during synchronizing snippets.
2024-06-09 16:17:43.143 [info] Tasks: Last sync resource does not exist locally.
2024-06-09 16:17:43.503 [info] Tasks: No changes found during synchronizing tasks.
2024-06-09 16:17:43.505 [info] GlobalState: Last sync resource does not exist locally.
2024-06-09 16:17:45.774 [info] GlobalState: Updated remote ui state. Updated: cpp.1.lastSessionDate,cpp.1.sessionCount,java.2.lastSessionDate,java.2.sessionCount,csharp.1.lastSessionDate,csharp.1.sessionCount.
2024-06-09 16:17:46.015 [info] Extensions: Last sync resource does not exist locally.
2024-06-09 16:17:46.041 [info] GlobalState: Updated last synchronized ui state
2024-06-09 16:17:46.044 [info] Extensions: Last sync resource does not exist locally.
2024-06-09 16:17:48.087 [info] Extensions: Updated remote extensions. Updated: ["eamodio.gitlens"].
2024-06-09 16:17:48.546 [info] Extensions: Updated last synchronized extensions.
2024-06-09 16:17:48.549 [info] Profiles: Last sync resource does not exist locally.
2024-06-09 16:17:48.994 [info] Profiles: No changes found during synchronizing profiles.
2024-06-09 16:17:48.997 [info] Sync done. Took 8323ms
2024-06-09 16:17:48.997 [info] Auto Sync: Triggered by Activity
2024-06-09 16:17:48.997 [info] Sync started.
2024-06-09 16:17:49.110 [info] Settings: No changes found during synchronizing settings.
2024-06-09 16:17:49.115 [info] Keybindings: No changes found during synchronizing keybindings.
2024-06-09 16:17:49.120 [info] Snippets: No changes found during synchronizing snippets.
2024-06-09 16:17:49.125 [info] Tasks: No changes found during synchronizing tasks.
2024-06-09 16:17:49.130 [info] GlobalState: No changes found during synchronizing ui state.
2024-06-09 16:17:49.312 [info] Extensions: No changes found during synchronizing extensions.
2024-06-09 16:17:49.314 [info] Profiles: No changes found during synchronizing profiles.
2024-06-09 16:17:49.317 [info] Sync done. Took 319ms
2024-06-09 16:18:22.675 [info] Auto Sync: Triggered by Activity
2024-06-09 16:18:22.675 [info] Sync started.
2024-06-09 16:18:22.791 [info] Settings: No changes found during synchronizing settings.
2024-06-09 16:18:22.796 [info] Keybindings: No changes found during synchronizing keybindings.
2024-06-09 16:18:22.800 [info] Snippets: No changes found during synchronizing snippets.
2024-06-09 16:18:22.805 [info] Tasks: No changes found during synchronizing tasks.
2024-06-09 16:18:22.812 [info] GlobalState: No changes found during synchronizing ui state.
2024-06-09 16:18:23.082 [info] Extensions: No changes found during synchronizing extensions.
2024-06-09 16:18:23.084 [info] Profiles: No changes found during synchronizing profiles.
2024-06-09 16:18:23.086 [info] Sync done. Took 412ms
2024-06-09 16:23:23.120 [info] Auto Sync: Triggered by Interval
2024-06-09 16:23:23.121 [info] Sync started.
2024-06-09 16:23:23.520 [info] Settings: No changes found during synchronizing settings.
2024-06-09 16:23:23.526 [info] Keybindings: No changes found during synchronizing keybindings.
2024-06-09 16:23:23.532 [info] Snippets: No changes found during synchronizing snippets.
2024-06-09 16:23:23.536 [info] Tasks: No changes found during synchronizing tasks.
2024-06-09 16:23:23.545 [info] GlobalState: No changes found during synchronizing ui state.
2024-06-09 16:23:23.769 [info] Extensions: No changes found during synchronizing extensions.
2024-06-09 16:23:23.771 [info] Profiles: No changes found during synchronizing profiles.
2024-06-09 16:23:23.774 [info] Sync done. Took 654ms
2024-06-09 16:28:23.823 [info] Auto Sync: Triggered by Interval
2024-06-09 16:28:23.824 [info] Sync started.
2024-06-09 16:28:24.201 [info] Settings: No changes found during synchronizing settings.
2024-06-09 16:28:24.206 [info] Keybindings: No changes found during synchronizing keybindings.
2024-06-09 16:28:24.210 [info] Snippets: No changes found during synchronizing snippets.
2024-06-09 16:28:24.214 [info] Tasks: No changes found during synchronizing tasks.
2024-06-09 16:28:24.220 [info] GlobalState: No changes found during synchronizing ui state.
2024-06-09 16:28:24.428 [info] Extensions: No changes found during synchronizing extensions.
2024-06-09 16:28:24.430 [info] Profiles: No changes found during synchronizing profiles.
2024-06-09 16:28:24.432 [info] Sync done. Took 609ms
2024-06-09 16:33:24.435 [info] Auto Sync: Triggered by Interval
2024-06-09 16:33:24.436 [info] Sync started.
2024-06-09 16:33:24.818 [info] Settings: No changes found during synchronizing settings.
2024-06-09 16:33:24.823 [info] Keybindings: No changes found during synchronizing keybindings.
2024-06-09 16:33:24.828 [info] Snippets: No changes found during synchronizing snippets.
2024-06-09 16:33:24.831 [info] Tasks: No changes found during synchronizing tasks.
2024-06-09 16:33:24.837 [info] GlobalState: No changes found during synchronizing ui state.
2024-06-09 16:33:25.043 [info] Extensions: No changes found during synchronizing extensions.
2024-06-09 16:33:25.046 [info] Profiles: No changes found during synchronizing profiles.
2024-06-09 16:33:25.048 [info] Sync done. Took 613ms
2024-06-09 16:38:25.099 [info] Auto Sync: Triggered by Interval
2024-06-09 16:38:25.100 [info] Sync started.
2024-06-09 16:38:25.636 [info] Settings: No changes found during synchronizing settings.
2024-06-09 16:38:25.641 [info] Keybindings: No changes found during synchronizing keybindings.
2024-06-09 16:38:25.647 [info] Snippets: No changes found during synchronizing snippets.
2024-06-09 16:38:25.652 [info] Tasks: No changes found during synchronizing tasks.
2024-06-09 16:38:25.660 [info] GlobalState: No changes found during synchronizing ui state.
2024-06-09 16:38:25.876 [info] Extensions: No changes found during synchronizing extensions.
2024-06-09 16:38:25.878 [info] Profiles: No changes found during synchronizing profiles.
2024-06-09 16:38:25.880 [info] Sync done. Took 780ms
2024-06-09 16:43:25.932 [info] Auto Sync: Triggered by Interval
2024-06-09 16:43:25.933 [info] Sync started.
2024-06-09 16:43:26.522 [info] Settings: No changes found during synchronizing settings.
2024-06-09 16:43:26.526 [info] Keybindings: No changes found during synchronizing keybindings.
2024-06-09 16:43:26.529 [info] Snippets: No changes found during synchronizing snippets.
2024-06-09 16:43:26.532 [info] Tasks: No changes found during synchronizing tasks.
2024-06-09 16:43:26.537 [info] GlobalState: No changes found during synchronizing ui state.
2024-06-09 16:43:26.740 [info] Extensions: No changes found during synchronizing extensions.
2024-06-09 16:43:26.742 [info] Profiles: No changes found during synchronizing profiles.
2024-06-09 16:43:26.744 [info] Sync done. Took 812ms
2024-06-09 16:48:26.797 [info] Auto Sync: Triggered by Interval
2024-06-09 16:48:26.797 [info] Sync started.
2024-06-09 16:48:27.231 [info] Settings: No changes found during synchronizing settings.
2024-06-09 16:48:27.237 [info] Keybindings: No changes found during synchronizing keybindings.
2024-06-09 16:48:27.241 [info] Snippets: No changes found during synchronizing snippets.
2024-06-09 16:48:27.247 [info] Tasks: No changes found during synchronizing tasks.
2024-06-09 16:48:27.254 [info] GlobalState: No changes found during synchronizing ui state.
2024-06-09 16:48:27.463 [info] Extensions: No changes found during synchronizing extensions.
2024-06-09 16:48:27.465 [info] Profiles: No changes found during synchronizing profiles.
2024-06-09 16:48:27.469 [info] Sync done. Took 672ms
2024-06-09 16:53:27.484 [info] Auto Sync: Triggered by Interval
2024-06-09 16:53:27.485 [info] Sync started.
2024-06-09 16:53:27.812 [info] Settings: No changes found during synchronizing settings.
2024-06-09 16:53:27.817 [info] Keybindings: No changes found during synchronizing keybindings.
2024-06-09 16:53:27.821 [info] Snippets: No changes found during synchronizing snippets.
2024-06-09 16:53:27.824 [info] Tasks: No changes found during synchronizing tasks.
2024-06-09 16:53:27.829 [info] GlobalState: No changes found during synchronizing ui state.
2024-06-09 16:53:28.037 [info] Extensions: No changes found during synchronizing extensions.
2024-06-09 16:53:28.039 [info] Profiles: No changes found during synchronizing profiles.
2024-06-09 16:53:28.041 [info] Sync done. Took 557ms
2024-06-09 16:58:28.042 [info] Auto Sync: Triggered by Interval
2024-06-09 16:58:28.043 [info] Sync started.
2024-06-09 16:58:28.436 [info] Settings: No changes found during synchronizing settings.
2024-06-09 16:58:28.442 [info] Keybindings: No changes found during synchronizing keybindings.
2024-06-09 16:58:28.446 [info] Snippets: No changes found during synchronizing snippets.
2024-06-09 16:58:28.451 [info] Tasks: No changes found during synchronizing tasks.
2024-06-09 16:58:28.459 [info] GlobalState: No changes found during synchronizing ui state.
2024-06-09 16:58:28.684 [info] Extensions: No changes found during synchronizing extensions.
2024-06-09 16:58:28.686 [info] Profiles: No changes found during synchronizing profiles.
2024-06-09 16:58:28.688 [info] Sync done. Took 646ms
2024-06-09 17:25:51.949 [info] Auto Sync: Triggered by Activity
2024-06-09 17:25:51.950 [info] Sync started.
2024-06-09 17:25:52.351 [info] Settings: No changes found during synchronizing settings.
2024-06-09 17:25:52.357 [info] Keybindings: No changes found during synchronizing keybindings.
2024-06-09 17:25:52.361 [info] Snippets: No changes found during synchronizing snippets.
2024-06-09 17:25:52.369 [info] Tasks: No changes found during synchronizing tasks.
2024-06-09 17:25:52.374 [info] GlobalState: No changes found during synchronizing ui state.
2024-06-09 17:25:52.683 [info] Extensions: No changes found during synchronizing extensions.
2024-06-09 17:25:52.688 [info] Profiles: No changes found during synchronizing profiles.
2024-06-09 17:25:52.690 [info] Sync done. Took 741ms
2024-06-09 17:26:04.286 [info] Auto Sync: Triggered by Activity
2024-06-09 17:26:04.288 [info] Sync started.
2024-06-09 17:26:05.109 [info] Settings: No changes found during synchronizing settings.
2024-06-09 17:26:05.602 [info] Keybindings: No changes found during synchronizing keybindings.
2024-06-09 17:26:05.811 [info] Snippets: No changes found during synchronizing snippets.
2024-06-09 17:26:05.833 [info] Tasks: No changes found during synchronizing tasks.
2024-06-09 17:26:05.847 [info] GlobalState: No changes found during synchronizing ui state.
2024-06-09 17:26:06.312 [info] Extensions: No changes found during synchronizing extensions.
2024-06-09 17:26:06.621 [info] Profiles: No changes found during synchronizing profiles.
2024-06-09 17:26:07.089 [info] Sync done. Took 2774ms
2024-06-09 17:26:09.896 [info] Auto Sync: Triggered by Activity
2024-06-09 17:26:09.896 [info] Sync started.
2024-06-09 17:26:10.003 [info] Settings: No changes found during synchronizing settings.
2024-06-09 17:26:10.010 [info] Keybindings: No changes found during synchronizing keybindings.
2024-06-09 17:26:10.019 [info] Snippets: No changes found during synchronizing snippets.
2024-06-09 17:26:10.026 [info] Tasks: No changes found during synchronizing tasks.
2024-06-09 17:26:10.034 [info] GlobalState: No changes found during synchronizing ui state.
2024-06-09 17:26:11.420 [info] Extensions: Updated remote extensions. Updated: ["eamodio.gitlens"].
2024-06-09 17:26:11.460 [info] Extensions: Updated last synchronized extensions.
2024-06-09 17:26:11.466 [info] Profiles: No changes found during synchronizing profiles.
2024-06-09 17:26:11.469 [info] Sync done. Took 1573ms
2024-06-09 17:26:45.885 [info] Auto Sync: Triggered by Activity
2024-06-09 17:26:45.885 [info] Sync started.
2024-06-09 17:26:45.998 [info] Settings: No changes found during synchronizing settings.
2024-06-09 17:26:46.003 [info] Keybindings: No changes found during synchronizing keybindings.
2024-06-09 17:26:46.008 [info] Snippets: No changes found during synchronizing snippets.
2024-06-09 17:26:46.012 [info] Tasks: No changes found during synchronizing tasks.
2024-06-09 17:26:46.016 [info] GlobalState: No changes found during synchronizing ui state.
2024-06-09 17:26:46.285 [info] Extensions: No changes found during synchronizing extensions.
2024-06-09 17:26:46.289 [info] Profiles: No changes found during synchronizing profiles.
2024-06-09 17:26:46.293 [info] Sync done. Took 408ms
2024-06-09 17:27:07.401 [info] Auto Sync: Triggered by Activity
2024-06-09 17:27:07.402 [info] Sync started.
2024-06-09 17:27:07.506 [info] Settings: No changes found during synchronizing settings.
2024-06-09 17:27:07.511 [info] Keybindings: No changes found during synchronizing keybindings.
2024-06-09 17:27:07.517 [info] Snippets: No changes found during synchronizing snippets.
2024-06-09 17:27:07.521 [info] Tasks: No changes found during synchronizing tasks.
2024-06-09 17:27:07.528 [info] GlobalState: No changes found during synchronizing ui state.
2024-06-09 17:27:07.774 [info] Extensions: No changes found during synchronizing extensions.
2024-06-09 17:27:07.776 [info] Profiles: No changes found during synchronizing profiles.
2024-06-09 17:27:07.779 [info] Sync done. Took 377ms
2024-06-09 17:27:23.563 [info] Auto Sync: Triggered by Activity
2024-06-09 17:27:23.563 [info] Sync started.
2024-06-09 17:27:23.724 [info] Settings: No changes found during synchronizing settings.
2024-06-09 17:27:23.734 [info] Keybindings: No changes found during synchronizing keybindings.
2024-06-09 17:27:23.741 [info] Snippets: No changes found during synchronizing snippets.
2024-06-09 17:27:23.747 [info] Tasks: No changes found during synchronizing tasks.
2024-06-09 17:27:23.757 [info] GlobalState: No changes found during synchronizing ui state.
2024-06-09 17:27:24.162 [info] Extensions: No changes found during synchronizing extensions.
2024-06-09 17:27:24.164 [info] Profiles: No changes found during synchronizing profiles.
2024-06-09 17:27:24.166 [info] Sync done. Took 604ms
2024-06-09 17:27:35.500 [info] Auto Sync: Triggered by Activity
2024-06-09 17:27:35.501 [info] Sync started.
2024-06-09 17:27:35.900 [info] Settings: No changes found during synchronizing settings.
2024-06-09 17:27:35.952 [info] Keybindings: No changes found during synchronizing keybindings.
2024-06-09 17:27:36.017 [info] Snippets: No changes found during synchronizing snippets.
2024-06-09 17:27:36.042 [info] Tasks: No changes found during synchronizing tasks.
2024-06-09 17:27:36.070 [info] GlobalState: No changes found during synchronizing ui state.
2024-06-09 17:27:37.571 [info] Extensions: No changes found during synchronizing extensions.
2024-06-09 17:27:38.265 [info] Profiles: No changes found during synchronizing profiles.
2024-06-09 17:27:38.511 [info] Sync done. Took 3016ms
2024-06-09 17:29:00.662 [info] Auto Sync: Triggered by Activity
2024-06-09 17:29:00.663 [info] Sync started.
2024-06-09 17:29:00.878 [info] Settings: No changes found during synchronizing settings.
2024-06-09 17:29:00.884 [info] Keybindings: No changes found during synchronizing keybindings.
2024-06-09 17:29:00.893 [info] Snippets: No changes found during synchronizing snippets.
2024-06-09 17:29:00.899 [info] Tasks: No changes found during synchronizing tasks.
2024-06-09 17:29:00.908 [info] GlobalState: No changes found during synchronizing ui state.
2024-06-09 17:29:01.130 [info] Extensions: No changes found during synchronizing extensions.
2024-06-09 17:29:01.133 [info] Profiles: No changes found during synchronizing profiles.
2024-06-09 17:29:01.136 [info] Sync done. Took 474ms
2024-06-09 17:29:28.361 [info] Auto Sync: Triggered by Activity
2024-06-09 17:29:28.362 [info] Sync started.
2024-06-09 17:29:28.466 [info] Settings: No changes found during synchronizing settings.
2024-06-09 17:29:28.470 [info] Keybindings: No changes found during synchronizing keybindings.
2024-06-09 17:29:28.473 [info] Snippets: No changes found during synchronizing snippets.
2024-06-09 17:29:28.478 [info] Tasks: No changes found during synchronizing tasks.
2024-06-09 17:29:28.486 [info] GlobalState: No changes found during synchronizing ui state.
2024-06-09 17:29:28.706 [info] Extensions: No changes found during synchronizing extensions.
2024-06-09 17:29:28.708 [info] Profiles: No changes found during synchronizing profiles.
2024-06-09 17:29:28.710 [info] Sync done. Took 349ms
2024-06-09 17:30:12.145 [info] Auto Sync: Triggered by Activity
2024-06-09 17:30:12.146 [info] Sync started.
2024-06-09 17:30:12.258 [info] Settings: No changes found during synchronizing settings.
2024-06-09 17:30:12.263 [info] Keybindings: No changes found during synchronizing keybindings.
2024-06-09 17:30:12.270 [info] Snippets: No changes found during synchronizing snippets.
2024-06-09 17:30:12.275 [info] Tasks: No changes found during synchronizing tasks.
2024-06-09 17:30:12.282 [info] GlobalState: No changes found during synchronizing ui state.
2024-06-09 17:30:12.514 [info] Extensions: No changes found during synchronizing extensions.
2024-06-09 17:30:12.516 [info] Profiles: No changes found during synchronizing profiles.
2024-06-09 17:30:12.518 [info] Sync done. Took 374ms
2024-06-09 17:30:55.457 [info] Auto Sync: Triggered by Activity
2024-06-09 17:30:55.458 [info] Sync started.
2024-06-09 17:30:55.577 [info] Settings: No changes found during synchronizing settings.
2024-06-09 17:30:55.581 [info] Keybindings: No changes found during synchronizing keybindings.
2024-06-09 17:30:55.586 [info] Snippets: No changes found during synchronizing snippets.
2024-06-09 17:30:55.590 [info] Tasks: No changes found during synchronizing tasks.
2024-06-09 17:30:55.594 [info] GlobalState: No changes found during synchronizing ui state.
2024-06-09 17:30:55.812 [info] Extensions: No changes found during synchronizing extensions.
2024-06-09 17:30:55.815 [info] Profiles: No changes found during synchronizing profiles.
2024-06-09 17:30:55.817 [info] Sync done. Took 360ms
2024-06-09 17:31:22.428 [info] Auto Sync: Triggered by Activity
2024-06-09 17:31:22.429 [info] Sync started.
2024-06-09 17:31:22.543 [info] Settings: No changes found during synchronizing settings.
2024-06-09 17:31:22.549 [info] Keybindings: No changes found during synchronizing keybindings.
2024-06-09 17:31:22.555 [info] Snippets: No changes found during synchronizing snippets.
2024-06-09 17:31:22.559 [info] Tasks: No changes found during synchronizing tasks.
2024-06-09 17:31:22.565 [info] GlobalState: No changes found during synchronizing ui state.
2024-06-09 17:31:22.770 [info] Extensions: No changes found during synchronizing extensions.
2024-06-09 17:31:22.772 [info] Profiles: No changes found during synchronizing profiles.
2024-06-09 17:31:22.775 [info] Sync done. Took 347ms
2024-06-09 17:33:10.895 [info] Auto Sync: Triggered by Activity
2024-06-09 17:33:10.895 [info] Sync started.
2024-06-09 17:33:10.993 [info] Settings: No changes found during synchronizing settings.
2024-06-09 17:33:10.997 [info] Keybindings: No changes found during synchronizing keybindings.
2024-06-09 17:33:11.001 [info] Snippets: No changes found during synchronizing snippets.
2024-06-09 17:33:11.005 [info] Tasks: No changes found during synchronizing tasks.
2024-06-09 17:33:11.010 [info] GlobalState: No changes found during synchronizing ui state.
2024-06-09 17:33:11.220 [info] Extensions: No changes found during synchronizing extensions.
2024-06-09 17:33:11.222 [info] Profiles: No changes found during synchronizing profiles.
2024-06-09 17:33:11.225 [info] Sync done. Took 330ms
2024-06-09 17:34:13.421 [info] Auto Sync: Triggered by Activity
2024-06-09 17:34:13.421 [info] Sync started.
2024-06-09 17:34:13.541 [info] Settings: No changes found during synchronizing settings.
2024-06-09 17:34:13.546 [info] Keybindings: No changes found during synchronizing keybindings.
2024-06-09 17:34:13.551 [info] Snippets: No changes found during synchronizing snippets.
2024-06-09 17:34:13.556 [info] Tasks: No changes found during synchronizing tasks.
2024-06-09 17:34:13.565 [info] GlobalState: No changes found during synchronizing ui state.
2024-06-09 17:34:13.799 [info] Extensions: No changes found during synchronizing extensions.
2024-06-09 17:34:13.801 [info] Profiles: No changes found during synchronizing profiles.
2024-06-09 17:34:13.803 [info] Sync done. Took 382ms
2024-06-09 17:34:33.179 [info] Auto Sync: Triggered by Activity
2024-06-09 17:34:33.179 [info] Sync started.
2024-06-09 17:34:33.309 [info] Settings: No changes found during synchronizing settings.
2024-06-09 17:34:33.335 [info] Keybindings: No changes found during synchronizing keybindings.
2024-06-09 17:34:33.345 [info] Snippets: No changes found during synchronizing snippets.
2024-06-09 17:34:33.352 [info] Tasks: No changes found during synchronizing tasks.
2024-06-09 17:34:33.358 [info] GlobalState: No changes found during synchronizing ui state.
2024-06-09 17:34:33.574 [info] Extensions: No changes found during synchronizing extensions.
2024-06-09 17:34:33.582 [info] Profiles: No changes found during synchronizing profiles.
2024-06-09 17:34:33.588 [info] Sync done. Took 408ms
2024-06-09 17:35:26.021 [info] Auto Sync: Triggered by Activity
2024-06-09 17:35:26.021 [info] Sync started.
2024-06-09 17:35:26.141 [info] Settings: No changes found during synchronizing settings.
2024-06-09 17:35:26.145 [info] Keybindings: No changes found during synchronizing keybindings.
2024-06-09 17:35:26.150 [info] Snippets: No changes found during synchronizing snippets.
2024-06-09 17:35:26.157 [info] Tasks: No changes found during synchronizing tasks.
2024-06-09 17:35:26.162 [info] GlobalState: No changes found during synchronizing ui state.
2024-06-09 17:35:26.359 [info] Extensions: No changes found during synchronizing extensions.
2024-06-09 17:35:26.361 [info] Profiles: No changes found during synchronizing profiles.
2024-06-09 17:35:26.363 [info] Sync done. Took 343ms
2024-06-09 17:35:51.899 [info] Auto Sync: Triggered by Activity
2024-06-09 17:35:51.900 [info] Sync started.
2024-06-09 17:35:52.019 [info] Settings: No changes found during synchronizing settings.
2024-06-09 17:35:52.025 [info] Keybindings: No changes found during synchronizing keybindings.
2024-06-09 17:35:52.031 [info] Snippets: No changes found during synchronizing snippets.
2024-06-09 17:35:52.038 [info] Tasks: No changes found during synchronizing tasks.
2024-06-09 17:35:52.054 [info] GlobalState: No changes found during synchronizing ui state.
2024-06-09 17:35:52.311 [info] Extensions: No changes found during synchronizing extensions.
2024-06-09 17:35:52.313 [info] Profiles: No changes found during synchronizing profiles.
2024-06-09 17:35:52.317 [info] Sync done. Took 418ms
2024-06-09 17:36:11.348 [info] Auto Sync: Triggered by Activity
2024-06-09 17:36:11.348 [info] Sync started.
2024-06-09 17:36:11.470 [info] Settings: No changes found during synchronizing settings.
2024-06-09 17:36:11.475 [info] Keybindings: No changes found during synchronizing keybindings.
2024-06-09 17:36:11.480 [info] Snippets: No changes found during synchronizing snippets.
2024-06-09 17:36:11.483 [info] Tasks: No changes found during synchronizing tasks.
2024-06-09 17:36:14.400 [info] GlobalState: Updated remote ui state. Updated: snippets.usageTimestamps.
2024-06-09 17:36:14.451 [info] GlobalState: Updated last synchronized ui state
2024-06-09 17:36:14.806 [info] Extensions: No changes found during synchronizing extensions.
2024-06-09 17:36:14.808 [info] Profiles: No changes found during synchronizing profiles.
2024-06-09 17:36:14.810 [info] Sync done. Took 3462ms
2024-06-09 17:37:37.866 [info] Auto Sync: Triggered by Activity
2024-06-09 17:37:37.867 [info] Sync started.
2024-06-09 17:37:38.004 [info] Settings: No changes found during synchronizing settings.
2024-06-09 17:37:38.034 [info] Keybindings: No changes found during synchronizing keybindings.
2024-06-09 17:37:38.053 [info] Snippets: No changes found during synchronizing snippets.
2024-06-09 17:37:38.066 [info] Tasks: No changes found during synchronizing tasks.
2024-06-09 17:37:38.074 [info] GlobalState: No changes found during synchronizing ui state.
2024-06-09 17:37:38.615 [info] Extensions: No changes found during synchronizing extensions.
2024-06-09 17:37:38.619 [info] Profiles: No changes found during synchronizing profiles.
2024-06-09 17:37:38.620 [info] Sync done. Took 753ms
2024-06-09 17:37:51.112 [info] Auto Sync: Triggered by Activity
2024-06-09 17:37:51.112 [info] Sync started.
2024-06-09 17:37:51.249 [info] Settings: No changes found during synchronizing settings.
2024-06-09 17:37:51.259 [info] Keybindings: No changes found during synchronizing keybindings.
2024-06-09 17:37:51.265 [info] Snippets: No changes found during synchronizing snippets.
2024-06-09 17:37:51.271 [info] Tasks: No changes found during synchronizing tasks.
2024-06-09 17:37:51.276 [info] GlobalState: No changes found during synchronizing ui state.
2024-06-09 17:37:51.490 [info] Extensions: No changes found during synchronizing extensions.
2024-06-09 17:37:51.493 [info] Profiles: No changes found during synchronizing profiles.
2024-06-09 17:37:51.496 [info] Sync done. Took 384ms
2024-06-09 17:38:07.186 [info] Auto Sync: Triggered by Activity
2024-06-09 17:38:07.186 [info] Sync started.
2024-06-09 17:38:07.294 [info] Settings: No changes found during synchronizing settings.
2024-06-09 17:38:07.299 [info] Keybindings: No changes found during synchronizing keybindings.
2024-06-09 17:38:07.305 [info] Snippets: No changes found during synchronizing snippets.
2024-06-09 17:38:07.310 [info] Tasks: No changes found during synchronizing tasks.
2024-06-09 17:38:07.316 [info] GlobalState: No changes found during synchronizing ui state.
2024-06-09 17:38:07.489 [info] Extensions: No changes found during synchronizing extensions.
2024-06-09 17:38:07.490 [info] Profiles: No changes found during synchronizing profiles.
2024-06-09 17:38:07.493 [info] Sync done. Took 307ms
2024-06-09 17:38:20.548 [info] Auto Sync: Triggered by Activity
2024-06-09 17:38:20.548 [info] Sync started.
2024-06-09 17:38:20.661 [info] Settings: No changes found during synchronizing settings.
2024-06-09 17:38:20.668 [info] Keybindings: No changes found during synchronizing keybindings.
2024-06-09 17:38:20.682 [info] Snippets: No changes found during synchronizing snippets.
2024-06-09 17:38:20.686 [info] Tasks: No changes found during synchronizing tasks.
2024-06-09 17:38:20.694 [info] GlobalState: No changes found during synchronizing ui state.
2024-06-09 17:38:20.917 [info] Extensions: No changes found during synchronizing extensions.
2024-06-09 17:38:20.919 [info] Profiles: No changes found during synchronizing profiles.
2024-06-09 17:38:20.922 [info] Sync done. Took 373ms
2024-06-09 17:39:04.454 [info] Auto Sync: Triggered by Activity
2024-06-09 17:39:04.455 [info] Sync started.
2024-06-09 17:39:04.571 [info] Settings: No changes found during synchronizing settings.
2024-06-09 17:39:04.576 [info] Keybindings: No changes found during synchronizing keybindings.
2024-06-09 17:39:04.582 [info] Snippets: No changes found during synchronizing snippets.
2024-06-09 17:39:04.589 [info] Tasks: No changes found during synchronizing tasks.
2024-06-09 17:39:04.597 [info] GlobalState: No changes found during synchronizing ui state.
2024-06-09 17:39:04.795 [info] Extensions: No changes found during synchronizing extensions.
2024-06-09 17:39:04.797 [info] Profiles: No changes found during synchronizing profiles.
2024-06-09 17:39:04.799 [info] Sync done. Took 344ms
2024-06-09 17:39:17.107 [info] Auto Sync: Triggered by Activity
2024-06-09 17:39:17.107 [info] Sync started.
2024-06-09 17:39:17.217 [info] Settings: No changes found during synchronizing settings.
2024-06-09 17:39:17.223 [info] Keybindings: No changes found during synchronizing keybindings.
2024-06-09 17:39:17.228 [info] Snippets: No changes found during synchronizing snippets.
2024-06-09 17:39:17.233 [info] Tasks: No changes found during synchronizing tasks.
2024-06-09 17:39:17.240 [info] GlobalState: No changes found during synchronizing ui state.
2024-06-09 17:39:17.464 [info] Extensions: No changes found during synchronizing extensions.
2024-06-09 17:39:17.467 [info] Profiles: No changes found during synchronizing profiles.
2024-06-09 17:39:17.469 [info] Sync done. Took 364ms
2024-06-09 17:39:39.905 [info] Auto Sync: Triggered by Activity
2024-06-09 17:39:39.906 [info] Sync started.
2024-06-09 17:39:40.026 [info] Settings: No changes found during synchronizing settings.
2024-06-09 17:39:40.031 [info] Keybindings: No changes found during synchronizing keybindings.
2024-06-09 17:39:40.037 [info] Snippets: No changes found during synchronizing snippets.
2024-06-09 17:39:40.040 [info] Tasks: No changes found during synchronizing tasks.
2024-06-09 17:39:40.044 [info] GlobalState: No changes found during synchronizing ui state.
2024-06-09 17:39:40.238 [info] Extensions: No changes found during synchronizing extensions.
2024-06-09 17:39:40.240 [info] Profiles: No changes found during synchronizing profiles.
2024-06-09 17:39:40.242 [info] Sync done. Took 338ms
2024-06-09 17:41:03.166 [info] Auto Sync: Triggered by Activity
2024-06-09 17:41:03.166 [info] Sync started.
2024-06-09 17:41:03.277 [info] Settings: No changes found during synchronizing settings.
2024-06-09 17:41:03.285 [info] Keybindings: No changes found during synchronizing keybindings.
2024-06-09 17:41:03.292 [info] Snippets: No changes found during synchronizing snippets.
2024-06-09 17:41:03.299 [info] Tasks: No changes found during synchronizing tasks.
2024-06-09 17:41:03.307 [info] GlobalState: No changes found during synchronizing ui state.
2024-06-09 17:41:03.494 [info] Extensions: No changes found during synchronizing extensions.
2024-06-09 17:41:03.496 [info] Profiles: No changes found during synchronizing profiles.
2024-06-09 17:41:03.498 [info] Sync done. Took 333ms
2024-06-09 17:41:30.786 [info] Auto Sync: Triggered by Activity
2024-06-09 17:41:30.786 [info] Sync started.
2024-06-09 17:41:30.898 [info] Settings: No changes found during synchronizing settings.
2024-06-09 17:41:30.908 [info] Keybindings: No changes found during synchronizing keybindings.
2024-06-09 17:41:30.913 [info] Snippets: No changes found during synchronizing snippets.
2024-06-09 17:41:30.916 [info] Tasks: No changes found during synchronizing tasks.
2024-06-09 17:41:32.443 [info] GlobalState: Updated remote ui state. Updated: snippets.usageTimestamps.
2024-06-09 17:41:32.494 [info] GlobalState: Updated last synchronized ui state
2024-06-09 17:41:32.693 [info] Extensions: No changes found during synchronizing extensions.
2024-06-09 17:41:32.694 [info] Profiles: No changes found during synchronizing profiles.
2024-06-09 17:41:32.697 [info] Sync done. Took 1911ms
2024-06-09 17:41:52.876 [info] Auto Sync: Triggered by Activity
2024-06-09 17:41:52.877 [info] Sync started.
2024-06-09 17:41:52.991 [info] Settings: No changes found during synchronizing settings.
2024-06-09 17:41:52.995 [info] Keybindings: No changes found during synchronizing keybindings.
2024-06-09 17:41:52.999 [info] Snippets: No changes found during synchronizing snippets.
2024-06-09 17:41:53.002 [info] Tasks: No changes found during synchronizing tasks.
2024-06-09 17:41:53.007 [info] GlobalState: No changes found during synchronizing ui state.
2024-06-09 17:41:53.222 [info] Extensions: No changes found during synchronizing extensions.
2024-06-09 17:41:53.224 [info] Profiles: No changes found during synchronizing profiles.
2024-06-09 17:41:53.226 [info] Sync done. Took 351ms
2024-06-09 17:42:15.665 [info] Auto Sync: Triggered by Activity
2024-06-09 17:42:15.666 [info] Sync started.
2024-06-09 17:42:15.776 [info] Settings: No changes found during synchronizing settings.
2024-06-09 17:42:15.781 [info] Keybindings: No changes found during synchronizing keybindings.
2024-06-09 17:42:15.787 [info] Snippets: No changes found during synchronizing snippets.
2024-06-09 17:42:15.792 [info] Tasks: No changes found during synchronizing tasks.
2024-06-09 17:42:15.799 [info] GlobalState: No changes found during synchronizing ui state.
2024-06-09 17:42:15.985 [info] Extensions: No changes found during synchronizing extensions.
2024-06-09 17:42:15.987 [info] Profiles: No changes found during synchronizing profiles.
2024-06-09 17:42:15.990 [info] Sync done. Took 325ms
2024-06-09 17:42:28.990 [info] Auto Sync: Triggered by Activity
2024-06-09 17:42:28.991 [info] Sync started.
2024-06-09 17:42:29.112 [info] Settings: No changes found during synchronizing settings.
2024-06-09 17:42:29.118 [info] Keybindings: No changes found during synchronizing keybindings.
2024-06-09 17:42:29.125 [info] Snippets: No changes found during synchronizing snippets.
2024-06-09 17:42:29.131 [info] Tasks: No changes found during synchronizing tasks.
2024-06-09 17:42:29.136 [info] GlobalState: No changes found during synchronizing ui state.
2024-06-09 17:42:29.422 [info] Extensions: No changes found during synchronizing extensions.
2024-06-09 17:42:29.425 [info] Profiles: No changes found during synchronizing profiles.
2024-06-09 17:42:29.431 [info] Sync done. Took 443ms
2024-06-09 17:43:32.052 [info] Auto Sync: Triggered by Activity
2024-06-09 17:43:32.052 [info] Sync started.
2024-06-09 17:43:32.167 [info] Settings: No changes found during synchronizing settings.
2024-06-09 17:43:32.174 [info] Keybindings: No changes found during synchronizing keybindings.
2024-06-09 17:43:32.180 [info] Snippets: No changes found during synchronizing snippets.
2024-06-09 17:43:32.185 [info] Tasks: No changes found during synchronizing tasks.
2024-06-09 17:43:32.192 [info] GlobalState: No changes found during synchronizing ui state.
2024-06-09 17:43:32.401 [info] Extensions: No changes found during synchronizing extensions.
2024-06-09 17:43:32.403 [info] Profiles: No changes found during synchronizing profiles.
2024-06-09 17:43:32.406 [info] Sync done. Took 355ms
2024-06-09 17:45:47.824 [info] Auto Sync: Triggered by Activity
2024-06-09 17:45:47.825 [info] Sync started.
2024-06-09 17:45:48.190 [info] Settings: No changes found during synchronizing settings.
2024-06-09 17:45:48.194 [info] Keybindings: No changes found during synchronizing keybindings.
2024-06-09 17:45:48.199 [info] Snippets: No changes found during synchronizing snippets.
2024-06-09 17:45:48.203 [info] Tasks: No changes found during synchronizing tasks.
2024-06-09 17:45:48.210 [info] GlobalState: No changes found during synchronizing ui state.
2024-06-09 17:45:48.483 [info] Extensions: No changes found during synchronizing extensions.
2024-06-09 17:45:48.485 [info] Profiles: No changes found during synchronizing profiles.
2024-06-09 17:45:48.488 [info] Sync done. Took 664ms
2024-06-09 17:46:23.439 [info] Auto Sync: Triggered by Activity
2024-06-09 17:46:23.439 [info] Sync started.
2024-06-09 17:46:23.545 [info] Settings: No changes found during synchronizing settings.
2024-06-09 17:46:23.550 [info] Keybindings: No changes found during synchronizing keybindings.
2024-06-09 17:46:23.554 [info] Snippets: No changes found during synchronizing snippets.
2024-06-09 17:46:23.557 [info] Tasks: No changes found during synchronizing tasks.
2024-06-09 17:46:23.565 [info] GlobalState: No changes found during synchronizing ui state.
2024-06-09 17:46:23.766 [info] Extensions: No changes found during synchronizing extensions.
2024-06-09 17:46:23.769 [info] Profiles: No changes found during synchronizing profiles.
2024-06-09 17:46:23.772 [info] Sync done. Took 334ms
2024-06-09 17:46:50.087 [info] Auto Sync: Triggered by Activity
2024-06-09 17:46:50.087 [info] Sync started.
2024-06-09 17:46:50.191 [info] Settings: No changes found during synchronizing settings.
2024-06-09 17:46:50.196 [info] Keybindings: No changes found during synchronizing keybindings.
2024-06-09 17:46:50.200 [info] Snippets: No changes found during synchronizing snippets.
2024-06-09 17:46:50.205 [info] Tasks: No changes found during synchronizing tasks.
2024-06-09 17:46:50.215 [info] GlobalState: No changes found during synchronizing ui state.
2024-06-09 17:46:50.445 [info] Extensions: No changes found during synchronizing extensions.
2024-06-09 17:46:50.447 [info] Profiles: No changes found during synchronizing profiles.
2024-06-09 17:46:50.449 [info] Sync done. Took 362ms
2024-06-09 17:47:25.692 [info] Auto Sync: Triggered by Activity
2024-06-09 17:47:25.692 [info] Sync started.
2024-06-09 17:47:25.796 [info] Settings: No changes found during synchronizing settings.
2024-06-09 17:47:25.801 [info] Keybindings: No changes found during synchronizing keybindings.
2024-06-09 17:47:25.809 [info] Snippets: No changes found during synchronizing snippets.
2024-06-09 17:47:25.816 [info] Tasks: No changes found during synchronizing tasks.
2024-06-09 17:47:25.821 [info] GlobalState: No changes found during synchronizing ui state.
2024-06-09 17:47:26.049 [info] Extensions: No changes found during synchronizing extensions.
2024-06-09 17:47:26.051 [info] Profiles: No changes found during synchronizing profiles.
2024-06-09 17:47:26.053 [info] Sync done. Took 361ms
2024-06-09 17:49:35.019 [info] Auto Sync: Triggered by Activity
2024-06-09 17:49:35.019 [info] Sync started.
2024-06-09 17:49:35.122 [info] Settings: No changes found during synchronizing settings.
2024-06-09 17:49:35.128 [info] Keybindings: No changes found during synchronizing keybindings.
2024-06-09 17:49:35.132 [info] Snippets: No changes found during synchronizing snippets.
2024-06-09 17:49:35.137 [info] Tasks: No changes found during synchronizing tasks.
2024-06-09 17:49:35.142 [info] GlobalState: No changes found during synchronizing ui state.
2024-06-09 17:49:35.367 [info] Extensions: No changes found during synchronizing extensions.
2024-06-09 17:49:35.374 [info] Profiles: No changes found during synchronizing profiles.
2024-06-09 17:49:35.377 [info] Sync done. Took 359ms
2024-06-09 17:51:08.090 [info] Auto Sync: Triggered by Activity
2024-06-09 17:51:08.090 [info] Sync started.
2024-06-09 17:51:08.197 [info] Settings: No changes found during synchronizing settings.
2024-06-09 17:51:08.209 [info] Keybindings: No changes found during synchronizing keybindings.
2024-06-09 17:51:08.226 [info] Snippets: No changes found during synchronizing snippets.
2024-06-09 17:51:08.231 [info] Tasks: No changes found during synchronizing tasks.
2024-06-09 17:51:09.739 [info] GlobalState: Updated remote ui state. Updated: snippets.usageTimestamps.
2024-06-09 17:51:09.802 [info] GlobalState: Updated last synchronized ui state
2024-06-09 17:51:10.112 [info] Extensions: No changes found during synchronizing extensions.
2024-06-09 17:51:10.114 [info] Profiles: No changes found during synchronizing profiles.
2024-06-09 17:51:10.116 [info] Sync done. Took 2026ms
2024-06-09 17:51:48.568 [info] Auto Sync: Triggered by Activity
2024-06-09 17:51:48.569 [info] Sync started.
2024-06-09 17:51:48.681 [info] Settings: No changes found during synchronizing settings.
2024-06-09 17:51:48.686 [info] Keybindings: No changes found during synchronizing keybindings.
2024-06-09 17:51:48.691 [info] Snippets: No changes found during synchronizing snippets.
2024-06-09 17:51:48.697 [info] Tasks: No changes found during synchronizing tasks.
2024-06-09 17:51:48.703 [info] GlobalState: No changes found during synchronizing ui state.
2024-06-09 17:51:48.941 [info] Extensions: No changes found during synchronizing extensions.
2024-06-09 17:51:48.943 [info] Profiles: No changes found during synchronizing profiles.
2024-06-09 17:51:48.946 [info] Sync done. Took 378ms
2024-06-09 17:53:44.276 [info] Auto Sync: Triggered by Activity
2024-06-09 17:53:44.277 [info] Sync started.
2024-06-09 17:53:44.395 [info] Settings: No changes found during synchronizing settings.
2024-06-09 17:53:44.403 [info] Keybindings: No changes found during synchronizing keybindings.
2024-06-09 17:53:44.408 [info] Snippets: No changes found during synchronizing snippets.
2024-06-09 17:53:44.412 [info] Tasks: No changes found during synchronizing tasks.
2024-06-09 17:53:44.418 [info] GlobalState: No changes found during synchronizing ui state.
2024-06-09 17:53:44.632 [info] Extensions: No changes found during synchronizing extensions.
2024-06-09 17:53:44.633 [info] Profiles: No changes found during synchronizing profiles.
2024-06-09 17:53:44.635 [info] Sync done. Took 360ms
2024-06-09 17:54:13.306 [info] Auto Sync: Triggered by Activity
2024-06-09 17:54:13.306 [info] Sync started.
2024-06-09 17:54:13.424 [info] Settings: No changes found during synchronizing settings.
2024-06-09 17:54:14.115 [info] Keybindings: Updated remote keybindings
2024-06-09 17:54:14.177 [info] Keybindings: Updated last synchronized keybindings
2024-06-09 17:54:14.186 [info] Snippets: No changes found during synchronizing snippets.
2024-06-09 17:54:14.189 [info] Tasks: No changes found during synchronizing tasks.
2024-06-09 17:54:14.195 [info] GlobalState: No changes found during synchronizing ui state.
2024-06-09 17:54:14.393 [info] Extensions: No changes found during synchronizing extensions.
2024-06-09 17:54:14.395 [info] Profiles: No changes found during synchronizing profiles.
2024-06-09 17:54:14.397 [info] Sync done. Took 1092ms
2024-06-09 17:54:19.660 [info] Auto Sync: Triggered by Activity
2024-06-09 17:54:19.660 [info] Sync started.
2024-06-09 17:54:19.768 [info] Settings: No changes found during synchronizing settings.
2024-06-09 17:54:20.419 [info] Keybindings: Updated remote keybindings
2024-06-09 17:54:20.462 [info] Keybindings: Updated last synchronized keybindings
2024-06-09 17:54:20.471 [info] Snippets: No changes found during synchronizing snippets.
2024-06-09 17:54:20.477 [info] Tasks: No changes found during synchronizing tasks.
2024-06-09 17:54:20.483 [info] GlobalState: No changes found during synchronizing ui state.
2024-06-09 17:54:20.704 [info] Extensions: No changes found during synchronizing extensions.
2024-06-09 17:54:20.706 [info] Profiles: No changes found during synchronizing profiles.
2024-06-09 17:54:20.707 [info] Sync done. Took 1049ms
2024-06-09 17:54:27.786 [info] Auto Sync: Triggered by Activity
2024-06-09 17:54:27.787 [info] Sync started.
2024-06-09 17:54:27.912 [info] Settings: No changes found during synchronizing settings.
2024-06-09 17:54:27.923 [info] Keybindings: No changes found during synchronizing keybindings.
2024-06-09 17:54:27.927 [info] Snippets: No changes found during synchronizing snippets.
2024-06-09 17:54:27.933 [info] Tasks: No changes found during synchronizing tasks.
2024-06-09 17:54:29.510 [info] GlobalState: Updated remote ui state. Updated: memento/workbench.editor.keybindings.
2024-06-09 17:54:29.567 [info] GlobalState: Updated last synchronized ui state
2024-06-09 17:54:29.803 [info] Extensions: No changes found during synchronizing extensions.
2024-06-09 17:54:29.809 [info] Profiles: No changes found during synchronizing profiles.
2024-06-09 17:54:29.811 [info] Sync done. Took 2025ms
2024-06-09 17:55:35.062 [info] Auto Sync: Triggered by Activity
2024-06-09 17:55:35.062 [info] Sync started.
2024-06-09 17:55:35.178 [info] Settings: No changes found during synchronizing settings.
2024-06-09 17:55:35.183 [info] Keybindings: No changes found during synchronizing keybindings.
2024-06-09 17:55:35.187 [info] Snippets: No changes found during synchronizing snippets.
2024-06-09 17:55:35.191 [info] Tasks: No changes found during synchronizing tasks.
2024-06-09 17:55:35.197 [info] GlobalState: No changes found during synchronizing ui state.
2024-06-09 17:55:35.420 [info] Extensions: No changes found during synchronizing extensions.
2024-06-09 17:55:35.422 [info] Profiles: No changes found during synchronizing profiles.
2024-06-09 17:55:35.424 [info] Sync done. Took 362ms
2024-06-09 17:56:01.701 [info] Auto Sync: Triggered by Activity
2024-06-09 17:56:01.701 [info] Sync started.
2024-06-09 17:56:01.816 [info] Settings: No changes found during synchronizing settings.
2024-06-09 17:56:01.822 [info] Keybindings: No changes found during synchronizing keybindings.
2024-06-09 17:56:01.826 [info] Snippets: No changes found during synchronizing snippets.
2024-06-09 17:56:01.833 [info] Tasks: No changes found during synchronizing tasks.
2024-06-09 17:56:01.838 [info] GlobalState: No changes found during synchronizing ui state.
2024-06-09 17:56:02.087 [info] Extensions: No changes found during synchronizing extensions.
2024-06-09 17:56:02.089 [info] Profiles: No changes found during synchronizing profiles.
2024-06-09 17:56:02.090 [info] Sync done. Took 391ms
2024-06-09 18:01:02.101 [info] Auto Sync: Triggered by Interval
2024-06-09 18:01:02.102 [info] Sync started.
2024-06-09 18:01:02.628 [info] Settings: No changes found during synchronizing settings.
2024-06-09 18:01:02.637 [info] Keybindings: No changes found during synchronizing keybindings.
2024-06-09 18:01:02.643 [info] Snippets: No changes found during synchronizing snippets.
2024-06-09 18:01:02.653 [info] Tasks: No changes found during synchronizing tasks.
2024-06-09 18:01:02.658 [info] GlobalState: No changes found during synchronizing ui state.
2024-06-09 18:01:02.915 [info] Extensions: No changes found during synchronizing extensions.
2024-06-09 18:01:02.918 [info] Profiles: No changes found during synchronizing profiles.
2024-06-09 18:01:02.921 [info] Sync done. Took 820ms
2024-06-09 18:06:02.932 [info] Auto Sync: Triggered by Interval
2024-06-09 18:06:02.933 [info] Sync started.
2024-06-09 18:06:03.437 [info] Settings: No changes found during synchronizing settings.
2024-06-09 18:06:03.448 [info] Keybindings: No changes found during synchronizing keybindings.
2024-06-09 18:06:03.454 [info] Snippets: No changes found during synchronizing snippets.
2024-06-09 18:06:03.460 [info] Tasks: No changes found during synchronizing tasks.
2024-06-09 18:06:03.468 [info] GlobalState: No changes found during synchronizing ui state.
2024-06-09 18:06:03.681 [info] Extensions: No changes found during synchronizing extensions.
2024-06-09 18:06:03.682 [info] Profiles: No changes found during synchronizing profiles.
2024-06-09 18:06:03.684 [info] Sync done. Took 752ms
2024-06-09 18:11:03.694 [info] Auto Sync: Triggered by Interval
2024-06-09 18:11:03.695 [info] Sync started.
2024-06-09 18:11:04.182 [info] Settings: No changes found during synchronizing settings.
2024-06-09 18:11:04.191 [info] Keybindings: No changes found during synchronizing keybindings.
2024-06-09 18:11:04.196 [info] Snippets: No changes found during synchronizing snippets.
2024-06-09 18:11:04.202 [info] Tasks: No changes found during synchronizing tasks.
2024-06-09 18:11:04.212 [info] GlobalState: No changes found during synchronizing ui state.
2024-06-09 18:11:04.446 [info] Extensions: No changes found during synchronizing extensions.
2024-06-09 18:11:04.448 [info] Profiles: No changes found during synchronizing profiles.
2024-06-09 18:11:04.450 [info] Sync done. Took 756ms
2024-06-09 18:16:04.458 [info] Auto Sync: Triggered by Interval
2024-06-09 18:16:04.459 [info] Sync started.
2024-06-09 18:16:04.789 [info] Settings: No changes found during synchronizing settings.
2024-06-09 18:16:04.798 [info] Keybindings: No changes found during synchronizing keybindings.
2024-06-09 18:16:04.805 [info] Snippets: No changes found during synchronizing snippets.
2024-06-09 18:16:04.809 [info] Tasks: No changes found during synchronizing tasks.
2024-06-09 18:16:04.813 [info] GlobalState: No changes found during synchronizing ui state.
2024-06-09 18:16:05.015 [info] Extensions: No changes found during synchronizing extensions.
2024-06-09 18:16:05.018 [info] Profiles: No changes found during synchronizing profiles.
2024-06-09 18:16:05.020 [info] Sync done. Took 562ms
2024-06-09 18:21:05.033 [info] Auto Sync: Triggered by Interval
2024-06-09 18:21:05.034 [info] Sync started.
2024-06-09 18:21:05.369 [info] Settings: No changes found during synchronizing settings.
2024-06-09 18:21:05.377 [info] Keybindings: No changes found during synchronizing keybindings.
2024-06-09 18:21:05.382 [info] Snippets: No changes found during synchronizing snippets.
2024-06-09 18:21:05.386 [info] Tasks: No changes found during synchronizing tasks.
2024-06-09 18:21:05.392 [info] GlobalState: No changes found during synchronizing ui state.
2024-06-09 18:21:05.592 [info] Extensions: No changes found during synchronizing extensions.
2024-06-09 18:21:05.595 [info] Profiles: No changes found during synchronizing profiles.
2024-06-09 18:21:05.597 [info] Sync done. Took 565ms
2024-06-09 18:26:05.608 [info] Auto Sync: Triggered by Interval
2024-06-09 18:26:05.608 [info] Sync started.
2024-06-09 18:26:05.955 [info] Settings: No changes found during synchronizing settings.
2024-06-09 18:26:05.961 [info] Keybindings: No changes found during synchronizing keybindings.
2024-06-09 18:26:05.965 [info] Snippets: No changes found during synchronizing snippets.
2024-06-09 18:26:05.968 [info] Tasks: No changes found during synchronizing tasks.
2024-06-09 18:26:05.973 [info] GlobalState: No changes found during synchronizing ui state.
2024-06-09 18:26:06.166 [info] Extensions: No changes found during synchronizing extensions.
2024-06-09 18:26:06.168 [info] Profiles: No changes found during synchronizing profiles.
2024-06-09 18:26:06.170 [info] Sync done. Took 562ms
2024-06-09 18:31:06.180 [info] Auto Sync: Triggered by Interval
2024-06-09 18:31:06.180 [info] Sync started.
2024-06-09 18:31:06.611 [info] Settings: No changes found during synchronizing settings.
2024-06-09 18:31:06.618 [info] Keybindings: No changes found during synchronizing keybindings.
2024-06-09 18:31:06.624 [info] Snippets: No changes found during synchronizing snippets.
2024-06-09 18:31:06.629 [info] Tasks: No changes found during synchronizing tasks.
2024-06-09 18:31:06.637 [info] GlobalState: No changes found during synchronizing ui state.
2024-06-09 18:31:06.838 [info] Extensions: No changes found during synchronizing extensions.
2024-06-09 18:31:06.840 [info] Profiles: No changes found during synchronizing profiles.
2024-06-09 18:31:06.843 [info] Sync done. Took 664ms
2024-06-09 18:36:06.854 [info] Auto Sync: Triggered by Interval
2024-06-09 18:36:06.854 [info] Sync started.
2024-06-09 18:36:07.258 [info] Settings: No changes found during synchronizing settings.
2024-06-09 18:36:07.264 [info] Keybindings: No changes found during synchronizing keybindings.
2024-06-09 18:36:07.270 [info] Snippets: No changes found during synchronizing snippets.
2024-06-09 18:36:07.274 [info] Tasks: No changes found during synchronizing tasks.
2024-06-09 18:36:07.280 [info] GlobalState: No changes found during synchronizing ui state.
2024-06-09 18:36:07.482 [info] Extensions: No changes found during synchronizing extensions.
2024-06-09 18:36:07.483 [info] Profiles: No changes found during synchronizing profiles.
2024-06-09 18:36:07.485 [info] Sync done. Took 631ms
2024-06-09 18:41:07.491 [info] Auto Sync: Triggered by Interval
2024-06-09 18:41:07.492 [info] Sync started.
2024-06-09 18:41:07.824 [info] Settings: No changes found during synchronizing settings.
2024-06-09 18:41:07.832 [info] Keybindings: No changes found during synchronizing keybindings.
2024-06-09 18:41:07.838 [info] Snippets: No changes found during synchronizing snippets.
2024-06-09 18:41:07.844 [info] Tasks: No changes found during synchronizing tasks.
2024-06-09 18:41:07.854 [info] GlobalState: No changes found during synchronizing ui state.
2024-06-09 18:41:08.055 [info] Extensions: No changes found during synchronizing extensions.
2024-06-09 18:41:08.056 [info] Profiles: No changes found during synchronizing profiles.
2024-06-09 18:41:08.058 [info] Sync done. Took 567ms
2024-06-09 18:46:08.073 [info] Auto Sync: Triggered by Interval
2024-06-09 18:46:08.074 [info] Sync started.
2024-06-09 18:46:08.422 [info] Settings: No changes found during synchronizing settings.
2024-06-09 18:46:08.429 [info] Keybindings: No changes found during synchronizing keybindings.
2024-06-09 18:46:08.435 [info] Snippets: No changes found during synchronizing snippets.
2024-06-09 18:46:08.439 [info] Tasks: No changes found during synchronizing tasks.
2024-06-09 18:46:08.447 [info] GlobalState: No changes found during synchronizing ui state.
2024-06-09 18:46:08.643 [info] Extensions: No changes found during synchronizing extensions.
2024-06-09 18:46:08.644 [info] Profiles: No changes found during synchronizing profiles.
2024-06-09 18:46:08.646 [info] Sync done. Took 574ms
2024-06-09 19:35:48.847 [info] Auto Sync: Triggered by Interval
2024-06-09 19:35:48.848 [info] Sync started.
2024-06-09 19:35:49.242 [info] Settings: No changes found during synchronizing settings.
2024-06-09 19:35:49.249 [info] Keybindings: No changes found during synchronizing keybindings.
2024-06-09 19:35:49.253 [info] Snippets: No changes found during synchronizing snippets.
2024-06-09 19:35:49.257 [info] Tasks: No changes found during synchronizing tasks.
2024-06-09 19:35:49.262 [info] GlobalState: No changes found during synchronizing ui state.
2024-06-09 19:35:49.452 [info] Extensions: No changes found during synchronizing extensions.
2024-06-09 19:35:49.454 [info] Profiles: No changes found during synchronizing profiles.
2024-06-09 19:35:49.456 [info] Sync done. Took 609ms
2024-06-09 19:38:37.150 [info] Auto Sync: Triggered by Activity
2024-06-09 19:38:37.151 [info] Sync started.
2024-06-09 19:38:37.553 [info] Settings: No changes found during synchronizing settings.
2024-06-09 19:38:37.558 [info] Keybindings: No changes found during synchronizing keybindings.
2024-06-09 19:38:37.562 [info] Snippets: No changes found during synchronizing snippets.
2024-06-09 19:38:37.565 [info] Tasks: No changes found during synchronizing tasks.
2024-06-09 19:38:37.572 [info] GlobalState: No changes found during synchronizing ui state.
2024-06-09 19:38:37.764 [info] Extensions: No changes found during synchronizing extensions.
2024-06-09 19:38:37.765 [info] Profiles: No changes found during synchronizing profiles.
2024-06-09 19:38:37.767 [info] Sync done. Took 618ms
2024-06-09 19:43:37.788 [info] Auto Sync: Triggered by Interval
2024-06-09 19:43:37.788 [info] Sync started.
2024-06-09 19:43:38.130 [info] Settings: No changes found during synchronizing settings.
2024-06-09 19:43:38.138 [info] Keybindings: No changes found during synchronizing keybindings.
2024-06-09 19:43:38.143 [info] Snippets: No changes found during synchronizing snippets.
2024-06-09 19:43:38.148 [info] Tasks: No changes found during synchronizing tasks.
2024-06-09 19:43:38.156 [info] GlobalState: No changes found during synchronizing ui state.
2024-06-09 19:43:38.365 [info] Extensions: No changes found during synchronizing extensions.
2024-06-09 19:43:38.367 [info] Profiles: No changes found during synchronizing profiles.
2024-06-09 19:43:38.370 [info] Sync done. Took 583ms
2024-06-09 19:48:38.406 [info] Auto Sync: Triggered by Interval
2024-06-09 19:48:38.406 [info] Sync started.
2024-06-09 19:48:38.972 [info] Settings: No changes found during synchronizing settings.
2024-06-09 19:48:38.984 [info] Keybindings: No changes found during synchronizing keybindings.
2024-06-09 19:48:38.989 [info] Snippets: No changes found during synchronizing snippets.
2024-06-09 19:48:38.993 [info] Tasks: No changes found during synchronizing tasks.
2024-06-09 19:48:39.000 [info] GlobalState: No changes found during synchronizing ui state.
2024-06-09 19:48:39.201 [info] Extensions: No changes found during synchronizing extensions.
2024-06-09 19:48:39.203 [info] Profiles: No changes found during synchronizing profiles.
2024-06-09 19:48:39.205 [info] Sync done. Took 800ms
2024-06-09 19:53:40.037 [info] Auto Sync: Triggered by Interval
2024-06-09 19:53:40.038 [info] Sync started.
2024-06-09 19:53:40.443 [info] Settings: No changes found during synchronizing settings.
2024-06-09 19:53:40.453 [info] Keybindings: No changes found during synchronizing keybindings.
2024-06-09 19:53:40.460 [info] Snippets: No changes found during synchronizing snippets.
2024-06-09 19:53:40.465 [info] Tasks: No changes found during synchronizing tasks.
2024-06-09 19:53:40.473 [info] GlobalState: No changes found during synchronizing ui state.
2024-06-09 19:53:40.678 [info] Extensions: No changes found during synchronizing extensions.
2024-06-09 19:53:40.681 [info] Profiles: No changes found during synchronizing profiles.
2024-06-09 19:53:40.683 [info] Sync done. Took 646ms
2024-06-09 19:58:40.719 [info] Auto Sync: Triggered by Interval
2024-06-09 19:58:40.719 [info] Sync started.
2024-06-09 19:58:41.083 [info] Settings: No changes found during synchronizing settings.
2024-06-09 19:58:41.091 [info] Keybindings: No changes found during synchronizing keybindings.
2024-06-09 19:58:41.097 [info] Snippets: No changes found during synchronizing snippets.
2024-06-09 19:58:41.102 [info] Tasks: No changes found during synchronizing tasks.
2024-06-09 19:58:41.108 [info] GlobalState: No changes found during synchronizing ui state.
2024-06-09 19:58:41.311 [info] Extensions: No changes found during synchronizing extensions.
2024-06-09 19:58:41.312 [info] Profiles: No changes found during synchronizing profiles.
2024-06-09 19:58:41.315 [info] Sync done. Took 596ms
2024-06-09 20:03:41.335 [info] Auto Sync: Triggered by Interval
2024-06-09 20:03:41.336 [info] Sync started.
2024-06-09 20:03:41.877 [info] Settings: No changes found during synchronizing settings.
2024-06-09 20:03:41.884 [info] Keybindings: No changes found during synchronizing keybindings.
2024-06-09 20:03:41.891 [info] Snippets: No changes found during synchronizing snippets.
2024-06-09 20:03:41.898 [info] Tasks: No changes found during synchronizing tasks.
2024-06-09 20:03:41.906 [info] GlobalState: No changes found during synchronizing ui state.
2024-06-09 20:03:42.112 [info] Extensions: No changes found during synchronizing extensions.
2024-06-09 20:03:42.114 [info] Profiles: No changes found during synchronizing profiles.
2024-06-09 20:03:42.116 [info] Sync done. Took 781ms
2024-06-09 20:08:42.154 [info] Auto Sync: Triggered by Interval
2024-06-09 20:08:42.155 [info] Sync started.
2024-06-09 20:08:42.676 [info] Settings: No changes found during synchronizing settings.
2024-06-09 20:08:42.683 [info] Keybindings: No changes found during synchronizing keybindings.
2024-06-09 20:08:42.689 [info] Snippets: No changes found during synchronizing snippets.
2024-06-09 20:08:42.696 [info] Tasks: No changes found during synchronizing tasks.
2024-06-09 20:08:42.707 [info] GlobalState: No changes found during synchronizing ui state.
2024-06-09 20:08:42.899 [info] Extensions: No changes found during synchronizing extensions.
2024-06-09 20:08:42.901 [info] Profiles: No changes found during synchronizing profiles.
2024-06-09 20:08:42.903 [info] Sync done. Took 749ms
2024-06-09 20:13:42.914 [info] Auto Sync: Triggered by Interval
2024-06-09 20:13:42.914 [info] Sync started.
2024-06-09 20:13:43.247 [info] Settings: No changes found during synchronizing settings.
2024-06-09 20:13:43.255 [info] Keybindings: No changes found during synchronizing keybindings.
2024-06-09 20:13:43.264 [info] Snippets: No changes found during synchronizing snippets.
2024-06-09 20:13:43.271 [info] Tasks: No changes found during synchronizing tasks.
2024-06-09 20:13:43.277 [info] GlobalState: No changes found during synchronizing ui state.
2024-06-09 20:13:43.474 [info] Extensions: No changes found during synchronizing extensions.
2024-06-09 20:13:43.476 [info] Profiles: No changes found during synchronizing profiles.
2024-06-09 20:13:43.478 [info] Sync done. Took 565ms
