2024-06-08 20:13:58.000 [info] Reading sessions from keychain...
2024-06-08 20:13:58.000 [info] Getting sessions for all scopes...
2024-06-08 20:13:58.000 [info] Getting sessions for all scopes...
2024-06-08 20:13:58.003 [info] Got stored sessions!
2024-06-08 20:13:58.003 [info] Got 1 verified sessions.
2024-06-08 20:13:58.003 [info] Got 1 sessions for ...
2024-06-08 20:13:58.003 [info] Got 1 sessions for ...
2024-06-08 20:13:58.229 [info] Getting sessions for read:user,repo,user:email...
2024-06-08 20:13:58.229 [info] Got 0 sessions for read:user,repo,user:email...
2024-06-08 20:13:58.760 [info] Getting sessions for project,read:org,read:user,repo,user:email,workflow...
2024-06-08 20:13:58.760 [info] Got 0 sessions for project,read:org,read:user,repo,user:email,workflow...
2024-06-08 20:13:58.996 [info] Getting sessions for read:user,repo,user:email,workflow...
2024-06-08 20:13:58.996 [info] Got 0 sessions for read:user,repo,user:email,workflow...
2024-06-08 20:13:59.047 [info] Getting sessions for read:user,repo,user:email...
2024-06-08 20:13:59.047 [info] Got 0 sessions for read:user,repo,user:email...
2024-06-08 20:13:59.354 [info] Getting sessions for read:user,repo,user:email,workflow...
2024-06-08 20:13:59.354 [info] Got 0 sessions for read:user,repo,user:email,workflow...
2024-06-08 20:13:59.462 [info] Getting sessions for read:user,repo,user:email,workflow...
2024-06-08 20:13:59.462 [info] Got 0 sessions for read:user,repo,user:email,workflow...
2024-06-08 20:14:01.037 [info] Getting sessions for user:email...
2024-06-08 20:14:01.037 [info] Got 1 sessions for user:email...
